<?xml version="1.0" encoding="UTF-8"?>
<testsuite name="unit.controller.DiabetesReportControllerUnitTest" tests="2" skipped="0" failures="0" errors="0" timestamp="2021-08-11T09:31:27" hostname="PC-ANTOINE" time="0.082">
  <properties/>
  <testcase name="assessDiabetes_success()" classname="unit.controller.DiabetesReportControllerUnitTest" time="0.078"/>
  <testcase name="assessDiabetes_failure()" classname="unit.controller.DiabetesReportControllerUnitTest" time="0.003"/>
  <system-out><![CDATA[2021-08-11 11:31:27.212  INFO 14776 --- [    Test worker] DiabetesReportController                 : DiabetesReportController(Mock for ObjectMapper, hashCode: 1567206700,Mock for DiabetesReportServiceInterface, hashCode: 2021366395)
2021-08-11 11:31:27.248  INFO 14776 --- [    Test worker] DiabetesReportController                 : assessDiabetes(Mock for DiabetesReport, hashCode: 1137683621)
2021-08-11 11:31:27.265  INFO 14776 --- [    Test worker] DiabetesReportController                 : DiabetesReportController(Mock for ObjectMapper, hashCode: 164235756,Mock for DiabetesReportServiceInterface, hashCode: 14217809)
2021-08-11 11:31:27.266  INFO 14776 --- [    Test worker] DiabetesReportController                 : assessDiabetes(Mock for DiabetesReport, hashCode: 369547288)
]]></system-out>
  <system-err><![CDATA[]]></system-err>
</testsuite>
