<?xml version="1.0" encoding="UTF-8"?>
<testsuite name="integration.DiabetesReportControllerIntegrationTest" tests="1" skipped="0" failures="0" errors="0" timestamp="2021-08-10T13:32:45" hostname="PC-ANTOINE" time="1.195">
  <properties/>
  <testcase name="assessDiabetes()" classname="integration.DiabetesReportControllerIntegrationTest" time="1.195"/>
  <system-out><![CDATA[15:32:39.364 [Test worker] DEBUG org.springframework.test.context.BootstrapUtils - Instantiating CacheAwareContextLoaderDelegate from class [org.springframework.test.context.cache.DefaultCacheAwareContextLoaderDelegate]
15:32:39.425 [Test worker] DEBUG org.springframework.test.context.BootstrapUtils - Instantiating BootstrapContext using constructor [public org.springframework.test.context.support.DefaultBootstrapContext(java.lang.Class,org.springframework.test.context.CacheAwareContextLoaderDelegate)]
15:32:39.539 [Test worker] DEBUG org.springframework.test.context.BootstrapUtils - Instantiating TestContextBootstrapper for test class [integration.DiabetesReportControllerIntegrationTest] from class [org.springframework.boot.test.context.SpringBootTestContextBootstrapper]
15:32:39.608 [Test worker] INFO org.springframework.boot.test.context.SpringBootTestContextBootstrapper - Neither @ContextConfiguration nor @ContextHierarchy found for test class [integration.DiabetesReportControllerIntegrationTest], using SpringBootContextLoader
15:32:39.650 [Test worker] DEBUG org.springframework.test.context.support.AbstractContextLoader - Did not detect default resource location for test class [integration.DiabetesReportControllerIntegrationTest]: class path resource [integration/DiabetesReportControllerIntegrationTest-context.xml] does not exist
15:32:39.651 [Test worker] DEBUG org.springframework.test.context.support.AbstractContextLoader - Did not detect default resource location for test class [integration.DiabetesReportControllerIntegrationTest]: class path resource [integration/DiabetesReportControllerIntegrationTestContext.groovy] does not exist
15:32:39.651 [Test worker] INFO org.springframework.test.context.support.AbstractContextLoader - Could not detect default resource locations for test class [integration.DiabetesReportControllerIntegrationTest]: no resource found for suffixes {-context.xml, Context.groovy}.
15:32:39.768 [Test worker] DEBUG org.springframework.test.context.support.ActiveProfilesUtils - Could not find an 'annotation declaring class' for annotation type [org.springframework.test.context.ActiveProfiles] and class [integration.DiabetesReportControllerIntegrationTest]
15:32:40.024 [Test worker] DEBUG org.springframework.boot.test.context.SpringBootTestContextBootstrapper - @TestExecutionListeners is not present for class [integration.DiabetesReportControllerIntegrationTest]: using defaults.
15:32:40.026 [Test worker] INFO org.springframework.boot.test.context.SpringBootTestContextBootstrapper - Loaded default TestExecutionListener class names from location [META-INF/spring.factories]: [org.springframework.boot.test.autoconfigure.restdocs.RestDocsTestExecutionListener, org.springframework.boot.test.autoconfigure.web.client.MockRestServiceServerResetTestExecutionListener, org.springframework.boot.test.autoconfigure.web.servlet.MockMvcPrintOnlyOnFailureTestExecutionListener, org.springframework.boot.test.autoconfigure.web.servlet.WebDriverTestExecutionListener, org.springframework.boot.test.autoconfigure.webservices.client.MockWebServiceServerTestExecutionListener, org.springframework.boot.test.mock.mockito.MockitoTestExecutionListener, org.springframework.boot.test.mock.mockito.ResetMocksTestExecutionListener, org.springframework.test.context.web.ServletTestExecutionListener, org.springframework.test.context.support.DirtiesContextBeforeModesTestExecutionListener, org.springframework.test.context.support.DependencyInjectionTestExecutionListener, org.springframework.test.context.support.DirtiesContextTestExecutionListener, org.springframework.test.context.transaction.TransactionalTestExecutionListener, org.springframework.test.context.jdbc.SqlScriptsTestExecutionListener, org.springframework.test.context.event.EventPublishingTestExecutionListener]
15:32:40.060 [Test worker] DEBUG org.springframework.boot.test.context.SpringBootTestContextBootstrapper - Skipping candidate TestExecutionListener [org.springframework.test.context.transaction.TransactionalTestExecutionListener] due to a missing dependency. Specify custom listener classes or make the default listener classes and their required dependencies available. Offending class: [org/springframework/transaction/interceptor/TransactionAttributeSource]
15:32:40.061 [Test worker] DEBUG org.springframework.boot.test.context.SpringBootTestContextBootstrapper - Skipping candidate TestExecutionListener [org.springframework.test.context.jdbc.SqlScriptsTestExecutionListener] due to a missing dependency. Specify custom listener classes or make the default listener classes and their required dependencies available. Offending class: [org/springframework/transaction/interceptor/TransactionAttribute]
15:32:40.062 [Test worker] INFO org.springframework.boot.test.context.SpringBootTestContextBootstrapper - Using TestExecutionListeners: [org.springframework.test.context.web.ServletTestExecutionListener@2c4df71b, org.springframework.test.context.support.DirtiesContextBeforeModesTestExecutionListener@53b47bf5, org.springframework.boot.test.mock.mockito.MockitoTestExecutionListener@3d08446f, org.springframework.boot.test.autoconfigure.SpringBootDependencyInjectionTestExecutionListener@5bb6ac09, org.springframework.test.context.support.DirtiesContextTestExecutionListener@18006d4b, org.springframework.test.context.event.EventPublishingTestExecutionListener@681bc66d, org.springframework.boot.test.autoconfigure.restdocs.RestDocsTestExecutionListener@17cfcc3d, org.springframework.boot.test.autoconfigure.web.client.MockRestServiceServerResetTestExecutionListener@7977fc29, org.springframework.boot.test.autoconfigure.web.servlet.MockMvcPrintOnlyOnFailureTestExecutionListener@6286ac79, org.springframework.boot.test.autoconfigure.web.servlet.WebDriverTestExecutionListener@549836ea, org.springframework.boot.test.autoconfigure.webservices.client.MockWebServiceServerTestExecutionListener@3d5fa660, org.springframework.boot.test.mock.mockito.ResetMocksTestExecutionListener@7b0f9356]
15:32:40.072 [Test worker] DEBUG org.springframework.test.context.support.AbstractDirtiesContextTestExecutionListener - Before test class: context [DefaultTestContext@554bef51 testClass = DiabetesReportControllerIntegrationTest, testInstance = [null], testMethod = [null], testException = [null], mergedContextConfiguration = [WebMergedContextConfiguration@3a5e38be testClass = DiabetesReportControllerIntegrationTest, locations = '{}', classes = '{class patientReport.Application}', contextInitializerClasses = '[]', activeProfiles = '{}', propertySourceLocations = '{}', propertySourceProperties = '{org.springframework.boot.test.context.SpringBootTestContextBootstrapper=true}', contextCustomizers = set[org.springframework.boot.test.autoconfigure.properties.PropertyMappingContextCustomizer@0, org.springframework.boot.test.autoconfigure.web.servlet.WebDriverContextCustomizerFactory$Customizer@373d4cfe, org.springframework.boot.test.context.filter.ExcludeFilterContextCustomizer@7895571, org.springframework.boot.test.json.DuplicateJsonObjectContextCustomizerFactory$DuplicateJsonObjectContextCustomizer@5deaad48, org.springframework.boot.test.mock.mockito.MockitoContextCustomizer@0, org.springframework.boot.test.web.client.TestRestTemplateContextCustomizer@17e9edd7, org.springframework.boot.test.context.SpringBootTestArgs@1, org.springframework.boot.test.context.SpringBootTestWebEnvironment@3a5414da], resourceBasePath = 'src/main/webapp', contextLoader = 'org.springframework.boot.test.context.SpringBootContextLoader', parent = [null]], attributes = map['org.springframework.test.context.web.ServletTestExecutionListener.activateListener' -> true]], class annotated with @DirtiesContext [false] with mode [null].
15:32:40.654 [Test worker] DEBUG org.springframework.test.context.support.TestPropertySourceUtils - Adding inlined properties to environment: {spring.jmx.enabled=false, org.springframework.boot.test.context.SpringBootTestContextBootstrapper=true}

  .   ____          _            __ _ _
 /\\ / ___'_ __ _ _(_)_ __  __ _ \ \ \ \
( ( )\___ | '_ | '_| | '_ \/ _` | \ \ \ \
 \\/  ___)| |_)| | | | | || (_| |  ) ) ) )
  '  |____| .__|_| |_|_| |_\__, | / / / /
 =========|_|==============|___/=/_/_/_/
 :: Spring Boot ::        (v2.3.9.RELEASE)

2021-08-10 15:32:41.266  INFO 3412 --- [    Test worker] .DiabetesReportControllerIntegrationTest : Starting DiabetesReportControllerIntegrationTest on PC-ANTOINE with PID 3412 (started by Antoine in C:\Users\krawo\IdeaProjects\P9_Mediscreen\PatientReport)
2021-08-10 15:32:41.268  INFO 3412 --- [    Test worker] .DiabetesReportControllerIntegrationTest : No active profile set, falling back to default profiles: default
2021-08-10 15:32:43.158  INFO 3412 --- [    Test worker] DiabetesReportController                 : DiabetesReportController()
2021-08-10 15:32:43.159  INFO 3412 --- [    Test worker] DiabetesReportService                    : DiabetesReportService()
2021-08-10 15:32:43.159  INFO 3412 --- [    Test worker] FileLineReader                           : FileLineReader()
2021-08-10 15:32:43.168  INFO 3412 --- [    Test worker] DiabetesReportService                    : DiabetesReportService()
2021-08-10 15:32:43.169  INFO 3412 --- [    Test worker] FileLineReader                           : FileLineReader()
2021-08-10 15:32:43.174  INFO 3412 --- [    Test worker] FileLineReader                           : FileLineReader()
2021-08-10 15:32:44.122  INFO 3412 --- [    Test worker] o.s.s.concurrent.ThreadPoolTaskExecutor  : Initializing ExecutorService 'applicationTaskExecutor'
2021-08-10 15:32:44.984  INFO 3412 --- [    Test worker] o.s.b.a.e.web.EndpointLinksResolver      : Exposing 2 endpoint(s) beneath base path '/actuator'
2021-08-10 15:32:45.086  INFO 3412 --- [    Test worker] .DiabetesReportControllerIntegrationTest : Started DiabetesReportControllerIntegrationTest in 4.403 seconds (JVM running for 7.502)
2021-08-10 15:32:45.920  INFO 3412 --- [    Test worker] o.s.b.t.m.w.SpringBootMockServletContext : Initializing Spring TestDispatcherServlet ''
2021-08-10 15:32:45.921  INFO 3412 --- [    Test worker] o.s.t.web.servlet.TestDispatcherServlet  : Initializing Servlet ''
2021-08-10 15:32:45.945  INFO 3412 --- [    Test worker] o.s.t.web.servlet.TestDispatcherServlet  : Completed initialization in 24 ms
2021-08-10 15:32:46.231  INFO 3412 --- [    Test worker] DiabetesReportController                 : assessDiabetes(patientReport.model.DiabetesReport@796afe6)
2021-08-10 15:32:46.231  INFO 3412 --- [    Test worker] DiabetesReportService                    : assessDiabetes(patientReport.model.DiabetesReport@796afe6)
2021-08-10 15:32:46.231  INFO 3412 --- [    Test worker] DiabetesReportService                    : setGeneralTriggerTerm(patientReport.model.DiabetesReport@796afe6)
2021-08-10 15:32:46.238  INFO 3412 --- [    Test worker] DiabetesReportService                    : findMedicalTriggerTerm(patientReport.model.DiabetesReport@796afe6)
2021-08-10 15:32:46.238  INFO 3412 --- [    Test worker] FileLineReader                           : getTriggerTermList()
2021-08-10 15:32:46.242  INFO 3412 --- [    Test worker] DiabetesReportService                    : evaluateRiskLevel(patientReport.model.DiabetesReport@796afe6)
]]></system-out>
  <system-err><![CDATA[]]></system-err>
</testsuite>
