<?xml version="1.0" encoding="UTF-8"?>
<testsuite name="unit.service.DiabetesReportServiceUnitTest" tests="2" skipped="0" failures="0" errors="0" timestamp="2021-08-10T13:32:47" hostname="PC-ANTOINE" time="0.085">
  <properties/>
  <testcase name="assessDiabetes_success()" classname="unit.service.DiabetesReportServiceUnitTest" time="0.077"/>
  <testcase name="assessDiabetes_failure()" classname="unit.service.DiabetesReportServiceUnitTest" time="0.007"/>
  <system-out><![CDATA[2021-08-10 15:32:47.516  INFO 3412 --- [    Test worker] DiabetesReportService                    : DiabetesReportService(Mock for FileLineReaderInterface, hashCode: 85003857)
2021-08-10 15:32:47.586  INFO 3412 --- [    Test worker] DiabetesReportService                    : assessDiabetes(Mock for DiabetesReport, hashCode: 121959555)
2021-08-10 15:32:47.586  INFO 3412 --- [    Test worker] DiabetesReportService                    : setGeneralTriggerTerm(Mock for DiabetesReport, hashCode: 121959555)
2021-08-10 15:32:47.588  INFO 3412 --- [    Test worker] DiabetesReportService                    : findMedicalTriggerTerm(Mock for DiabetesReport, hashCode: 121959555)
2021-08-10 15:32:47.590  INFO 3412 --- [    Test worker] DiabetesReportService                    : evaluateRiskLevel(Mock for DiabetesReport, hashCode: 121959555)
2021-08-10 15:32:47.594  INFO 3412 --- [    Test worker] DiabetesReportService                    : DiabetesReportService(Mock for FileLineReaderInterface, hashCode: 446130720)
2021-08-10 15:32:47.596  INFO 3412 --- [    Test worker] DiabetesReportService                    : assessDiabetes(Mock for DiabetesReport, hashCode: 196309411)
2021-08-10 15:32:47.597  INFO 3412 --- [    Test worker] DiabetesReportService                    : setGeneralTriggerTerm(Mock for DiabetesReport, hashCode: 196309411)
2021-08-10 15:32:47.598  INFO 3412 --- [    Test worker] DiabetesReportService                    : findMedicalTriggerTerm(Mock for DiabetesReport, hashCode: 196309411)
2021-08-10 15:32:47.598  INFO 3412 --- [    Test worker] DiabetesReportService                    : evaluateRiskLevel(Mock for DiabetesReport, hashCode: 196309411)
]]></system-out>
  <system-err><![CDATA[]]></system-err>
</testsuite>
