<?xml version="1.0" encoding="UTF-8"?>
<testsuite name="integration.DiabetesReportControllerIntegrationTest" tests="1" skipped="0" failures="0" errors="0" timestamp="2021-08-05T15:02:10" hostname="PC-ANTOINE" time="1.439">
  <properties/>
  <testcase name="assessDiabetes()" classname="integration.DiabetesReportControllerIntegrationTest" time="1.439"/>
  <system-out><![CDATA[17:02:04.068 [Test worker] DEBUG org.springframework.test.context.BootstrapUtils - Instantiating CacheAwareContextLoaderDelegate from class [org.springframework.test.context.cache.DefaultCacheAwareContextLoaderDelegate]
17:02:04.117 [Test worker] DEBUG org.springframework.test.context.BootstrapUtils - Instantiating BootstrapContext using constructor [public org.springframework.test.context.support.DefaultBootstrapContext(java.lang.Class,org.springframework.test.context.CacheAwareContextLoaderDelegate)]
17:02:04.191 [Test worker] DEBUG org.springframework.test.context.BootstrapUtils - Instantiating TestContextBootstrapper for test class [integration.DiabetesReportControllerIntegrationTest] from class [org.springframework.boot.test.context.SpringBootTestContextBootstrapper]
17:02:04.226 [Test worker] INFO org.springframework.boot.test.context.SpringBootTestContextBootstrapper - Neither @ContextConfiguration nor @ContextHierarchy found for test class [integration.DiabetesReportControllerIntegrationTest], using SpringBootContextLoader
17:02:04.235 [Test worker] DEBUG org.springframework.test.context.support.AbstractContextLoader - Did not detect default resource location for test class [integration.DiabetesReportControllerIntegrationTest]: class path resource [integration/DiabetesReportControllerIntegrationTest-context.xml] does not exist
17:02:04.236 [Test worker] DEBUG org.springframework.test.context.support.AbstractContextLoader - Did not detect default resource location for test class [integration.DiabetesReportControllerIntegrationTest]: class path resource [integration/DiabetesReportControllerIntegrationTestContext.groovy] does not exist
17:02:04.236 [Test worker] INFO org.springframework.test.context.support.AbstractContextLoader - Could not detect default resource locations for test class [integration.DiabetesReportControllerIntegrationTest]: no resource found for suffixes {-context.xml, Context.groovy}.
17:02:04.323 [Test worker] DEBUG org.springframework.test.context.support.ActiveProfilesUtils - Could not find an 'annotation declaring class' for annotation type [org.springframework.test.context.ActiveProfiles] and class [integration.DiabetesReportControllerIntegrationTest]
17:02:04.633 [Test worker] DEBUG org.springframework.boot.test.context.SpringBootTestContextBootstrapper - @TestExecutionListeners is not present for class [integration.DiabetesReportControllerIntegrationTest]: using defaults.
17:02:04.634 [Test worker] INFO org.springframework.boot.test.context.SpringBootTestContextBootstrapper - Loaded default TestExecutionListener class names from location [META-INF/spring.factories]: [org.springframework.boot.test.autoconfigure.restdocs.RestDocsTestExecutionListener, org.springframework.boot.test.autoconfigure.web.client.MockRestServiceServerResetTestExecutionListener, org.springframework.boot.test.autoconfigure.web.servlet.MockMvcPrintOnlyOnFailureTestExecutionListener, org.springframework.boot.test.autoconfigure.web.servlet.WebDriverTestExecutionListener, org.springframework.boot.test.autoconfigure.webservices.client.MockWebServiceServerTestExecutionListener, org.springframework.boot.test.mock.mockito.MockitoTestExecutionListener, org.springframework.boot.test.mock.mockito.ResetMocksTestExecutionListener, org.springframework.test.context.web.ServletTestExecutionListener, org.springframework.test.context.support.DirtiesContextBeforeModesTestExecutionListener, org.springframework.test.context.support.DependencyInjectionTestExecutionListener, org.springframework.test.context.support.DirtiesContextTestExecutionListener, org.springframework.test.context.transaction.TransactionalTestExecutionListener, org.springframework.test.context.jdbc.SqlScriptsTestExecutionListener, org.springframework.test.context.event.EventPublishingTestExecutionListener]
17:02:04.669 [Test worker] DEBUG org.springframework.boot.test.context.SpringBootTestContextBootstrapper - Skipping candidate TestExecutionListener [org.springframework.test.context.transaction.TransactionalTestExecutionListener] due to a missing dependency. Specify custom listener classes or make the default listener classes and their required dependencies available. Offending class: [org/springframework/transaction/interceptor/TransactionAttributeSource]
17:02:04.670 [Test worker] DEBUG org.springframework.boot.test.context.SpringBootTestContextBootstrapper - Skipping candidate TestExecutionListener [org.springframework.test.context.jdbc.SqlScriptsTestExecutionListener] due to a missing dependency. Specify custom listener classes or make the default listener classes and their required dependencies available. Offending class: [org/springframework/transaction/interceptor/TransactionAttribute]
17:02:04.671 [Test worker] INFO org.springframework.boot.test.context.SpringBootTestContextBootstrapper - Using TestExecutionListeners: [org.springframework.test.context.web.ServletTestExecutionListener@74e8280c, org.springframework.test.context.support.DirtiesContextBeforeModesTestExecutionListener@d158e2a, org.springframework.boot.test.mock.mockito.MockitoTestExecutionListener@133163c4, org.springframework.boot.test.autoconfigure.SpringBootDependencyInjectionTestExecutionListener@4a9ffba0, org.springframework.test.context.support.DirtiesContextTestExecutionListener@7f0212b7, org.springframework.test.context.event.EventPublishingTestExecutionListener@5ec7a7a3, org.springframework.boot.test.autoconfigure.restdocs.RestDocsTestExecutionListener@46f0d0fc, org.springframework.boot.test.autoconfigure.web.client.MockRestServiceServerResetTestExecutionListener@73077179, org.springframework.boot.test.autoconfigure.web.servlet.MockMvcPrintOnlyOnFailureTestExecutionListener@1cff4204, org.springframework.boot.test.autoconfigure.web.servlet.WebDriverTestExecutionListener@7fe60487, org.springframework.boot.test.autoconfigure.webservices.client.MockWebServiceServerTestExecutionListener@3fd15cb7, org.springframework.boot.test.mock.mockito.ResetMocksTestExecutionListener@77157e8d]
17:02:04.681 [Test worker] DEBUG org.springframework.test.context.support.AbstractDirtiesContextTestExecutionListener - Before test class: context [DefaultTestContext@45c00aa0 testClass = DiabetesReportControllerIntegrationTest, testInstance = [null], testMethod = [null], testException = [null], mergedContextConfiguration = [WebMergedContextConfiguration@3c775e73 testClass = DiabetesReportControllerIntegrationTest, locations = '{}', classes = '{class patientReport.Application}', contextInitializerClasses = '[]', activeProfiles = '{}', propertySourceLocations = '{}', propertySourceProperties = '{org.springframework.boot.test.context.SpringBootTestContextBootstrapper=true}', contextCustomizers = set[org.springframework.boot.test.autoconfigure.properties.PropertyMappingContextCustomizer@0, org.springframework.boot.test.autoconfigure.web.servlet.WebDriverContextCustomizerFactory$Customizer@c2e631b, org.springframework.boot.test.context.filter.ExcludeFilterContextCustomizer@6fbdb3ca, org.springframework.boot.test.json.DuplicateJsonObjectContextCustomizerFactory$DuplicateJsonObjectContextCustomizer@76b35ed4, org.springframework.boot.test.mock.mockito.MockitoContextCustomizer@0, org.springframework.boot.test.web.client.TestRestTemplateContextCustomizer@7554ae22, org.springframework.boot.test.context.SpringBootTestArgs@1, org.springframework.boot.test.context.SpringBootTestWebEnvironment@1d39295e], resourceBasePath = 'src/main/webapp', contextLoader = 'org.springframework.boot.test.context.SpringBootContextLoader', parent = [null]], attributes = map['org.springframework.test.context.web.ServletTestExecutionListener.activateListener' -> true]], class annotated with @DirtiesContext [false] with mode [null].
17:02:05.355 [Test worker] DEBUG org.springframework.test.context.support.TestPropertySourceUtils - Adding inlined properties to environment: {spring.jmx.enabled=false, org.springframework.boot.test.context.SpringBootTestContextBootstrapper=true}

  .   ____          _            __ _ _
 /\\ / ___'_ __ _ _(_)_ __  __ _ \ \ \ \
( ( )\___ | '_ | '_| | '_ \/ _` | \ \ \ \
 \\/  ___)| |_)| | | | | || (_| |  ) ) ) )
  '  |____| .__|_| |_|_| |_\__, | / / / /
 =========|_|==============|___/=/_/_/_/
 :: Spring Boot ::        (v2.3.9.RELEASE)

2021-08-05 17:02:06.138  INFO 11808 --- [    Test worker] .DiabetesReportControllerIntegrationTest : Starting DiabetesReportControllerIntegrationTest on PC-ANTOINE with PID 11808 (started by Antoine in C:\Users\krawo\IdeaProjects\P9_Mediscreen\PatientReport)
2021-08-05 17:02:06.141  INFO 11808 --- [    Test worker] .DiabetesReportControllerIntegrationTest : No active profile set, falling back to default profiles: default
2021-08-05 17:02:08.507  INFO 11808 --- [    Test worker] DiabetesReportController                 : DiabetesReportController()
2021-08-05 17:02:08.508  INFO 11808 --- [    Test worker] DiabetesReportService                    : DiabetesReportService()
2021-08-05 17:02:08.518  INFO 11808 --- [    Test worker] DiabetesReportService                    : DiabetesReportService()
2021-08-05 17:02:09.569  INFO 11808 --- [    Test worker] o.s.s.concurrent.ThreadPoolTaskExecutor  : Initializing ExecutorService 'applicationTaskExecutor'
2021-08-05 17:02:10.588  INFO 11808 --- [    Test worker] o.s.b.a.e.web.EndpointLinksResolver      : Exposing 2 endpoint(s) beneath base path '/actuator'
2021-08-05 17:02:10.708  INFO 11808 --- [    Test worker] .DiabetesReportControllerIntegrationTest : Started DiabetesReportControllerIntegrationTest in 5.322 seconds (JVM running for 8.719)
2021-08-05 17:02:11.671  INFO 11808 --- [    Test worker] o.s.b.t.m.w.SpringBootMockServletContext : Initializing Spring TestDispatcherServlet ''
2021-08-05 17:02:11.672  INFO 11808 --- [    Test worker] o.s.t.web.servlet.TestDispatcherServlet  : Initializing Servlet ''
2021-08-05 17:02:11.695  INFO 11808 --- [    Test worker] o.s.t.web.servlet.TestDispatcherServlet  : Completed initialization in 23 ms
2021-08-05 17:02:12.026  INFO 11808 --- [    Test worker] DiabetesReportController                 : assessDiabetes(patientReport.model.DiabetesReport@2b28925f)
2021-08-05 17:02:12.026  INFO 11808 --- [    Test worker] DiabetesReportService                    : setGeneralTriggerTerm(patientReport.model.DiabetesReport@2b28925f)
2021-08-05 17:02:12.035  INFO 11808 --- [    Test worker] DiabetesReportService                    : findMedicalTriggerTerm(patientReport.model.DiabetesReport@2b28925f)
2021-08-05 17:02:12.041  INFO 11808 --- [    Test worker] DiabetesReportService                    : evaluateRiskLevel(patientReport.model.DiabetesReport@2b28925f)
]]></system-out>
  <system-err><![CDATA[]]></system-err>
</testsuite>
