<?xml version="1.0" encoding="UTF-8"?>
<testsuite name="unit.service.DiabetesReportServiceUnitTest" tests="2" skipped="0" failures="0" errors="0" timestamp="2021-08-10T10:24:34" hostname="PC-ANTOINE" time="0.087">
  <properties/>
  <testcase name="assessDiabetes_success()" classname="unit.service.DiabetesReportServiceUnitTest" time="0.077"/>
  <testcase name="assessDiabetes_failure()" classname="unit.service.DiabetesReportServiceUnitTest" time="0.009"/>
  <system-out><![CDATA[2021-08-10 12:24:34.187  INFO 8456 --- [    Test worker] DiabetesReportService                    : DiabetesReportService(Mock for FileLineReaderInterface, hashCode: 1186468433)
2021-08-10 12:24:34.257  INFO 8456 --- [    Test worker] DiabetesReportService                    : assessDiabetes(Mock for DiabetesReport, hashCode: 366834838)
2021-08-10 12:24:34.258  INFO 8456 --- [    Test worker] DiabetesReportService                    : setGeneralTriggerTerm(Mock for DiabetesReport, hashCode: 366834838)
2021-08-10 12:24:34.259  INFO 8456 --- [    Test worker] DiabetesReportService                    : findMedicalTriggerTerm(Mock for DiabetesReport, hashCode: 366834838)
2021-08-10 12:24:34.260  INFO 8456 --- [    Test worker] DiabetesReportService                    : evaluateRiskLevel(Mock for DiabetesReport, hashCode: 366834838)
2021-08-10 12:24:34.264  INFO 8456 --- [    Test worker] DiabetesReportService                    : DiabetesReportService(Mock for FileLineReaderInterface, hashCode: 1835113981)
2021-08-10 12:24:34.268  INFO 8456 --- [    Test worker] DiabetesReportService                    : assessDiabetes(Mock for DiabetesReport, hashCode: 929609067)
2021-08-10 12:24:34.269  INFO 8456 --- [    Test worker] DiabetesReportService                    : setGeneralTriggerTerm(Mock for DiabetesReport, hashCode: 929609067)
2021-08-10 12:24:34.270  INFO 8456 --- [    Test worker] DiabetesReportService                    : findMedicalTriggerTerm(Mock for DiabetesReport, hashCode: 929609067)
2021-08-10 12:24:34.271  INFO 8456 --- [    Test worker] DiabetesReportService                    : evaluateRiskLevel(Mock for DiabetesReport, hashCode: 929609067)
]]></system-out>
  <system-err><![CDATA[]]></system-err>
</testsuite>
