<?xml version="1.0" encoding="UTF-8"?>
<testsuite name="unit.service.DiabetesReportServiceUnitTest" tests="3" skipped="0" failures="0" errors="0" timestamp="2021-08-05T08:49:51" hostname="PC-ANTOINE" time="0.214">
  <properties/>
  <testcase name="findMedicalTriggerTerm()" classname="unit.service.DiabetesReportServiceUnitTest" time="0.116"/>
  <testcase name="setGeneralTriggerTerm()" classname="unit.service.DiabetesReportServiceUnitTest" time="0.006"/>
  <testcase name="evaluateRiskLevel()" classname="unit.service.DiabetesReportServiceUnitTest" time="0.092"/>
  <system-out><![CDATA[]]></system-out>
  <system-err><![CDATA[]]></system-err>
</testsuite>
