<?xml version="1.0" encoding="UTF-8"?>
<testsuite name="integration.DiabetesReportControllerIntegrationTest" tests="1" skipped="0" failures="0" errors="0" timestamp="2021-08-11T09:31:25" hostname="PC-ANTOINE" time="1.086">
  <properties/>
  <testcase name="assessDiabetes()" classname="integration.DiabetesReportControllerIntegrationTest" time="1.086"/>
  <system-out><![CDATA[11:31:20.059 [Test worker] DEBUG org.springframework.test.context.BootstrapUtils - Instantiating CacheAwareContextLoaderDelegate from class [org.springframework.test.context.cache.DefaultCacheAwareContextLoaderDelegate]
11:31:20.098 [Test worker] DEBUG org.springframework.test.context.BootstrapUtils - Instantiating BootstrapContext using constructor [public org.springframework.test.context.support.DefaultBootstrapContext(java.lang.Class,org.springframework.test.context.CacheAwareContextLoaderDelegate)]
11:31:20.169 [Test worker] DEBUG org.springframework.test.context.BootstrapUtils - Instantiating TestContextBootstrapper for test class [integration.DiabetesReportControllerIntegrationTest] from class [org.springframework.boot.test.context.SpringBootTestContextBootstrapper]
11:31:20.204 [Test worker] INFO org.springframework.boot.test.context.SpringBootTestContextBootstrapper - Neither @ContextConfiguration nor @ContextHierarchy found for test class [integration.DiabetesReportControllerIntegrationTest], using SpringBootContextLoader
11:31:20.211 [Test worker] DEBUG org.springframework.test.context.support.AbstractContextLoader - Did not detect default resource location for test class [integration.DiabetesReportControllerIntegrationTest]: class path resource [integration/DiabetesReportControllerIntegrationTest-context.xml] does not exist
11:31:20.212 [Test worker] DEBUG org.springframework.test.context.support.AbstractContextLoader - Did not detect default resource location for test class [integration.DiabetesReportControllerIntegrationTest]: class path resource [integration/DiabetesReportControllerIntegrationTestContext.groovy] does not exist
11:31:20.213 [Test worker] INFO org.springframework.test.context.support.AbstractContextLoader - Could not detect default resource locations for test class [integration.DiabetesReportControllerIntegrationTest]: no resource found for suffixes {-context.xml, Context.groovy}.
11:31:20.299 [Test worker] DEBUG org.springframework.test.context.support.ActiveProfilesUtils - Could not find an 'annotation declaring class' for annotation type [org.springframework.test.context.ActiveProfiles] and class [integration.DiabetesReportControllerIntegrationTest]
11:31:20.571 [Test worker] DEBUG org.springframework.boot.test.context.SpringBootTestContextBootstrapper - @TestExecutionListeners is not present for class [integration.DiabetesReportControllerIntegrationTest]: using defaults.
11:31:20.572 [Test worker] INFO org.springframework.boot.test.context.SpringBootTestContextBootstrapper - Loaded default TestExecutionListener class names from location [META-INF/spring.factories]: [org.springframework.boot.test.autoconfigure.restdocs.RestDocsTestExecutionListener, org.springframework.boot.test.autoconfigure.web.client.MockRestServiceServerResetTestExecutionListener, org.springframework.boot.test.autoconfigure.web.servlet.MockMvcPrintOnlyOnFailureTestExecutionListener, org.springframework.boot.test.autoconfigure.web.servlet.WebDriverTestExecutionListener, org.springframework.boot.test.autoconfigure.webservices.client.MockWebServiceServerTestExecutionListener, org.springframework.boot.test.mock.mockito.MockitoTestExecutionListener, org.springframework.boot.test.mock.mockito.ResetMocksTestExecutionListener, org.springframework.test.context.web.ServletTestExecutionListener, org.springframework.test.context.support.DirtiesContextBeforeModesTestExecutionListener, org.springframework.test.context.support.DependencyInjectionTestExecutionListener, org.springframework.test.context.support.DirtiesContextTestExecutionListener, org.springframework.test.context.transaction.TransactionalTestExecutionListener, org.springframework.test.context.jdbc.SqlScriptsTestExecutionListener, org.springframework.test.context.event.EventPublishingTestExecutionListener]
11:31:20.613 [Test worker] DEBUG org.springframework.boot.test.context.SpringBootTestContextBootstrapper - Skipping candidate TestExecutionListener [org.springframework.test.context.transaction.TransactionalTestExecutionListener] due to a missing dependency. Specify custom listener classes or make the default listener classes and their required dependencies available. Offending class: [org/springframework/transaction/interceptor/TransactionAttributeSource]
11:31:20.614 [Test worker] DEBUG org.springframework.boot.test.context.SpringBootTestContextBootstrapper - Skipping candidate TestExecutionListener [org.springframework.test.context.jdbc.SqlScriptsTestExecutionListener] due to a missing dependency. Specify custom listener classes or make the default listener classes and their required dependencies available. Offending class: [org/springframework/transaction/interceptor/TransactionAttribute]
11:31:20.615 [Test worker] INFO org.springframework.boot.test.context.SpringBootTestContextBootstrapper - Using TestExecutionListeners: [org.springframework.test.context.web.ServletTestExecutionListener@70af2ee2, org.springframework.test.context.support.DirtiesContextBeforeModesTestExecutionListener@d98429d, org.springframework.boot.test.mock.mockito.MockitoTestExecutionListener@278ae503, org.springframework.boot.test.autoconfigure.SpringBootDependencyInjectionTestExecutionListener@7b9d7f44, org.springframework.test.context.support.DirtiesContextTestExecutionListener@72cc96eb, org.springframework.test.context.event.EventPublishingTestExecutionListener@3d0fae85, org.springframework.boot.test.autoconfigure.restdocs.RestDocsTestExecutionListener@4ddde6da, org.springframework.boot.test.autoconfigure.web.client.MockRestServiceServerResetTestExecutionListener@5d2ac77a, org.springframework.boot.test.autoconfigure.web.servlet.MockMvcPrintOnlyOnFailureTestExecutionListener@4bc779fa, org.springframework.boot.test.autoconfigure.web.servlet.WebDriverTestExecutionListener@b7c9d81, org.springframework.boot.test.autoconfigure.webservices.client.MockWebServiceServerTestExecutionListener@29b54102, org.springframework.boot.test.mock.mockito.ResetMocksTestExecutionListener@22af4259]
11:31:20.622 [Test worker] DEBUG org.springframework.test.context.support.AbstractDirtiesContextTestExecutionListener - Before test class: context [DefaultTestContext@2614502b testClass = DiabetesReportControllerIntegrationTest, testInstance = [null], testMethod = [null], testException = [null], mergedContextConfiguration = [WebMergedContextConfiguration@685d0695 testClass = DiabetesReportControllerIntegrationTest, locations = '{}', classes = '{class patientReport.Application}', contextInitializerClasses = '[]', activeProfiles = '{}', propertySourceLocations = '{}', propertySourceProperties = '{org.springframework.boot.test.context.SpringBootTestContextBootstrapper=true}', contextCustomizers = set[org.springframework.boot.test.autoconfigure.properties.PropertyMappingContextCustomizer@0, org.springframework.boot.test.autoconfigure.web.servlet.WebDriverContextCustomizerFactory$Customizer@d6ca0bc, org.springframework.boot.test.context.filter.ExcludeFilterContextCustomizer@6115a778, org.springframework.boot.test.json.DuplicateJsonObjectContextCustomizerFactory$DuplicateJsonObjectContextCustomizer@39ac45, org.springframework.boot.test.mock.mockito.MockitoContextCustomizer@0, org.springframework.boot.test.web.client.TestRestTemplateContextCustomizer@2a91b384, org.springframework.boot.test.context.SpringBootTestArgs@1, org.springframework.boot.test.context.SpringBootTestWebEnvironment@2712e4c], resourceBasePath = 'src/main/webapp', contextLoader = 'org.springframework.boot.test.context.SpringBootContextLoader', parent = [null]], attributes = map['org.springframework.test.context.web.ServletTestExecutionListener.activateListener' -> true]], class annotated with @DirtiesContext [false] with mode [null].
11:31:21.167 [Test worker] DEBUG org.springframework.test.context.support.TestPropertySourceUtils - Adding inlined properties to environment: {spring.jmx.enabled=false, org.springframework.boot.test.context.SpringBootTestContextBootstrapper=true}

  .   ____          _            __ _ _
 /\\ / ___'_ __ _ _(_)_ __  __ _ \ \ \ \
( ( )\___ | '_ | '_| | '_ \/ _` | \ \ \ \
 \\/  ___)| |_)| | | | | || (_| |  ) ) ) )
  '  |____| .__|_| |_|_| |_\__, | / / / /
 =========|_|==============|___/=/_/_/_/
 :: Spring Boot ::        (v2.3.9.RELEASE)

2021-08-11 11:31:21.856  INFO 14776 --- [    Test worker] .DiabetesReportControllerIntegrationTest : Starting DiabetesReportControllerIntegrationTest on PC-ANTOINE with PID 14776 (started by Antoine in C:\Users\krawo\IdeaProjects\P9_Mediscreen\PatientReport)
2021-08-11 11:31:21.858  INFO 14776 --- [    Test worker] .DiabetesReportControllerIntegrationTest : No active profile set, falling back to default profiles: default
2021-08-11 11:31:23.461  INFO 14776 --- [    Test worker] DiabetesReportController                 : DiabetesReportController()
2021-08-11 11:31:23.462  INFO 14776 --- [    Test worker] DiabetesReportService                    : DiabetesReportService()
2021-08-11 11:31:23.463  INFO 14776 --- [    Test worker] FileLineReader                           : FileLineReader()
2021-08-11 11:31:23.470  INFO 14776 --- [    Test worker] DiabetesReportService                    : DiabetesReportService()
2021-08-11 11:31:23.470  INFO 14776 --- [    Test worker] FileLineReader                           : FileLineReader()
2021-08-11 11:31:23.474  INFO 14776 --- [    Test worker] FileLineReader                           : FileLineReader()
2021-08-11 11:31:24.326  INFO 14776 --- [    Test worker] o.s.s.concurrent.ThreadPoolTaskExecutor  : Initializing ExecutorService 'applicationTaskExecutor'
2021-08-11 11:31:25.076  INFO 14776 --- [    Test worker] o.s.b.a.e.web.EndpointLinksResolver      : Exposing 2 endpoint(s) beneath base path '/actuator'
2021-08-11 11:31:25.161  INFO 14776 --- [    Test worker] .DiabetesReportControllerIntegrationTest : Started DiabetesReportControllerIntegrationTest in 3.97 seconds (JVM running for 6.848)
2021-08-11 11:31:25.853  INFO 14776 --- [    Test worker] o.s.b.t.m.w.SpringBootMockServletContext : Initializing Spring TestDispatcherServlet ''
2021-08-11 11:31:25.853  INFO 14776 --- [    Test worker] o.s.t.web.servlet.TestDispatcherServlet  : Initializing Servlet ''
2021-08-11 11:31:25.875  INFO 14776 --- [    Test worker] o.s.t.web.servlet.TestDispatcherServlet  : Completed initialization in 22 ms
2021-08-11 11:31:26.149  INFO 14776 --- [    Test worker] DiabetesReportController                 : assessDiabetes(patientReport.model.DiabetesReport@579ade32)
2021-08-11 11:31:26.150  INFO 14776 --- [    Test worker] DiabetesReportService                    : assessDiabetes(patientReport.model.DiabetesReport@579ade32)
2021-08-11 11:31:26.150  INFO 14776 --- [    Test worker] DiabetesReportService                    : setGeneralTriggerTerm(patientReport.model.DiabetesReport@579ade32)
2021-08-11 11:31:26.154  INFO 14776 --- [    Test worker] DiabetesReportService                    : findMedicalTriggerTerm(patientReport.model.DiabetesReport@579ade32)
2021-08-11 11:31:26.155  INFO 14776 --- [    Test worker] FileLineReader                           : getTriggerTermList()
2021-08-11 11:31:26.163  INFO 14776 --- [    Test worker] DiabetesReportService                    : evaluateRiskLevel(patientReport.model.DiabetesReport@579ade32)
]]></system-out>
  <system-err><![CDATA[]]></system-err>
</testsuite>
