<?xml version="1.0" encoding="UTF-8"?>
<testsuite name="integration.DiabetesReportControllerIntegrationTest" tests="1" skipped="0" failures="0" errors="0" timestamp="2021-08-05T08:49:49" hostname="PC-ANTOINE" time="1.125">
  <properties/>
  <testcase name="assessDiabetes()" classname="integration.DiabetesReportControllerIntegrationTest" time="1.125"/>
  <system-out><![CDATA[10:49:44.104 [Test worker] DEBUG org.springframework.test.context.BootstrapUtils - Instantiating CacheAwareContextLoaderDelegate from class [org.springframework.test.context.cache.DefaultCacheAwareContextLoaderDelegate]
10:49:44.149 [Test worker] DEBUG org.springframework.test.context.BootstrapUtils - Instantiating BootstrapContext using constructor [public org.springframework.test.context.support.DefaultBootstrapContext(java.lang.Class,org.springframework.test.context.CacheAwareContextLoaderDelegate)]
10:49:44.219 [Test worker] DEBUG org.springframework.test.context.BootstrapUtils - Instantiating TestContextBootstrapper for test class [integration.DiabetesReportControllerIntegrationTest] from class [org.springframework.boot.test.context.SpringBootTestContextBootstrapper]
10:49:44.255 [Test worker] INFO org.springframework.boot.test.context.SpringBootTestContextBootstrapper - Neither @ContextConfiguration nor @ContextHierarchy found for test class [integration.DiabetesReportControllerIntegrationTest], using SpringBootContextLoader
10:49:44.267 [Test worker] DEBUG org.springframework.test.context.support.AbstractContextLoader - Did not detect default resource location for test class [integration.DiabetesReportControllerIntegrationTest]: class path resource [integration/DiabetesReportControllerIntegrationTest-context.xml] does not exist
10:49:44.269 [Test worker] DEBUG org.springframework.test.context.support.AbstractContextLoader - Did not detect default resource location for test class [integration.DiabetesReportControllerIntegrationTest]: class path resource [integration/DiabetesReportControllerIntegrationTestContext.groovy] does not exist
10:49:44.270 [Test worker] INFO org.springframework.test.context.support.AbstractContextLoader - Could not detect default resource locations for test class [integration.DiabetesReportControllerIntegrationTest]: no resource found for suffixes {-context.xml, Context.groovy}.
10:49:44.363 [Test worker] DEBUG org.springframework.test.context.support.ActiveProfilesUtils - Could not find an 'annotation declaring class' for annotation type [org.springframework.test.context.ActiveProfiles] and class [integration.DiabetesReportControllerIntegrationTest]
10:49:44.620 [Test worker] DEBUG org.springframework.boot.test.context.SpringBootTestContextBootstrapper - @TestExecutionListeners is not present for class [integration.DiabetesReportControllerIntegrationTest]: using defaults.
10:49:44.621 [Test worker] INFO org.springframework.boot.test.context.SpringBootTestContextBootstrapper - Loaded default TestExecutionListener class names from location [META-INF/spring.factories]: [org.springframework.boot.test.autoconfigure.restdocs.RestDocsTestExecutionListener, org.springframework.boot.test.autoconfigure.web.client.MockRestServiceServerResetTestExecutionListener, org.springframework.boot.test.autoconfigure.web.servlet.MockMvcPrintOnlyOnFailureTestExecutionListener, org.springframework.boot.test.autoconfigure.web.servlet.WebDriverTestExecutionListener, org.springframework.boot.test.autoconfigure.webservices.client.MockWebServiceServerTestExecutionListener, org.springframework.boot.test.mock.mockito.MockitoTestExecutionListener, org.springframework.boot.test.mock.mockito.ResetMocksTestExecutionListener, org.springframework.test.context.web.ServletTestExecutionListener, org.springframework.test.context.support.DirtiesContextBeforeModesTestExecutionListener, org.springframework.test.context.support.DependencyInjectionTestExecutionListener, org.springframework.test.context.support.DirtiesContextTestExecutionListener, org.springframework.test.context.transaction.TransactionalTestExecutionListener, org.springframework.test.context.jdbc.SqlScriptsTestExecutionListener, org.springframework.test.context.event.EventPublishingTestExecutionListener]
10:49:44.648 [Test worker] DEBUG org.springframework.boot.test.context.SpringBootTestContextBootstrapper - Skipping candidate TestExecutionListener [org.springframework.test.context.transaction.TransactionalTestExecutionListener] due to a missing dependency. Specify custom listener classes or make the default listener classes and their required dependencies available. Offending class: [org/springframework/transaction/interceptor/TransactionAttributeSource]
10:49:44.650 [Test worker] DEBUG org.springframework.boot.test.context.SpringBootTestContextBootstrapper - Skipping candidate TestExecutionListener [org.springframework.test.context.jdbc.SqlScriptsTestExecutionListener] due to a missing dependency. Specify custom listener classes or make the default listener classes and their required dependencies available. Offending class: [org/springframework/transaction/interceptor/TransactionAttribute]
10:49:44.650 [Test worker] INFO org.springframework.boot.test.context.SpringBootTestContextBootstrapper - Using TestExecutionListeners: [org.springframework.test.context.web.ServletTestExecutionListener@6cb8d002, org.springframework.test.context.support.DirtiesContextBeforeModesTestExecutionListener@4c59ba99, org.springframework.boot.test.mock.mockito.MockitoTestExecutionListener@43a35675, org.springframework.boot.test.autoconfigure.SpringBootDependencyInjectionTestExecutionListener@58a669ea, org.springframework.test.context.support.DirtiesContextTestExecutionListener@72b48a3c, org.springframework.test.context.event.EventPublishingTestExecutionListener@73b86b81, org.springframework.boot.test.autoconfigure.restdocs.RestDocsTestExecutionListener@2af18b7d, org.springframework.boot.test.autoconfigure.web.client.MockRestServiceServerResetTestExecutionListener@41f35ef0, org.springframework.boot.test.autoconfigure.web.servlet.MockMvcPrintOnlyOnFailureTestExecutionListener@1740c998, org.springframework.boot.test.autoconfigure.web.servlet.WebDriverTestExecutionListener@27145c92, org.springframework.boot.test.autoconfigure.webservices.client.MockWebServiceServerTestExecutionListener@118916e, org.springframework.boot.test.mock.mockito.ResetMocksTestExecutionListener@5a475b63]
10:49:44.658 [Test worker] DEBUG org.springframework.test.context.support.AbstractDirtiesContextTestExecutionListener - Before test class: context [DefaultTestContext@498b03dd testClass = DiabetesReportControllerIntegrationTest, testInstance = [null], testMethod = [null], testException = [null], mergedContextConfiguration = [WebMergedContextConfiguration@12796ce2 testClass = DiabetesReportControllerIntegrationTest, locations = '{}', classes = '{class patientReport.Application}', contextInitializerClasses = '[]', activeProfiles = '{}', propertySourceLocations = '{}', propertySourceProperties = '{org.springframework.boot.test.context.SpringBootTestContextBootstrapper=true}', contextCustomizers = set[org.springframework.boot.test.autoconfigure.properties.PropertyMappingContextCustomizer@0, org.springframework.boot.test.autoconfigure.web.servlet.WebDriverContextCustomizerFactory$Customizer@6fb658a6, org.springframework.boot.test.context.filter.ExcludeFilterContextCustomizer@978a5ec, org.springframework.boot.test.json.DuplicateJsonObjectContextCustomizerFactory$DuplicateJsonObjectContextCustomizer@677a0e49, org.springframework.boot.test.mock.mockito.MockitoContextCustomizer@0, org.springframework.boot.test.web.client.TestRestTemplateContextCustomizer@5dcd5dba, org.springframework.boot.test.context.SpringBootTestArgs@1, org.springframework.boot.test.context.SpringBootTestWebEnvironment@1ba14f24], resourceBasePath = 'src/main/webapp', contextLoader = 'org.springframework.boot.test.context.SpringBootContextLoader', parent = [null]], attributes = map['org.springframework.test.context.web.ServletTestExecutionListener.activateListener' -> true]], class annotated with @DirtiesContext [false] with mode [null].
10:49:45.219 [Test worker] DEBUG org.springframework.test.context.support.TestPropertySourceUtils - Adding inlined properties to environment: {spring.jmx.enabled=false, org.springframework.boot.test.context.SpringBootTestContextBootstrapper=true}

  .   ____          _            __ _ _
 /\\ / ___'_ __ _ _(_)_ __  __ _ \ \ \ \
( ( )\___ | '_ | '_| | '_ \/ _` | \ \ \ \
 \\/  ___)| |_)| | | | | || (_| |  ) ) ) )
  '  |____| .__|_| |_|_| |_\__, | / / / /
 =========|_|==============|___/=/_/_/_/
 :: Spring Boot ::        (v2.3.9.RELEASE)

2021-08-05 10:49:45.801  INFO 12888 --- [    Test worker] .DiabetesReportControllerIntegrationTest : Starting DiabetesReportControllerIntegrationTest on PC-ANTOINE with PID 12888 (started by Antoine in C:\Users\krawo\IdeaProjects\P9_Mediscreen\PatientReport)
2021-08-05 10:49:45.803  INFO 12888 --- [    Test worker] .DiabetesReportControllerIntegrationTest : No active profile set, falling back to default profiles: default
2021-08-05 10:49:47.788  INFO 12888 --- [    Test worker] DiabetesReportController                 : DiabetesReportController()
2021-08-05 10:49:48.720  INFO 12888 --- [    Test worker] o.s.s.concurrent.ThreadPoolTaskExecutor  : Initializing ExecutorService 'applicationTaskExecutor'
2021-08-05 10:49:49.547  INFO 12888 --- [    Test worker] o.s.b.a.e.web.EndpointLinksResolver      : Exposing 2 endpoint(s) beneath base path '/actuator'
2021-08-05 10:49:49.647  INFO 12888 --- [    Test worker] .DiabetesReportControllerIntegrationTest : Started DiabetesReportControllerIntegrationTest in 4.395 seconds (JVM running for 7.042)
2021-08-05 10:49:50.462  INFO 12888 --- [    Test worker] o.s.b.t.m.w.SpringBootMockServletContext : Initializing Spring TestDispatcherServlet ''
2021-08-05 10:49:50.462  INFO 12888 --- [    Test worker] o.s.t.web.servlet.TestDispatcherServlet  : Initializing Servlet ''
2021-08-05 10:49:50.488  INFO 12888 --- [    Test worker] o.s.t.web.servlet.TestDispatcherServlet  : Completed initialization in 26 ms
2021-08-05 10:49:50.698  INFO 12888 --- [    Test worker] DiabetesReportController                 : assessDiabetes(M,Thu Aug 05 10:49:50 CEST 2021,[["Taille", "Poids", "Fumeur", "Cholestérol", "Vertige"]])
]]></system-out>
  <system-err><![CDATA[]]></system-err>
</testsuite>
