<?xml version="1.0" encoding="UTF-8"?>
<testsuite name="unit.service.PatientServiceUnitTest" tests="10" skipped="0" failures="0" errors="0" timestamp="2021-08-10T13:29:35" hostname="PC-ANTOINE" time="0.035">
  <properties/>
  <testcase name="select_failure()" classname="unit.service.PatientServiceUnitTest" time="0.002"/>
  <testcase name="list_failure()" classname="unit.service.PatientServiceUnitTest" time="0.002"/>
  <testcase name="insert_failure()" classname="unit.service.PatientServiceUnitTest" time="0.003"/>
  <testcase name="delete_success()" classname="unit.service.PatientServiceUnitTest" time="0.003"/>
  <testcase name="delete_failure()" classname="unit.service.PatientServiceUnitTest" time="0.002"/>
  <testcase name="update_success()" classname="unit.service.PatientServiceUnitTest" time="0.005"/>
  <testcase name="select_success()" classname="unit.service.PatientServiceUnitTest" time="0.004"/>
  <testcase name="list_success()" classname="unit.service.PatientServiceUnitTest" time="0.003"/>
  <testcase name="insert_success()" classname="unit.service.PatientServiceUnitTest" time="0.004"/>
  <testcase name="update_failure()" classname="unit.service.PatientServiceUnitTest" time="0.001"/>
  <system-out><![CDATA[2021-08-10 15:29:35.095  INFO 3660 --- [    Test worker] PatientService                           : PatientService(Mock for PatientRepository, hashCode: 1302100905)
2021-08-10 15:29:35.096  INFO 3660 --- [    Test worker] PatientService                           : select(1)
2021-08-10 15:29:35.098  INFO 3660 --- [    Test worker] PatientService                           : PatientService(Mock for PatientRepository, hashCode: 843100901)
2021-08-10 15:29:35.099  INFO 3660 --- [    Test worker] PatientService                           : list()
2021-08-10 15:29:35.100  INFO 3660 --- [    Test worker] PatientService                           : PatientService(Mock for PatientRepository, hashCode: 1251961086)
2021-08-10 15:29:35.102  INFO 3660 --- [    Test worker] PatientService                           : insert(Mock for Patient, hashCode: 1398906425)
2021-08-10 15:29:35.104  INFO 3660 --- [    Test worker] PatientService                           : PatientService(Mock for PatientRepository, hashCode: 1677842730)
2021-08-10 15:29:35.105  INFO 3660 --- [    Test worker] PatientService                           : delete(1)
2021-08-10 15:29:35.107  INFO 3660 --- [    Test worker] PatientService                           : PatientService(Mock for PatientRepository, hashCode: 1432913356)
2021-08-10 15:29:35.108  INFO 3660 --- [    Test worker] PatientService                           : delete(1)
2021-08-10 15:29:35.112  INFO 3660 --- [    Test worker] PatientService                           : PatientService(Mock for PatientRepository, hashCode: 1601464976)
2021-08-10 15:29:35.114  INFO 3660 --- [    Test worker] PatientService                           : update(1,Mock for Patient, hashCode: 12298001)
2021-08-10 15:29:35.117  INFO 3660 --- [    Test worker] PatientService                           : PatientService(Mock for PatientRepository, hashCode: 2077120735)
2021-08-10 15:29:35.119  INFO 3660 --- [    Test worker] PatientService                           : select(1)
2021-08-10 15:29:35.122  INFO 3660 --- [    Test worker] PatientService                           : PatientService(Mock for PatientRepository, hashCode: 1582598472)
2021-08-10 15:29:35.123  INFO 3660 --- [    Test worker] PatientService                           : list()
2021-08-10 15:29:35.124  INFO 3660 --- [    Test worker] PatientService                           : PatientService(Mock for PatientRepository, hashCode: 193318632)
2021-08-10 15:29:35.126  INFO 3660 --- [    Test worker] PatientService                           : insert(Mock for Patient, hashCode: 1013557381)
2021-08-10 15:29:35.129  INFO 3660 --- [    Test worker] PatientService                           : PatientService(Mock for PatientRepository, hashCode: 1350312473)
2021-08-10 15:29:35.129  INFO 3660 --- [    Test worker] PatientService                           : update(1,Mock for Patient, hashCode: 576277749)
]]></system-out>
  <system-err><![CDATA[]]></system-err>
</testsuite>
