<?xml version="1.0" encoding="UTF-8"?>
<testsuite name="unit.controller.PatientControllerUnitTest" tests="5" skipped="0" failures="0" errors="0" timestamp="2021-07-29T17:53:36" hostname="PC-ANTOINE" time="0.108">
  <properties/>
  <testcase name="delete()" classname="unit.controller.PatientControllerUnitTest" time="0.028"/>
  <testcase name="insert()" classname="unit.controller.PatientControllerUnitTest" time="0.069"/>
  <testcase name="select()" classname="unit.controller.PatientControllerUnitTest" time="0.002"/>
  <testcase name="update()" classname="unit.controller.PatientControllerUnitTest" time="0.002"/>
  <testcase name="list()" classname="unit.controller.PatientControllerUnitTest" time="0.003"/>
  <system-out><![CDATA[2021-07-29 19:53:36.887  INFO 13784 --- [    Test worker] PatientController                        : PatientController(Mock for PatientServiceInterface, hashCode: 1382763557)
2021-07-29 19:53:36.887  INFO 13784 --- [    Test worker] PatientController                        : delete(1)
2021-07-29 19:53:36.903  INFO 13784 --- [    Test worker] PatientController                        : PatientController(Mock for PatientServiceInterface, hashCode: 1870405283)
2021-07-29 19:53:36.970  INFO 13784 --- [    Test worker] PatientController                        : insert(Mock for Patient, hashCode: 506489157)
2021-07-29 19:53:36.972  INFO 13784 --- [    Test worker] PatientController                        : PatientController(Mock for PatientServiceInterface, hashCode: 1990855964)
2021-07-29 19:53:36.973  INFO 13784 --- [    Test worker] PatientController                        : select(1)
2021-07-29 19:53:36.975  INFO 13784 --- [    Test worker] PatientController                        : PatientController(Mock for PatientServiceInterface, hashCode: 1130364099)
2021-07-29 19:53:36.976  INFO 13784 --- [    Test worker] PatientController                        : update(1,Mock for Patient, hashCode: 71078586)
2021-07-29 19:53:36.978  INFO 13784 --- [    Test worker] PatientController                        : PatientController(Mock for PatientServiceInterface, hashCode: 425437497)
2021-07-29 19:53:36.979  INFO 13784 --- [    Test worker] PatientController                        : list()
]]></system-out>
  <system-err><![CDATA[]]></system-err>
</testsuite>
