<?xml version="1.0" encoding="UTF-8"?>
<testsuite name="unit.service.PatientServiceUnitTest" tests="5" skipped="0" failures="0" errors="0" timestamp="2021-08-05T15:00:46" hostname="PC-ANTOINE" time="0.024">
  <properties/>
  <testcase name="delete()" classname="unit.service.PatientServiceUnitTest" time="0.002"/>
  <testcase name="insert()" classname="unit.service.PatientServiceUnitTest" time="0.003"/>
  <testcase name="select()" classname="unit.service.PatientServiceUnitTest" time="0.011"/>
  <testcase name="update()" classname="unit.service.PatientServiceUnitTest" time="0.002"/>
  <testcase name="list()" classname="unit.service.PatientServiceUnitTest" time="0.002"/>
  <system-out><![CDATA[2021-08-05 17:00:46.801  INFO 16260 --- [    Test worker] PatientService                           : PatientService(Mock for PatientRepository, hashCode: 1590508448)
2021-08-05 17:00:46.802  INFO 16260 --- [    Test worker] PatientService                           : delete(1)
2021-08-05 17:00:46.805  INFO 16260 --- [    Test worker] PatientService                           : PatientService(Mock for PatientRepository, hashCode: 928882198)
2021-08-05 17:00:46.806  INFO 16260 --- [    Test worker] PatientService                           : insert(Mock for Patient, hashCode: 120951106)
2021-08-05 17:00:46.809  INFO 16260 --- [    Test worker] PatientService                           : PatientService(Mock for PatientRepository, hashCode: 530131022)
2021-08-05 17:00:46.818  INFO 16260 --- [    Test worker] PatientService                           : select(1)
2021-08-05 17:00:46.820  INFO 16260 --- [    Test worker] PatientService                           : PatientService(Mock for PatientRepository, hashCode: 1035823465)
2021-08-05 17:00:46.820  INFO 16260 --- [    Test worker] PatientService                           : update(1,Mock for Patient, hashCode: 1482688352)
2021-08-05 17:00:46.822  INFO 16260 --- [    Test worker] PatientService                           : PatientService(Mock for PatientRepository, hashCode: 364713878)
2021-08-05 17:00:46.824  INFO 16260 --- [    Test worker] PatientService                           : list()
]]></system-out>
  <system-err><![CDATA[]]></system-err>
</testsuite>
