<?xml version="1.0" encoding="UTF-8"?>
<testsuite name="unit.controller.PatientControllerUnitTest" tests="10" skipped="0" failures="0" errors="0" timestamp="2021-08-10T13:29:34" hostname="PC-ANTOINE" time="0.11">
  <properties/>
  <testcase name="update_status_200()" classname="unit.controller.PatientControllerUnitTest" time="0.074"/>
  <testcase name="update_status_404()" classname="unit.controller.PatientControllerUnitTest" time="0.003"/>
  <testcase name="delete_status_200()" classname="unit.controller.PatientControllerUnitTest" time="0.005"/>
  <testcase name="delete_status_404()" classname="unit.controller.PatientControllerUnitTest" time="0.002"/>
  <testcase name="select_status_200()" classname="unit.controller.PatientControllerUnitTest" time="0.003"/>
  <testcase name="select_status_404()" classname="unit.controller.PatientControllerUnitTest" time="0.003"/>
  <testcase name="list_status_200()" classname="unit.controller.PatientControllerUnitTest" time="0.003"/>
  <testcase name="list_status_404()" classname="unit.controller.PatientControllerUnitTest" time="0.003"/>
  <testcase name="insert_status_200()" classname="unit.controller.PatientControllerUnitTest" time="0.004"/>
  <testcase name="insert_status_400()" classname="unit.controller.PatientControllerUnitTest" time="0.004"/>
  <system-out><![CDATA[2021-08-10 15:29:34.966  INFO 3660 --- [    Test worker] PatientController                        : PatientController(Mock for PatientServiceInterface, hashCode: 339348742,Mock for ObjectMapper, hashCode: 1770062100)
2021-08-10 15:29:35.009  INFO 3660 --- [    Test worker] PatientController                        : update(1,Mock for Patient, hashCode: 864931444)
2021-08-10 15:29:35.024  INFO 3660 --- [    Test worker] PatientController                        : PatientController(Mock for PatientServiceInterface, hashCode: 30862617,Mock for ObjectMapper, hashCode: 351584334)
2021-08-10 15:29:35.025  INFO 3660 --- [    Test worker] PatientController                        : update(1,Mock for Patient, hashCode: 1613972557)
2021-08-10 15:29:35.029  INFO 3660 --- [    Test worker] PatientController                        : PatientController(Mock for PatientServiceInterface, hashCode: 35814335,Mock for ObjectMapper, hashCode: 883617991)
2021-08-10 15:29:35.031  INFO 3660 --- [    Test worker] PatientController                        : delete(1)
2021-08-10 15:29:35.034  INFO 3660 --- [    Test worker] PatientController                        : PatientController(Mock for PatientServiceInterface, hashCode: 107913388,Mock for ObjectMapper, hashCode: 2089127168)
2021-08-10 15:29:35.035  INFO 3660 --- [    Test worker] PatientController                        : delete(1)
2021-08-10 15:29:35.037  INFO 3660 --- [    Test worker] PatientController                        : PatientController(Mock for PatientServiceInterface, hashCode: 1844182700,Mock for ObjectMapper, hashCode: 237242142)
2021-08-10 15:29:35.038  INFO 3660 --- [    Test worker] PatientController                        : select(1)
2021-08-10 15:29:35.040  INFO 3660 --- [    Test worker] PatientController                        : PatientController(Mock for PatientServiceInterface, hashCode: 755094156,Mock for ObjectMapper, hashCode: 531449630)
2021-08-10 15:29:35.041  INFO 3660 --- [    Test worker] PatientController                        : select(1)
2021-08-10 15:29:35.044  INFO 3660 --- [    Test worker] PatientController                        : PatientController(Mock for PatientServiceInterface, hashCode: 832548610,Mock for ObjectMapper, hashCode: 693527962)
2021-08-10 15:29:35.045  INFO 3660 --- [    Test worker] PatientController                        : list()
2021-08-10 15:29:35.047  INFO 3660 --- [    Test worker] PatientController                        : PatientController(Mock for PatientServiceInterface, hashCode: 2139124843,Mock for ObjectMapper, hashCode: 866857766)
2021-08-10 15:29:35.048  INFO 3660 --- [    Test worker] PatientController                        : list()
2021-08-10 15:29:35.051  INFO 3660 --- [    Test worker] PatientController                        : PatientController(Mock for PatientServiceInterface, hashCode: 1564512152,Mock for ObjectMapper, hashCode: 924362005)
2021-08-10 15:29:35.052  INFO 3660 --- [    Test worker] PatientController                        : insert(Mock for Patient, hashCode: 1098264976)
2021-08-10 15:29:35.055  INFO 3660 --- [    Test worker] PatientController                        : PatientController(Mock for PatientServiceInterface, hashCode: 471033270,Mock for ObjectMapper, hashCode: 1173751267)
2021-08-10 15:29:35.057  INFO 3660 --- [    Test worker] PatientController                        : insert(Mock for Patient, hashCode: 934555717)
]]></system-out>
  <system-err><![CDATA[]]></system-err>
</testsuite>
