<?xml version="1.0" encoding="UTF-8"?>
<testsuite name="integration.PatientControllerIntegrationTest" tests="5" skipped="0" failures="0" errors="0" timestamp="2021-07-29T17:53:35" hostname="PC-ANTOINE" time="1.297">
  <properties/>
  <testcase name="insert()" classname="integration.PatientControllerIntegrationTest" time="0.845"/>
  <testcase name="list()" classname="integration.PatientControllerIntegrationTest" time="0.325"/>
  <testcase name="select()" classname="integration.PatientControllerIntegrationTest" time="0.032"/>
  <testcase name="update()" classname="integration.PatientControllerIntegrationTest" time="0.052"/>
  <testcase name="delete()" classname="integration.PatientControllerIntegrationTest" time="0.035"/>
  <system-out><![CDATA[19:53:25.265 [Test worker] DEBUG org.springframework.test.context.BootstrapUtils - Instantiating CacheAwareContextLoaderDelegate from class [org.springframework.test.context.cache.DefaultCacheAwareContextLoaderDelegate]
19:53:25.301 [Test worker] DEBUG org.springframework.test.context.BootstrapUtils - Instantiating BootstrapContext using constructor [public org.springframework.test.context.support.DefaultBootstrapContext(java.lang.Class,org.springframework.test.context.CacheAwareContextLoaderDelegate)]
19:53:25.374 [Test worker] DEBUG org.springframework.test.context.BootstrapUtils - Instantiating TestContextBootstrapper for test class [integration.PatientControllerIntegrationTest] from class [org.springframework.boot.test.context.SpringBootTestContextBootstrapper]
19:53:25.418 [Test worker] INFO org.springframework.boot.test.context.SpringBootTestContextBootstrapper - Neither @ContextConfiguration nor @ContextHierarchy found for test class [integration.PatientControllerIntegrationTest], using SpringBootContextLoader
19:53:25.426 [Test worker] DEBUG org.springframework.test.context.support.AbstractContextLoader - Did not detect default resource location for test class [integration.PatientControllerIntegrationTest]: class path resource [integration/PatientControllerIntegrationTest-context.xml] does not exist
19:53:25.427 [Test worker] DEBUG org.springframework.test.context.support.AbstractContextLoader - Did not detect default resource location for test class [integration.PatientControllerIntegrationTest]: class path resource [integration/PatientControllerIntegrationTestContext.groovy] does not exist
19:53:25.428 [Test worker] INFO org.springframework.test.context.support.AbstractContextLoader - Could not detect default resource locations for test class [integration.PatientControllerIntegrationTest]: no resource found for suffixes {-context.xml, Context.groovy}.
19:53:25.513 [Test worker] DEBUG org.springframework.test.context.support.ActiveProfilesUtils - Could not find an 'annotation declaring class' for annotation type [org.springframework.test.context.ActiveProfiles] and class [integration.PatientControllerIntegrationTest]
19:53:25.761 [Test worker] DEBUG org.springframework.boot.test.context.SpringBootTestContextBootstrapper - @TestExecutionListeners is not present for class [integration.PatientControllerIntegrationTest]: using defaults.
19:53:25.762 [Test worker] INFO org.springframework.boot.test.context.SpringBootTestContextBootstrapper - Loaded default TestExecutionListener class names from location [META-INF/spring.factories]: [org.springframework.boot.test.autoconfigure.restdocs.RestDocsTestExecutionListener, org.springframework.boot.test.autoconfigure.web.client.MockRestServiceServerResetTestExecutionListener, org.springframework.boot.test.autoconfigure.web.servlet.MockMvcPrintOnlyOnFailureTestExecutionListener, org.springframework.boot.test.autoconfigure.web.servlet.WebDriverTestExecutionListener, org.springframework.boot.test.autoconfigure.webservices.client.MockWebServiceServerTestExecutionListener, org.springframework.boot.test.mock.mockito.MockitoTestExecutionListener, org.springframework.boot.test.mock.mockito.ResetMocksTestExecutionListener, org.springframework.test.context.web.ServletTestExecutionListener, org.springframework.test.context.support.DirtiesContextBeforeModesTestExecutionListener, org.springframework.test.context.support.DependencyInjectionTestExecutionListener, org.springframework.test.context.support.DirtiesContextTestExecutionListener, org.springframework.test.context.transaction.TransactionalTestExecutionListener, org.springframework.test.context.jdbc.SqlScriptsTestExecutionListener, org.springframework.test.context.event.EventPublishingTestExecutionListener]
19:53:25.808 [Test worker] INFO org.springframework.boot.test.context.SpringBootTestContextBootstrapper - Using TestExecutionListeners: [org.springframework.test.context.web.ServletTestExecutionListener@2363be44, org.springframework.test.context.support.DirtiesContextBeforeModesTestExecutionListener@100f40ce, org.springframework.boot.test.mock.mockito.MockitoTestExecutionListener@70b161f5, org.springframework.boot.test.autoconfigure.SpringBootDependencyInjectionTestExecutionListener@6ae10009, org.springframework.test.context.support.DirtiesContextTestExecutionListener@54ce028f, org.springframework.test.context.transaction.TransactionalTestExecutionListener@3e2d21e8, org.springframework.test.context.jdbc.SqlScriptsTestExecutionListener@45685111, org.springframework.test.context.event.EventPublishingTestExecutionListener@27ebe0fd, org.springframework.boot.test.autoconfigure.restdocs.RestDocsTestExecutionListener@39554f5, org.springframework.boot.test.autoconfigure.web.client.MockRestServiceServerResetTestExecutionListener@54e0170e, org.springframework.boot.test.autoconfigure.web.servlet.MockMvcPrintOnlyOnFailureTestExecutionListener@5387245a, org.springframework.boot.test.autoconfigure.web.servlet.WebDriverTestExecutionListener@2b93dadf, org.springframework.boot.test.autoconfigure.webservices.client.MockWebServiceServerTestExecutionListener@20811a4, org.springframework.boot.test.mock.mockito.ResetMocksTestExecutionListener@56043e8c]
19:53:25.816 [Test worker] DEBUG org.springframework.test.context.support.AbstractDirtiesContextTestExecutionListener - Before test class: context [DefaultTestContext@500b3af5 testClass = PatientControllerIntegrationTest, testInstance = [null], testMethod = [null], testException = [null], mergedContextConfiguration = [WebMergedContextConfiguration@591ac006 testClass = PatientControllerIntegrationTest, locations = '{}', classes = '{class patientInformation.Application}', contextInitializerClasses = '[]', activeProfiles = '{}', propertySourceLocations = '{}', propertySourceProperties = '{org.springframework.boot.test.context.SpringBootTestContextBootstrapper=true}', contextCustomizers = set[org.springframework.boot.test.autoconfigure.properties.PropertyMappingContextCustomizer@0, org.springframework.boot.test.autoconfigure.web.servlet.WebDriverContextCustomizerFactory$Customizer@77b0ef20, org.springframework.boot.test.context.filter.ExcludeFilterContextCustomizer@6d940be7, org.springframework.boot.test.json.DuplicateJsonObjectContextCustomizerFactory$DuplicateJsonObjectContextCustomizer@2aba6464, org.springframework.boot.test.mock.mockito.MockitoContextCustomizer@0, org.springframework.boot.test.web.client.TestRestTemplateContextCustomizer@13b2613a, org.springframework.boot.test.context.SpringBootTestArgs@1, org.springframework.boot.test.context.SpringBootTestWebEnvironment@1c3159b9], resourceBasePath = 'src/main/webapp', contextLoader = 'org.springframework.boot.test.context.SpringBootContextLoader', parent = [null]], attributes = map['org.springframework.test.context.web.ServletTestExecutionListener.activateListener' -> true]], class annotated with @DirtiesContext [false] with mode [null].
19:53:26.381 [Test worker] DEBUG org.springframework.test.context.support.TestPropertySourceUtils - Adding inlined properties to environment: {spring.jmx.enabled=false, org.springframework.boot.test.context.SpringBootTestContextBootstrapper=true}

  .   ____          _            __ _ _
 /\\ / ___'_ __ _ _(_)_ __  __ _ \ \ \ \
( ( )\___ | '_ | '_| | '_ \/ _` | \ \ \ \
 \\/  ___)| |_)| | | | | || (_| |  ) ) ) )
  '  |____| .__|_| |_|_| |_\__, | / / / /
 =========|_|==============|___/=/_/_/_/
 :: Spring Boot ::        (v2.3.9.RELEASE)

2021-07-29 19:53:27.005  INFO 13784 --- [    Test worker] i.PatientControllerIntegrationTest       : Starting PatientControllerIntegrationTest on PC-ANTOINE with PID 13784 (started by Antoine in C:\Users\krawo\IdeaProjects\P9_Mediscreen\PatientInformation)
2021-07-29 19:53:27.007  INFO 13784 --- [    Test worker] i.PatientControllerIntegrationTest       : No active profile set, falling back to default profiles: default
2021-07-29 19:53:28.723  INFO 13784 --- [    Test worker] .s.d.r.c.RepositoryConfigurationDelegate : Bootstrapping Spring Data JPA repositories in DEFAULT mode.
2021-07-29 19:53:28.821  INFO 13784 --- [    Test worker] .s.d.r.c.RepositoryConfigurationDelegate : Finished Spring Data repository scanning in 83ms. Found 1 JPA repository interfaces.
2021-07-29 19:53:29.779  INFO 13784 --- [    Test worker] com.zaxxer.hikari.HikariDataSource       : HikariPool-1 - Starting...
2021-07-29 19:53:30.386  INFO 13784 --- [    Test worker] com.zaxxer.hikari.HikariDataSource       : HikariPool-1 - Start completed.
2021-07-29 19:53:30.509  INFO 13784 --- [    Test worker] o.hibernate.jpa.internal.util.LogHelper  : HHH000204: Processing PersistenceUnitInfo [name: default]
2021-07-29 19:53:30.670  INFO 13784 --- [    Test worker] org.hibernate.Version                    : HHH000412: Hibernate ORM core version 5.4.28.Final
2021-07-29 19:53:31.034  INFO 13784 --- [    Test worker] o.hibernate.annotations.common.Version   : HCANN000001: Hibernate Commons Annotations {5.1.2.Final}
2021-07-29 19:53:31.346  INFO 13784 --- [    Test worker] org.hibernate.dialect.Dialect            : HHH000400: Using dialect: org.hibernate.dialect.MySQL8Dialect
2021-07-29 19:53:32.705  INFO 13784 --- [    Test worker] o.h.e.t.j.p.i.JtaPlatformInitiator       : HHH000490: Using JtaPlatform implementation: [org.hibernate.engine.transaction.jta.platform.internal.NoJtaPlatform]
2021-07-29 19:53:32.720  INFO 13784 --- [    Test worker] j.LocalContainerEntityManagerFactoryBean : Initialized JPA EntityManagerFactory for persistence unit 'default'
2021-07-29 19:53:32.739  INFO 13784 --- [    Test worker] PatientController                        : PatientController()
2021-07-29 19:53:32.741  INFO 13784 --- [    Test worker] PatientService                           : PatientService()
2021-07-29 19:53:32.748  INFO 13784 --- [    Test worker] PatientService                           : PatientService()
2021-07-29 19:53:33.635  WARN 13784 --- [    Test worker] JpaBaseConfiguration$JpaWebConfiguration : spring.jpa.open-in-view is enabled by default. Therefore, database queries may be performed during view rendering. Explicitly configure spring.jpa.open-in-view to disable this warning
2021-07-29 19:53:34.290  INFO 13784 --- [    Test worker] o.s.s.concurrent.ThreadPoolTaskExecutor  : Initializing ExecutorService 'applicationTaskExecutor'
2021-07-29 19:53:35.320  INFO 13784 --- [    Test worker] o.s.b.a.e.web.EndpointLinksResolver      : Exposing 2 endpoint(s) beneath base path '/actuator'
2021-07-29 19:53:35.417  INFO 13784 --- [    Test worker] i.PatientControllerIntegrationTest       : Started PatientControllerIntegrationTest in 9.001 seconds (JVM running for 11.799)
2021-07-29 19:53:35.764  INFO 13784 --- [    Test worker] o.s.b.t.m.w.SpringBootMockServletContext : Initializing Spring TestDispatcherServlet ''
2021-07-29 19:53:35.765  INFO 13784 --- [    Test worker] o.s.t.web.servlet.TestDispatcherServlet  : Initializing Servlet ''
2021-07-29 19:53:35.792  INFO 13784 --- [    Test worker] o.s.t.web.servlet.TestDispatcherServlet  : Completed initialization in 27 ms
2021-07-29 19:53:36.087  INFO 13784 --- [    Test worker] PatientController                        : insert(patientInformation.model.Patient@4319688e)
2021-07-29 19:53:36.088  INFO 13784 --- [    Test worker] PatientService                           : insert(patientInformation.model.Patient@4319688e)
2021-07-29 19:53:36.342  INFO 13784 --- [    Test worker] o.s.b.t.m.w.SpringBootMockServletContext : Initializing Spring TestDispatcherServlet ''
2021-07-29 19:53:36.342  INFO 13784 --- [    Test worker] o.s.t.web.servlet.TestDispatcherServlet  : Initializing Servlet ''
2021-07-29 19:53:36.345  INFO 13784 --- [    Test worker] o.s.t.web.servlet.TestDispatcherServlet  : Completed initialization in 3 ms
2021-07-29 19:53:36.348  INFO 13784 --- [    Test worker] PatientController                        : list()
2021-07-29 19:53:36.349  INFO 13784 --- [    Test worker] PatientService                           : list()
2021-07-29 19:53:36.667  INFO 13784 --- [    Test worker] o.s.b.t.m.w.SpringBootMockServletContext : Initializing Spring TestDispatcherServlet ''
2021-07-29 19:53:36.668  INFO 13784 --- [    Test worker] o.s.t.web.servlet.TestDispatcherServlet  : Initializing Servlet ''
2021-07-29 19:53:36.670  INFO 13784 --- [    Test worker] o.s.t.web.servlet.TestDispatcherServlet  : Completed initialization in 2 ms
2021-07-29 19:53:36.676  INFO 13784 --- [    Test worker] PatientController                        : select(36)
2021-07-29 19:53:36.676  INFO 13784 --- [    Test worker] PatientService                           : select(36)
2021-07-29 19:53:36.701  INFO 13784 --- [    Test worker] o.s.b.t.m.w.SpringBootMockServletContext : Initializing Spring TestDispatcherServlet ''
2021-07-29 19:53:36.702  INFO 13784 --- [    Test worker] o.s.t.web.servlet.TestDispatcherServlet  : Initializing Servlet ''
2021-07-29 19:53:36.704  INFO 13784 --- [    Test worker] o.s.t.web.servlet.TestDispatcherServlet  : Completed initialization in 2 ms
2021-07-29 19:53:36.710  INFO 13784 --- [    Test worker] PatientController                        : update(36,patientInformation.model.Patient@4d6e1856)
2021-07-29 19:53:36.710  INFO 13784 --- [    Test worker] PatientService                           : update(36,patientInformation.model.Patient@4d6e1856)
2021-07-29 19:53:36.755  INFO 13784 --- [    Test worker] o.s.b.t.m.w.SpringBootMockServletContext : Initializing Spring TestDispatcherServlet ''
2021-07-29 19:53:36.755  INFO 13784 --- [    Test worker] o.s.t.web.servlet.TestDispatcherServlet  : Initializing Servlet ''
2021-07-29 19:53:36.758  INFO 13784 --- [    Test worker] o.s.t.web.servlet.TestDispatcherServlet  : Completed initialization in 2 ms
2021-07-29 19:53:36.761  INFO 13784 --- [    Test worker] PatientController                        : delete(36)
2021-07-29 19:53:36.761  INFO 13784 --- [    Test worker] PatientService                           : delete(36)
]]></system-out>
  <system-err><![CDATA[]]></system-err>
</testsuite>
