<?xml version="1.0" encoding="UTF-8"?>
<testsuite name="unit.service.PatientServiceUnitTest" tests="5" skipped="0" failures="0" errors="0" timestamp="2021-07-26T12:42:40" hostname="PC-ANTOINE" time="0.02">
  <properties/>
  <testcase name="delete()" classname="unit.service.PatientServiceUnitTest" time="0.003"/>
  <testcase name="insert()" classname="unit.service.PatientServiceUnitTest" time="0.002"/>
  <testcase name="select()" classname="unit.service.PatientServiceUnitTest" time="0.009"/>
  <testcase name="update()" classname="unit.service.PatientServiceUnitTest" time="0.002"/>
  <testcase name="list()" classname="unit.service.PatientServiceUnitTest" time="0.001"/>
  <system-out><![CDATA[2021-07-26 14:42:40.278  INFO 2696 --- [    Test worker] PatientService                           : PatientService(Mock for PatientRepository, hashCode: 1115190657)
2021-07-26 14:42:40.278  INFO 2696 --- [    Test worker] PatientService                           : delete(1)
2021-07-26 14:42:40.281  INFO 2696 --- [    Test worker] PatientService                           : PatientService(Mock for PatientRepository, hashCode: 1952902143)
2021-07-26 14:42:40.281  INFO 2696 --- [    Test worker] PatientService                           : insert(Mock for Patient, hashCode: 284050293)
2021-07-26 14:42:40.284  INFO 2696 --- [    Test worker] PatientService                           : PatientService(Mock for PatientRepository, hashCode: 2050756087)
2021-07-26 14:42:40.291  INFO 2696 --- [    Test worker] PatientService                           : select(1)
2021-07-26 14:42:40.293  INFO 2696 --- [    Test worker] PatientService                           : PatientService(Mock for PatientRepository, hashCode: 1061124308)
2021-07-26 14:42:40.294  INFO 2696 --- [    Test worker] PatientService                           : update(1,Mock for Patient, hashCode: 989147351)
2021-07-26 14:42:40.296  INFO 2696 --- [    Test worker] PatientService                           : PatientService(Mock for PatientRepository, hashCode: 329004996)
2021-07-26 14:42:40.297  INFO 2696 --- [    Test worker] PatientService                           : list()
]]></system-out>
  <system-err><![CDATA[]]></system-err>
</testsuite>
