<?xml version="1.0" encoding="UTF-8"?>
<testsuite name="unit.service.NoteServiceUnitTest" tests="5" skipped="0" failures="0" errors="0" timestamp="2021-08-05T09:24:33" hostname="PC-ANTOINE" time="0.014">
  <properties/>
  <testcase name="delete()" classname="unit.service.NoteServiceUnitTest" time="0.001"/>
  <testcase name="insert()" classname="unit.service.NoteServiceUnitTest" time="0.002"/>
  <testcase name="select()" classname="unit.service.NoteServiceUnitTest" time="0.008"/>
  <testcase name="update()" classname="unit.service.NoteServiceUnitTest" time="0.002"/>
  <testcase name="list()" classname="unit.service.NoteServiceUnitTest" time="0.001"/>
  <system-out><![CDATA[2021-08-05 11:24:33.921  INFO 6532 --- [    Test worker] NoteService                              : PatientService(Mock for NoteRepository, hashCode: 833234698)
2021-08-05 11:24:33.921  INFO 6532 --- [    Test worker] NoteService                              : delete(noteId)
2021-08-05 11:24:33.922  INFO 6532 --- [    Test worker] NoteService                              : PatientService(Mock for NoteRepository, hashCode: 546996267)
2021-08-05 11:24:33.923  INFO 6532 --- [    Test worker] NoteService                              : insert(Mock for Note, hashCode: 47730473)
2021-08-05 11:24:33.925  INFO 6532 --- [    Test worker] NoteService                              : PatientService(Mock for NoteRepository, hashCode: 539926084)
2021-08-05 11:24:33.930  INFO 6532 --- [    Test worker] NoteService                              : select(noteId)
2021-08-05 11:24:33.933  INFO 6532 --- [    Test worker] NoteService                              : PatientService(Mock for NoteRepository, hashCode: 494603265)
2021-08-05 11:24:33.933  INFO 6532 --- [    Test worker] NoteService                              : update(noteId,Mock for Note, hashCode: 804414276)
2021-08-05 11:24:33.934  INFO 6532 --- [    Test worker] NoteService                              : PatientService(Mock for NoteRepository, hashCode: 1793754275)
2021-08-05 11:24:33.935  INFO 6532 --- [    Test worker] NoteService                              : list(1)
]]></system-out>
  <system-err><![CDATA[]]></system-err>
</testsuite>
