<?xml version="1.0" encoding="UTF-8"?>
<testsuite name="unit.service.NoteServiceUnitTest" tests="10" skipped="0" failures="0" errors="0" timestamp="2021-08-10T13:30:01" hostname="PC-ANTOINE" time="0.033">
  <properties/>
  <testcase name="select_failure()" classname="unit.service.NoteServiceUnitTest" time="0.002"/>
  <testcase name="list_failure()" classname="unit.service.NoteServiceUnitTest" time="0.002"/>
  <testcase name="insert_failure()" classname="unit.service.NoteServiceUnitTest" time="0.003"/>
  <testcase name="delete_success()" classname="unit.service.NoteServiceUnitTest" time="0.003"/>
  <testcase name="delete_failure()" classname="unit.service.NoteServiceUnitTest" time="0.003"/>
  <testcase name="update_success()" classname="unit.service.NoteServiceUnitTest" time="0.002"/>
  <testcase name="select_success()" classname="unit.service.NoteServiceUnitTest" time="0.003"/>
  <testcase name="list_success()" classname="unit.service.NoteServiceUnitTest" time="0.002"/>
  <testcase name="insert_success()" classname="unit.service.NoteServiceUnitTest" time="0.004"/>
  <testcase name="update_failure()" classname="unit.service.NoteServiceUnitTest" time="0.002"/>
  <system-out><![CDATA[2021-08-10 15:30:01.211  INFO 14016 --- [    Test worker] NoteService                              : PatientService(Mock for NoteRepository, hashCode: 609874413)
2021-08-10 15:30:01.212  INFO 14016 --- [    Test worker] NoteService                              : select(noteId)
2021-08-10 15:30:01.214  INFO 14016 --- [    Test worker] NoteService                              : PatientService(Mock for NoteRepository, hashCode: 1384169780)
2021-08-10 15:30:01.215  INFO 14016 --- [    Test worker] NoteService                              : list(1)
2021-08-10 15:30:01.217  INFO 14016 --- [    Test worker] NoteService                              : PatientService(Mock for NoteRepository, hashCode: 1079703215)
2021-08-10 15:30:01.218  INFO 14016 --- [    Test worker] NoteService                              : insert(Mock for Note, hashCode: 46164885)
2021-08-10 15:30:01.221  INFO 14016 --- [    Test worker] NoteService                              : PatientService(Mock for NoteRepository, hashCode: 1453167512)
2021-08-10 15:30:01.222  INFO 14016 --- [    Test worker] NoteService                              : delete(noteId)
2021-08-10 15:30:01.224  INFO 14016 --- [    Test worker] NoteService                              : PatientService(Mock for NoteRepository, hashCode: 1105590378)
2021-08-10 15:30:01.225  INFO 14016 --- [    Test worker] NoteService                              : delete(noteId)
2021-08-10 15:30:01.228  INFO 14016 --- [    Test worker] NoteService                              : PatientService(Mock for NoteRepository, hashCode: 1096162001)
2021-08-10 15:30:01.228  INFO 14016 --- [    Test worker] NoteService                              : update(noteId,Mock for Note, hashCode: 1078681005)
2021-08-10 15:30:01.230  INFO 14016 --- [    Test worker] NoteService                              : PatientService(Mock for NoteRepository, hashCode: 339252979)
2021-08-10 15:30:01.233  INFO 14016 --- [    Test worker] NoteService                              : select(noteId)
2021-08-10 15:30:01.235  INFO 14016 --- [    Test worker] NoteService                              : PatientService(Mock for NoteRepository, hashCode: 723579937)
2021-08-10 15:30:01.235  INFO 14016 --- [    Test worker] NoteService                              : list(1)
2021-08-10 15:30:01.238  INFO 14016 --- [    Test worker] NoteService                              : PatientService(Mock for NoteRepository, hashCode: 198426703)
2021-08-10 15:30:01.240  INFO 14016 --- [    Test worker] NoteService                              : insert(Mock for Note, hashCode: 15569213)
2021-08-10 15:30:01.242  INFO 14016 --- [    Test worker] NoteService                              : PatientService(Mock for NoteRepository, hashCode: 363456727)
2021-08-10 15:30:01.243  INFO 14016 --- [    Test worker] NoteService                              : update(noteId,Mock for Note, hashCode: 1515798821)
]]></system-out>
  <system-err><![CDATA[]]></system-err>
</testsuite>
