<?xml version="1.0" encoding="UTF-8"?>
<testsuite name="unit.controller.NoteControllerUnitTest" tests="5" skipped="0" failures="0" errors="0" timestamp="2021-08-05T09:24:33" hostname="PC-ANTOINE" time="0.056">
  <properties/>
  <testcase name="delete()" classname="unit.controller.NoteControllerUnitTest" time="0.022"/>
  <testcase name="insert()" classname="unit.controller.NoteControllerUnitTest" time="0.026"/>
  <testcase name="select()" classname="unit.controller.NoteControllerUnitTest" time="0.002"/>
  <testcase name="update()" classname="unit.controller.NoteControllerUnitTest" time="0.002"/>
  <testcase name="list()" classname="unit.controller.NoteControllerUnitTest" time="0.002"/>
  <system-out><![CDATA[2021-08-05 11:24:33.832  INFO 6532 --- [    Test worker] NoteController                           : PatientNoteController(Mock for NoteServiceInterface, hashCode: 629948748)
2021-08-05 11:24:33.832  INFO 6532 --- [    Test worker] NoteController                           : delete(noteId)
2021-08-05 11:24:33.844  INFO 6532 --- [    Test worker] NoteController                           : PatientNoteController(Mock for NoteServiceInterface, hashCode: 576811581)
2021-08-05 11:24:33.869  INFO 6532 --- [    Test worker] NoteController                           : insert(Mock for Note, hashCode: 770801044)
2021-08-05 11:24:33.871  INFO 6532 --- [    Test worker] NoteController                           : PatientNoteController(Mock for NoteServiceInterface, hashCode: 2001449096)
2021-08-05 11:24:33.871  INFO 6532 --- [    Test worker] NoteController                           : select(noteId)
2021-08-05 11:24:33.873  INFO 6532 --- [    Test worker] NoteController                           : PatientNoteController(Mock for NoteServiceInterface, hashCode: 248003617)
2021-08-05 11:24:33.874  INFO 6532 --- [    Test worker] NoteController                           : update(noteId,Mock for Note, hashCode: 387499864)
2021-08-05 11:24:33.876  INFO 6532 --- [    Test worker] NoteController                           : PatientNoteController(Mock for NoteServiceInterface, hashCode: 824382962)
2021-08-05 11:24:33.876  INFO 6532 --- [    Test worker] NoteController                           : list(1)
]]></system-out>
  <system-err><![CDATA[]]></system-err>
</testsuite>
