<?xml version="1.0" encoding="UTF-8"?>
<testsuite name="unit.service.NoteServiceUnitTest" tests="10" skipped="0" failures="0" errors="0" timestamp="2021-08-14T15:14:22" hostname="PC-ANTOINE" time="0.028">
  <properties/>
  <testcase name="select_failure()" classname="unit.service.NoteServiceUnitTest" time="0.002"/>
  <testcase name="list_failure()" classname="unit.service.NoteServiceUnitTest" time="0.002"/>
  <testcase name="insert_failure()" classname="unit.service.NoteServiceUnitTest" time="0.002"/>
  <testcase name="delete_success()" classname="unit.service.NoteServiceUnitTest" time="0.002"/>
  <testcase name="delete_failure()" classname="unit.service.NoteServiceUnitTest" time="0.001"/>
  <testcase name="update_success()" classname="unit.service.NoteServiceUnitTest" time="0.002"/>
  <testcase name="select_success()" classname="unit.service.NoteServiceUnitTest" time="0.003"/>
  <testcase name="list_success()" classname="unit.service.NoteServiceUnitTest" time="0.001"/>
  <testcase name="insert_success()" classname="unit.service.NoteServiceUnitTest" time="0.003"/>
  <testcase name="update_failure()" classname="unit.service.NoteServiceUnitTest" time="0.002"/>
  <system-out><![CDATA[2021-08-14 17:14:22.102  INFO 8288 --- [    Test worker] NoteService                              : PatientService(Mock for NoteRepository, hashCode: 1259160978)
2021-08-14 17:14:22.103  INFO 8288 --- [    Test worker] NoteService                              : select(noteId)
2021-08-14 17:14:22.105  INFO 8288 --- [    Test worker] NoteService                              : PatientService(Mock for NoteRepository, hashCode: 489322615)
2021-08-14 17:14:22.105  INFO 8288 --- [    Test worker] NoteService                              : list(1)
2021-08-14 17:14:22.107  INFO 8288 --- [    Test worker] NoteService                              : PatientService(Mock for NoteRepository, hashCode: 998013787)
2021-08-14 17:14:22.108  INFO 8288 --- [    Test worker] NoteService                              : insert(Mock for Note, hashCode: 1299602151)
2021-08-14 17:14:22.110  INFO 8288 --- [    Test worker] NoteService                              : PatientService(Mock for NoteRepository, hashCode: 64056062)
2021-08-14 17:14:22.111  INFO 8288 --- [    Test worker] NoteService                              : delete(noteId)
2021-08-14 17:14:22.113  INFO 8288 --- [    Test worker] NoteService                              : PatientService(Mock for NoteRepository, hashCode: 1538228092)
2021-08-14 17:14:22.113  INFO 8288 --- [    Test worker] NoteService                              : delete(noteId)
2021-08-14 17:14:22.115  INFO 8288 --- [    Test worker] NoteService                              : PatientService(Mock for NoteRepository, hashCode: 35215588)
2021-08-14 17:14:22.116  INFO 8288 --- [    Test worker] NoteService                              : update(noteId,Mock for Note, hashCode: 2110233378)
2021-08-14 17:14:22.118  INFO 8288 --- [    Test worker] NoteService                              : PatientService(Mock for NoteRepository, hashCode: 1430080948)
2021-08-14 17:14:22.120  INFO 8288 --- [    Test worker] NoteService                              : select(noteId)
2021-08-14 17:14:22.121  INFO 8288 --- [    Test worker] NoteService                              : PatientService(Mock for NoteRepository, hashCode: 407099583)
2021-08-14 17:14:22.122  INFO 8288 --- [    Test worker] NoteService                              : list(1)
2021-08-14 17:14:22.124  INFO 8288 --- [    Test worker] NoteService                              : PatientService(Mock for NoteRepository, hashCode: 1225860788)
2021-08-14 17:14:22.126  INFO 8288 --- [    Test worker] NoteService                              : insert(Mock for Note, hashCode: 1730837983)
2021-08-14 17:14:22.128  INFO 8288 --- [    Test worker] NoteService                              : PatientService(Mock for NoteRepository, hashCode: 659477256)
2021-08-14 17:14:22.129  INFO 8288 --- [    Test worker] NoteService                              : update(noteId,Mock for Note, hashCode: 900697345)
]]></system-out>
  <system-err><![CDATA[]]></system-err>
</testsuite>
