<?xml version="1.0" encoding="UTF-8"?>
<testsuite name="unit.service.NoteServiceUnitTest" tests="5" skipped="0" failures="0" errors="0" timestamp="2021-07-29T17:52:15" hostname="PC-ANTOINE" time="0.026">
  <properties/>
  <testcase name="delete()" classname="unit.service.NoteServiceUnitTest" time="0.002"/>
  <testcase name="insert()" classname="unit.service.NoteServiceUnitTest" time="0.003"/>
  <testcase name="select()" classname="unit.service.NoteServiceUnitTest" time="0.009"/>
  <testcase name="update()" classname="unit.service.NoteServiceUnitTest" time="0.004"/>
  <testcase name="list()" classname="unit.service.NoteServiceUnitTest" time="0.004"/>
  <system-out><![CDATA[2021-07-29 19:52:15.714  INFO 5864 --- [    Test worker] NoteService                              : PatientService(Mock for NoteRepository, hashCode: 1056957747)
2021-07-29 19:52:15.715  INFO 5864 --- [    Test worker] NoteService                              : delete(noteId)
2021-07-29 19:52:15.717  INFO 5864 --- [    Test worker] NoteService                              : PatientService(Mock for NoteRepository, hashCode: 748624258)
2021-07-29 19:52:15.718  INFO 5864 --- [    Test worker] NoteService                              : insert(Mock for Note, hashCode: 909974597)
2021-07-29 19:52:15.721  INFO 5864 --- [    Test worker] NoteService                              : PatientService(Mock for NoteRepository, hashCode: 140913841)
2021-07-29 19:52:15.729  INFO 5864 --- [    Test worker] NoteService                              : select(noteId)
2021-07-29 19:52:15.731  INFO 5864 --- [    Test worker] NoteService                              : PatientService(Mock for NoteRepository, hashCode: 1815374047)
2021-07-29 19:52:15.732  INFO 5864 --- [    Test worker] NoteService                              : update(noteId,Mock for Note, hashCode: 145383674)
2021-07-29 19:52:15.737  INFO 5864 --- [    Test worker] NoteService                              : PatientService(Mock for NoteRepository, hashCode: 1620268241)
2021-07-29 19:52:15.739  INFO 5864 --- [    Test worker] NoteService                              : list(1)
]]></system-out>
  <system-err><![CDATA[]]></system-err>
</testsuite>
