<?xml version="1.0" encoding="UTF-8"?>
<testsuite name="integration.NoteControllerIntegrationTest" tests="5" skipped="0" failures="0" errors="0" timestamp="2021-08-14T15:14:19" hostname="PC-ANTOINE" time="1.34">
  <properties/>
  <testcase name="insert()" classname="integration.NoteControllerIntegrationTest" time="1.119"/>
  <testcase name="list()" classname="integration.NoteControllerIntegrationTest" time="0.111"/>
  <testcase name="select()" classname="integration.NoteControllerIntegrationTest" time="0.043"/>
  <testcase name="update()" classname="integration.NoteControllerIntegrationTest" time="0.031"/>
  <testcase name="delete()" classname="integration.NoteControllerIntegrationTest" time="0.027"/>
  <system-out><![CDATA[17:14:13.747 [Test worker] DEBUG org.springframework.test.context.BootstrapUtils - Instantiating CacheAwareContextLoaderDelegate from class [org.springframework.test.context.cache.DefaultCacheAwareContextLoaderDelegate]
17:14:13.781 [Test worker] DEBUG org.springframework.test.context.BootstrapUtils - Instantiating BootstrapContext using constructor [public org.springframework.test.context.support.DefaultBootstrapContext(java.lang.Class,org.springframework.test.context.CacheAwareContextLoaderDelegate)]
17:14:13.850 [Test worker] DEBUG org.springframework.test.context.BootstrapUtils - Instantiating TestContextBootstrapper for test class [integration.NoteControllerIntegrationTest] from class [org.springframework.boot.test.context.SpringBootTestContextBootstrapper]
17:14:13.892 [Test worker] INFO org.springframework.boot.test.context.SpringBootTestContextBootstrapper - Neither @ContextConfiguration nor @ContextHierarchy found for test class [integration.NoteControllerIntegrationTest], using SpringBootContextLoader
17:14:13.904 [Test worker] DEBUG org.springframework.test.context.support.AbstractContextLoader - Did not detect default resource location for test class [integration.NoteControllerIntegrationTest]: class path resource [integration/NoteControllerIntegrationTest-context.xml] does not exist
17:14:13.905 [Test worker] DEBUG org.springframework.test.context.support.AbstractContextLoader - Did not detect default resource location for test class [integration.NoteControllerIntegrationTest]: class path resource [integration/NoteControllerIntegrationTestContext.groovy] does not exist
17:14:13.906 [Test worker] INFO org.springframework.test.context.support.AbstractContextLoader - Could not detect default resource locations for test class [integration.NoteControllerIntegrationTest]: no resource found for suffixes {-context.xml, Context.groovy}.
17:14:14.000 [Test worker] DEBUG org.springframework.test.context.support.ActiveProfilesUtils - Could not find an 'annotation declaring class' for annotation type [org.springframework.test.context.ActiveProfiles] and class [integration.NoteControllerIntegrationTest]
17:14:14.267 [Test worker] DEBUG org.springframework.boot.test.context.SpringBootTestContextBootstrapper - @TestExecutionListeners is not present for class [integration.NoteControllerIntegrationTest]: using defaults.
17:14:14.268 [Test worker] INFO org.springframework.boot.test.context.SpringBootTestContextBootstrapper - Loaded default TestExecutionListener class names from location [META-INF/spring.factories]: [org.springframework.boot.test.autoconfigure.restdocs.RestDocsTestExecutionListener, org.springframework.boot.test.autoconfigure.web.client.MockRestServiceServerResetTestExecutionListener, org.springframework.boot.test.autoconfigure.web.servlet.MockMvcPrintOnlyOnFailureTestExecutionListener, org.springframework.boot.test.autoconfigure.web.servlet.WebDriverTestExecutionListener, org.springframework.boot.test.autoconfigure.webservices.client.MockWebServiceServerTestExecutionListener, org.springframework.boot.test.mock.mockito.MockitoTestExecutionListener, org.springframework.boot.test.mock.mockito.ResetMocksTestExecutionListener, org.springframework.test.context.web.ServletTestExecutionListener, org.springframework.test.context.support.DirtiesContextBeforeModesTestExecutionListener, org.springframework.test.context.support.DependencyInjectionTestExecutionListener, org.springframework.test.context.support.DirtiesContextTestExecutionListener, org.springframework.test.context.transaction.TransactionalTestExecutionListener, org.springframework.test.context.jdbc.SqlScriptsTestExecutionListener, org.springframework.test.context.event.EventPublishingTestExecutionListener]
17:14:14.307 [Test worker] INFO org.springframework.boot.test.context.SpringBootTestContextBootstrapper - Using TestExecutionListeners: [org.springframework.test.context.web.ServletTestExecutionListener@34490944, org.springframework.test.context.support.DirtiesContextBeforeModesTestExecutionListener@7a267043, org.springframework.boot.test.mock.mockito.MockitoTestExecutionListener@88a1607, org.springframework.boot.test.autoconfigure.SpringBootDependencyInjectionTestExecutionListener@76932657, org.springframework.test.context.support.DirtiesContextTestExecutionListener@aec02e8, org.springframework.test.context.transaction.TransactionalTestExecutionListener@4381cf9e, org.springframework.test.context.jdbc.SqlScriptsTestExecutionListener@1be3c3c7, org.springframework.test.context.event.EventPublishingTestExecutionListener@74adef72, org.springframework.boot.test.autoconfigure.restdocs.RestDocsTestExecutionListener@1e3c584d, org.springframework.boot.test.autoconfigure.web.client.MockRestServiceServerResetTestExecutionListener@530c992b, org.springframework.boot.test.autoconfigure.web.servlet.MockMvcPrintOnlyOnFailureTestExecutionListener@56748576, org.springframework.boot.test.autoconfigure.web.servlet.WebDriverTestExecutionListener@4db926b5, org.springframework.boot.test.autoconfigure.webservices.client.MockWebServiceServerTestExecutionListener@31bbe17f, org.springframework.boot.test.mock.mockito.ResetMocksTestExecutionListener@6c9f3a2]
17:14:14.314 [Test worker] DEBUG org.springframework.test.context.support.AbstractDirtiesContextTestExecutionListener - Before test class: context [DefaultTestContext@6180e165 testClass = NoteControllerIntegrationTest, testInstance = [null], testMethod = [null], testException = [null], mergedContextConfiguration = [WebMergedContextConfiguration@61d5c51b testClass = NoteControllerIntegrationTest, locations = '{}', classes = '{class patientNote.Application}', contextInitializerClasses = '[]', activeProfiles = '{}', propertySourceLocations = '{}', propertySourceProperties = '{org.springframework.boot.test.context.SpringBootTestContextBootstrapper=true}', contextCustomizers = set[org.springframework.boot.test.autoconfigure.properties.PropertyMappingContextCustomizer@0, org.springframework.boot.test.autoconfigure.web.servlet.WebDriverContextCustomizerFactory$Customizer@793d7b8, org.springframework.boot.test.context.filter.ExcludeFilterContextCustomizer@196551d, org.springframework.boot.test.json.DuplicateJsonObjectContextCustomizerFactory$DuplicateJsonObjectContextCustomizer@480b198f, org.springframework.boot.test.mock.mockito.MockitoContextCustomizer@0, org.springframework.boot.test.web.client.TestRestTemplateContextCustomizer@40523def, org.springframework.boot.test.context.SpringBootTestArgs@1, org.springframework.boot.test.context.SpringBootTestWebEnvironment@56ae45ac], resourceBasePath = 'src/main/webapp', contextLoader = 'org.springframework.boot.test.context.SpringBootContextLoader', parent = [null]], attributes = map['org.springframework.test.context.web.ServletTestExecutionListener.activateListener' -> true]], class annotated with @DirtiesContext [false] with mode [null].
17:14:14.784 [Test worker] DEBUG org.springframework.test.context.support.TestPropertySourceUtils - Adding inlined properties to environment: {spring.jmx.enabled=false, org.springframework.boot.test.context.SpringBootTestContextBootstrapper=true}

  .   ____          _            __ _ _
 /\\ / ___'_ __ _ _(_)_ __  __ _ \ \ \ \
( ( )\___ | '_ | '_| | '_ \/ _` | \ \ \ \
 \\/  ___)| |_)| | | | | || (_| |  ) ) ) )
  '  |____| .__|_| |_|_| |_\__, | / / / /
 =========|_|==============|___/=/_/_/_/
 :: Spring Boot ::        (v2.3.9.RELEASE)

2021-08-14 17:14:15.348  INFO 8288 --- [    Test worker] i.NoteControllerIntegrationTest          : Starting NoteControllerIntegrationTest on PC-ANTOINE with PID 8288 (started by Antoine in C:\Users\krawo\IdeaProjects\P9_Mediscreen\PatientNote)
2021-08-14 17:14:15.351  INFO 8288 --- [    Test worker] i.NoteControllerIntegrationTest          : No active profile set, falling back to default profiles: default
2021-08-14 17:14:16.766  INFO 8288 --- [    Test worker] .s.d.r.c.RepositoryConfigurationDelegate : Bootstrapping Spring Data MongoDB repositories in DEFAULT mode.
2021-08-14 17:14:16.865  INFO 8288 --- [    Test worker] .s.d.r.c.RepositoryConfigurationDelegate : Finished Spring Data repository scanning in 90ms. Found 1 MongoDB repository interfaces.
2021-08-14 17:14:17.261  INFO 8288 --- [    Test worker] NoteController                           : PatientNoteController()
2021-08-14 17:14:17.262  INFO 8288 --- [    Test worker] NoteService                              : PatientService()
2021-08-14 17:14:17.268  INFO 8288 --- [    Test worker] NoteService                              : PatientService()
2021-08-14 17:14:17.493  INFO 8288 --- [    Test worker] org.mongodb.driver.cluster               : Cluster created with settings {hosts=[localhost:27017], mode=SINGLE, requiredClusterType=UNKNOWN, serverSelectionTimeout='30000 ms'}
2021-08-14 17:14:17.643  INFO 8288 --- [localhost:27017] org.mongodb.driver.connection            : Opened connection [connectionId{localValue:1, serverValue:6}] to localhost:27017
2021-08-14 17:14:17.657  INFO 8288 --- [localhost:27017] org.mongodb.driver.cluster               : Monitor thread successfully connected to server with description ServerDescription{address=localhost:27017, type=STANDALONE, state=CONNECTED, ok=true, minWireVersion=0, maxWireVersion=13, maxDocumentSize=16777216, logicalSessionTimeoutMinutes=30, roundTripTimeNanos=9560100}
2021-08-14 17:14:18.997  INFO 8288 --- [    Test worker] o.s.s.concurrent.ThreadPoolTaskExecutor  : Initializing ExecutorService 'applicationTaskExecutor'
2021-08-14 17:14:19.712  INFO 8288 --- [    Test worker] o.s.b.a.e.web.EndpointLinksResolver      : Exposing 2 endpoint(s) beneath base path '/actuator'
2021-08-14 17:14:19.780  INFO 8288 --- [    Test worker] i.NoteControllerIntegrationTest          : Started NoteControllerIntegrationTest in 4.973 seconds (JVM running for 7.839)
2021-08-14 17:14:20.461  INFO 8288 --- [    Test worker] o.s.b.t.m.w.SpringBootMockServletContext : Initializing Spring TestDispatcherServlet ''
2021-08-14 17:14:20.461  INFO 8288 --- [    Test worker] o.s.t.web.servlet.TestDispatcherServlet  : Initializing Servlet ''
2021-08-14 17:14:20.481  INFO 8288 --- [    Test worker] o.s.t.web.servlet.TestDispatcherServlet  : Completed initialization in 20 ms
2021-08-14 17:14:20.714  INFO 8288 --- [    Test worker] NoteController                           : insert(patientNote.model.Note@6495442d)
2021-08-14 17:14:20.715  INFO 8288 --- [    Test worker] NoteService                              : insert(patientNote.model.Note@6495442d)
2021-08-14 17:14:20.823  INFO 8288 --- [    Test worker] org.mongodb.driver.connection            : Opened connection [connectionId{localValue:2, serverValue:7}] to localhost:27017
2021-08-14 17:14:20.979  INFO 8288 --- [    Test worker] o.s.b.t.m.w.SpringBootMockServletContext : Initializing Spring TestDispatcherServlet ''
2021-08-14 17:14:20.979  INFO 8288 --- [    Test worker] o.s.t.web.servlet.TestDispatcherServlet  : Initializing Servlet ''
2021-08-14 17:14:20.983  INFO 8288 --- [    Test worker] o.s.t.web.servlet.TestDispatcherServlet  : Completed initialization in 4 ms
2021-08-14 17:14:20.991  INFO 8288 --- [    Test worker] NoteController                           : list(999999999)
2021-08-14 17:14:20.991  INFO 8288 --- [    Test worker] NoteService                              : list(999999999)
2021-08-14 17:14:21.091  INFO 8288 --- [    Test worker] o.s.b.t.m.w.SpringBootMockServletContext : Initializing Spring TestDispatcherServlet ''
2021-08-14 17:14:21.091  INFO 8288 --- [    Test worker] o.s.t.web.servlet.TestDispatcherServlet  : Initializing Servlet ''
2021-08-14 17:14:21.094  INFO 8288 --- [    Test worker] o.s.t.web.servlet.TestDispatcherServlet  : Completed initialization in 2 ms
2021-08-14 17:14:21.106  INFO 8288 --- [    Test worker] NoteController                           : select(6117ddcce05f513c715d2d8e)
2021-08-14 17:14:21.106  INFO 8288 --- [    Test worker] NoteService                              : select(6117ddcce05f513c715d2d8e)
2021-08-14 17:14:21.135  INFO 8288 --- [    Test worker] o.s.b.t.m.w.SpringBootMockServletContext : Initializing Spring TestDispatcherServlet ''
2021-08-14 17:14:21.136  INFO 8288 --- [    Test worker] o.s.t.web.servlet.TestDispatcherServlet  : Initializing Servlet ''
2021-08-14 17:14:21.138  INFO 8288 --- [    Test worker] o.s.t.web.servlet.TestDispatcherServlet  : Completed initialization in 2 ms
2021-08-14 17:14:21.146  INFO 8288 --- [    Test worker] NoteController                           : update(6117ddcce05f513c715d2d8e,patientNote.model.Note@6ddf8ae5)
2021-08-14 17:14:21.147  INFO 8288 --- [    Test worker] NoteService                              : update(6117ddcce05f513c715d2d8e,patientNote.model.Note@6ddf8ae5)
2021-08-14 17:14:21.167  INFO 8288 --- [    Test worker] o.s.b.t.m.w.SpringBootMockServletContext : Initializing Spring TestDispatcherServlet ''
2021-08-14 17:14:21.168  INFO 8288 --- [    Test worker] o.s.t.web.servlet.TestDispatcherServlet  : Initializing Servlet ''
2021-08-14 17:14:21.171  INFO 8288 --- [    Test worker] o.s.t.web.servlet.TestDispatcherServlet  : Completed initialization in 3 ms
2021-08-14 17:14:21.176  INFO 8288 --- [    Test worker] NoteController                           : delete(6117ddcce05f513c715d2d8e)
2021-08-14 17:14:21.176  INFO 8288 --- [    Test worker] NoteService                              : delete(6117ddcce05f513c715d2d8e)
]]></system-out>
  <system-err><![CDATA[]]></system-err>
</testsuite>
