<?xml version="1.0" encoding="UTF-8"?>
<testsuite name="integration.NoteControllerIntegrationTest" tests="5" skipped="0" failures="0" errors="0" timestamp="2021-08-10T13:29:58" hostname="PC-ANTOINE" time="1.544">
  <properties/>
  <testcase name="insert()" classname="integration.NoteControllerIntegrationTest" time="1.291"/>
  <testcase name="list()" classname="integration.NoteControllerIntegrationTest" time="0.104"/>
  <testcase name="select()" classname="integration.NoteControllerIntegrationTest" time="0.06"/>
  <testcase name="update()" classname="integration.NoteControllerIntegrationTest" time="0.051"/>
  <testcase name="delete()" classname="integration.NoteControllerIntegrationTest" time="0.03"/>
  <system-out><![CDATA[15:29:51.519 [Test worker] DEBUG org.springframework.test.context.BootstrapUtils - Instantiating CacheAwareContextLoaderDelegate from class [org.springframework.test.context.cache.DefaultCacheAwareContextLoaderDelegate]
15:29:51.560 [Test worker] DEBUG org.springframework.test.context.BootstrapUtils - Instantiating BootstrapContext using constructor [public org.springframework.test.context.support.DefaultBootstrapContext(java.lang.Class,org.springframework.test.context.CacheAwareContextLoaderDelegate)]
15:29:51.629 [Test worker] DEBUG org.springframework.test.context.BootstrapUtils - Instantiating TestContextBootstrapper for test class [integration.NoteControllerIntegrationTest] from class [org.springframework.boot.test.context.SpringBootTestContextBootstrapper]
15:29:51.669 [Test worker] INFO org.springframework.boot.test.context.SpringBootTestContextBootstrapper - Neither @ContextConfiguration nor @ContextHierarchy found for test class [integration.NoteControllerIntegrationTest], using SpringBootContextLoader
15:29:51.680 [Test worker] DEBUG org.springframework.test.context.support.AbstractContextLoader - Did not detect default resource location for test class [integration.NoteControllerIntegrationTest]: class path resource [integration/NoteControllerIntegrationTest-context.xml] does not exist
15:29:51.681 [Test worker] DEBUG org.springframework.test.context.support.AbstractContextLoader - Did not detect default resource location for test class [integration.NoteControllerIntegrationTest]: class path resource [integration/NoteControllerIntegrationTestContext.groovy] does not exist
15:29:51.681 [Test worker] INFO org.springframework.test.context.support.AbstractContextLoader - Could not detect default resource locations for test class [integration.NoteControllerIntegrationTest]: no resource found for suffixes {-context.xml, Context.groovy}.
15:29:51.765 [Test worker] DEBUG org.springframework.test.context.support.ActiveProfilesUtils - Could not find an 'annotation declaring class' for annotation type [org.springframework.test.context.ActiveProfiles] and class [integration.NoteControllerIntegrationTest]
15:29:52.041 [Test worker] DEBUG org.springframework.boot.test.context.SpringBootTestContextBootstrapper - @TestExecutionListeners is not present for class [integration.NoteControllerIntegrationTest]: using defaults.
15:29:52.042 [Test worker] INFO org.springframework.boot.test.context.SpringBootTestContextBootstrapper - Loaded default TestExecutionListener class names from location [META-INF/spring.factories]: [org.springframework.boot.test.autoconfigure.restdocs.RestDocsTestExecutionListener, org.springframework.boot.test.autoconfigure.web.client.MockRestServiceServerResetTestExecutionListener, org.springframework.boot.test.autoconfigure.web.servlet.MockMvcPrintOnlyOnFailureTestExecutionListener, org.springframework.boot.test.autoconfigure.web.servlet.WebDriverTestExecutionListener, org.springframework.boot.test.autoconfigure.webservices.client.MockWebServiceServerTestExecutionListener, org.springframework.boot.test.mock.mockito.MockitoTestExecutionListener, org.springframework.boot.test.mock.mockito.ResetMocksTestExecutionListener, org.springframework.test.context.web.ServletTestExecutionListener, org.springframework.test.context.support.DirtiesContextBeforeModesTestExecutionListener, org.springframework.test.context.support.DependencyInjectionTestExecutionListener, org.springframework.test.context.support.DirtiesContextTestExecutionListener, org.springframework.test.context.transaction.TransactionalTestExecutionListener, org.springframework.test.context.jdbc.SqlScriptsTestExecutionListener, org.springframework.test.context.event.EventPublishingTestExecutionListener]
15:29:52.086 [Test worker] INFO org.springframework.boot.test.context.SpringBootTestContextBootstrapper - Using TestExecutionListeners: [org.springframework.test.context.web.ServletTestExecutionListener@4fc00c8e, org.springframework.test.context.support.DirtiesContextBeforeModesTestExecutionListener@73affce3, org.springframework.boot.test.mock.mockito.MockitoTestExecutionListener@57e4310f, org.springframework.boot.test.autoconfigure.SpringBootDependencyInjectionTestExecutionListener@59c62d4f, org.springframework.test.context.support.DirtiesContextTestExecutionListener@162dee85, org.springframework.test.context.transaction.TransactionalTestExecutionListener@1a695047, org.springframework.test.context.jdbc.SqlScriptsTestExecutionListener@6c73664c, org.springframework.test.context.event.EventPublishingTestExecutionListener@43782d8, org.springframework.boot.test.autoconfigure.restdocs.RestDocsTestExecutionListener@7d971d1d, org.springframework.boot.test.autoconfigure.web.client.MockRestServiceServerResetTestExecutionListener@2dac8180, org.springframework.boot.test.autoconfigure.web.servlet.MockMvcPrintOnlyOnFailureTestExecutionListener@5a9ac37f, org.springframework.boot.test.autoconfigure.web.servlet.WebDriverTestExecutionListener@6203abb6, org.springframework.boot.test.autoconfigure.webservices.client.MockWebServiceServerTestExecutionListener@27393d1e, org.springframework.boot.test.mock.mockito.ResetMocksTestExecutionListener@6ed008f8]
15:29:52.094 [Test worker] DEBUG org.springframework.test.context.support.AbstractDirtiesContextTestExecutionListener - Before test class: context [DefaultTestContext@2067dc91 testClass = NoteControllerIntegrationTest, testInstance = [null], testMethod = [null], testException = [null], mergedContextConfiguration = [WebMergedContextConfiguration@58387580 testClass = NoteControllerIntegrationTest, locations = '{}', classes = '{class patientNote.Application}', contextInitializerClasses = '[]', activeProfiles = '{}', propertySourceLocations = '{}', propertySourceProperties = '{org.springframework.boot.test.context.SpringBootTestContextBootstrapper=true}', contextCustomizers = set[org.springframework.boot.test.autoconfigure.properties.PropertyMappingContextCustomizer@0, org.springframework.boot.test.autoconfigure.web.servlet.WebDriverContextCustomizerFactory$Customizer@23fd701b, org.springframework.boot.test.context.filter.ExcludeFilterContextCustomizer@3c4a4bd8, org.springframework.boot.test.json.DuplicateJsonObjectContextCustomizerFactory$DuplicateJsonObjectContextCustomizer@166da3ea, org.springframework.boot.test.mock.mockito.MockitoContextCustomizer@0, org.springframework.boot.test.web.client.TestRestTemplateContextCustomizer@76317931, org.springframework.boot.test.context.SpringBootTestArgs@1, org.springframework.boot.test.context.SpringBootTestWebEnvironment@3cc26d0a], resourceBasePath = 'src/main/webapp', contextLoader = 'org.springframework.boot.test.context.SpringBootContextLoader', parent = [null]], attributes = map['org.springframework.test.context.web.ServletTestExecutionListener.activateListener' -> true]], class annotated with @DirtiesContext [false] with mode [null].
15:29:52.659 [Test worker] DEBUG org.springframework.test.context.support.TestPropertySourceUtils - Adding inlined properties to environment: {spring.jmx.enabled=false, org.springframework.boot.test.context.SpringBootTestContextBootstrapper=true}

  .   ____          _            __ _ _
 /\\ / ___'_ __ _ _(_)_ __  __ _ \ \ \ \
( ( )\___ | '_ | '_| | '_ \/ _` | \ \ \ \
 \\/  ___)| |_)| | | | | || (_| |  ) ) ) )
  '  |____| .__|_| |_|_| |_\__, | / / / /
 =========|_|==============|___/=/_/_/_/
 :: Spring Boot ::        (v2.3.9.RELEASE)

2021-08-10 15:29:53.274  INFO 14016 --- [    Test worker] i.NoteControllerIntegrationTest          : Starting NoteControllerIntegrationTest on PC-ANTOINE with PID 14016 (started by Antoine in C:\Users\krawo\IdeaProjects\P9_Mediscreen\PatientNote)
2021-08-10 15:29:53.276  INFO 14016 --- [    Test worker] i.NoteControllerIntegrationTest          : No active profile set, falling back to default profiles: default
2021-08-10 15:29:55.166  INFO 14016 --- [    Test worker] .s.d.r.c.RepositoryConfigurationDelegate : Bootstrapping Spring Data MongoDB repositories in DEFAULT mode.
2021-08-10 15:29:55.274  INFO 14016 --- [    Test worker] .s.d.r.c.RepositoryConfigurationDelegate : Finished Spring Data repository scanning in 99ms. Found 1 MongoDB repository interfaces.
2021-08-10 15:29:55.688  INFO 14016 --- [    Test worker] NoteController                           : PatientNoteController()
2021-08-10 15:29:55.689  INFO 14016 --- [    Test worker] NoteService                              : PatientService()
2021-08-10 15:29:55.698  INFO 14016 --- [    Test worker] NoteService                              : PatientService()
2021-08-10 15:29:55.938  INFO 14016 --- [    Test worker] org.mongodb.driver.cluster               : Cluster created with settings {hosts=[localhost:27017], mode=SINGLE, requiredClusterType=UNKNOWN, serverSelectionTimeout='30000 ms'}
2021-08-10 15:29:56.066  INFO 14016 --- [localhost:27017] org.mongodb.driver.connection            : Opened connection [connectionId{localValue:1, serverValue:238}] to localhost:27017
2021-08-10 15:29:56.076  INFO 14016 --- [localhost:27017] org.mongodb.driver.cluster               : Monitor thread successfully connected to server with description ServerDescription{address=localhost:27017, type=STANDALONE, state=CONNECTED, ok=true, minWireVersion=0, maxWireVersion=13, maxDocumentSize=16777216, logicalSessionTimeoutMinutes=30, roundTripTimeNanos=6792400}
2021-08-10 15:29:57.482  INFO 14016 --- [    Test worker] o.s.s.concurrent.ThreadPoolTaskExecutor  : Initializing ExecutorService 'applicationTaskExecutor'
2021-08-10 15:29:58.259  INFO 14016 --- [    Test worker] o.s.b.a.e.web.EndpointLinksResolver      : Exposing 2 endpoint(s) beneath base path '/actuator'
2021-08-10 15:29:58.341  INFO 14016 --- [    Test worker] i.NoteControllerIntegrationTest          : Started NoteControllerIntegrationTest in 5.648 seconds (JVM running for 8.753)
2021-08-10 15:29:59.222  INFO 14016 --- [    Test worker] o.s.b.t.m.w.SpringBootMockServletContext : Initializing Spring TestDispatcherServlet ''
2021-08-10 15:29:59.222  INFO 14016 --- [    Test worker] o.s.t.web.servlet.TestDispatcherServlet  : Initializing Servlet ''
2021-08-10 15:29:59.247  INFO 14016 --- [    Test worker] o.s.t.web.servlet.TestDispatcherServlet  : Completed initialization in 25 ms
2021-08-10 15:29:59.474  INFO 14016 --- [    Test worker] NoteController                           : insert(patientNote.model.Note@171a9cec)
2021-08-10 15:29:59.474  INFO 14016 --- [    Test worker] NoteService                              : insert(patientNote.model.Note@171a9cec)
2021-08-10 15:29:59.582  INFO 14016 --- [    Test worker] org.mongodb.driver.connection            : Opened connection [connectionId{localValue:2, serverValue:239}] to localhost:27017
2021-08-10 15:29:59.725  INFO 14016 --- [    Test worker] o.s.b.t.m.w.SpringBootMockServletContext : Initializing Spring TestDispatcherServlet ''
2021-08-10 15:29:59.725  INFO 14016 --- [    Test worker] o.s.t.web.servlet.TestDispatcherServlet  : Initializing Servlet ''
2021-08-10 15:29:59.727  INFO 14016 --- [    Test worker] o.s.t.web.servlet.TestDispatcherServlet  : Completed initialization in 2 ms
2021-08-10 15:29:59.733  INFO 14016 --- [    Test worker] NoteController                           : list(999999999)
2021-08-10 15:29:59.733  INFO 14016 --- [    Test worker] NoteService                              : list(999999999)
2021-08-10 15:29:59.831  INFO 14016 --- [    Test worker] o.s.b.t.m.w.SpringBootMockServletContext : Initializing Spring TestDispatcherServlet ''
2021-08-10 15:29:59.831  INFO 14016 --- [    Test worker] o.s.t.web.servlet.TestDispatcherServlet  : Initializing Servlet ''
2021-08-10 15:29:59.840  INFO 14016 --- [    Test worker] o.s.t.web.servlet.TestDispatcherServlet  : Completed initialization in 5 ms
2021-08-10 15:29:59.853  INFO 14016 --- [    Test worker] NoteController                           : select(61127f575fe35f13da80974d)
2021-08-10 15:29:59.853  INFO 14016 --- [    Test worker] NoteService                              : select(61127f575fe35f13da80974d)
2021-08-10 15:29:59.894  INFO 14016 --- [    Test worker] o.s.b.t.m.w.SpringBootMockServletContext : Initializing Spring TestDispatcherServlet ''
2021-08-10 15:29:59.894  INFO 14016 --- [    Test worker] o.s.t.web.servlet.TestDispatcherServlet  : Initializing Servlet ''
2021-08-10 15:29:59.898  INFO 14016 --- [    Test worker] o.s.t.web.servlet.TestDispatcherServlet  : Completed initialization in 3 ms
2021-08-10 15:29:59.910  INFO 14016 --- [    Test worker] NoteController                           : update(61127f575fe35f13da80974d,patientNote.model.Note@7817733)
2021-08-10 15:29:59.911  INFO 14016 --- [    Test worker] NoteService                              : update(61127f575fe35f13da80974d,patientNote.model.Note@7817733)
2021-08-10 15:29:59.947  INFO 14016 --- [    Test worker] o.s.b.t.m.w.SpringBootMockServletContext : Initializing Spring TestDispatcherServlet ''
2021-08-10 15:29:59.947  INFO 14016 --- [    Test worker] o.s.t.web.servlet.TestDispatcherServlet  : Initializing Servlet ''
2021-08-10 15:29:59.951  INFO 14016 --- [    Test worker] o.s.t.web.servlet.TestDispatcherServlet  : Completed initialization in 3 ms
2021-08-10 15:29:59.958  INFO 14016 --- [    Test worker] NoteController                           : delete(61127f575fe35f13da80974d)
2021-08-10 15:29:59.958  INFO 14016 --- [    Test worker] NoteService                              : delete(61127f575fe35f13da80974d)
]]></system-out>
  <system-err><![CDATA[]]></system-err>
</testsuite>
