<?xml version="1.0" encoding="UTF-8"?>
<testsuite name="unit.controller.NoteControllerUnitTest" tests="10" skipped="0" failures="0" errors="0" timestamp="2021-08-10T10:25:06" hostname="PC-ANTOINE" time="0.14">
  <properties/>
  <testcase name="update_status_200()" classname="unit.controller.NoteControllerUnitTest" time="0.101"/>
  <testcase name="update_status_400()" classname="unit.controller.NoteControllerUnitTest" time="0.005"/>
  <testcase name="delete_status_200()" classname="unit.controller.NoteControllerUnitTest" time="0.003"/>
  <testcase name="delete_status_400()" classname="unit.controller.NoteControllerUnitTest" time="0.003"/>
  <testcase name="select_status_200()" classname="unit.controller.NoteControllerUnitTest" time="0.004"/>
  <testcase name="select_status_404()" classname="unit.controller.NoteControllerUnitTest" time="0.004"/>
  <testcase name="list_status_200()" classname="unit.controller.NoteControllerUnitTest" time="0.004"/>
  <testcase name="list_status_404()" classname="unit.controller.NoteControllerUnitTest" time="0.002"/>
  <testcase name="insert_status_200()" classname="unit.controller.NoteControllerUnitTest" time="0.004"/>
  <testcase name="insert_status_400()" classname="unit.controller.NoteControllerUnitTest" time="0.004"/>
  <system-out><![CDATA[2021-08-10 12:25:06.909  INFO 9876 --- [    Test worker] NoteController                           : PatientNoteController(Mock for NoteServiceInterface, hashCode: 2052804078,Mock for ObjectMapper, hashCode: 371013189)
2021-08-10 12:25:06.960  INFO 9876 --- [    Test worker] NoteController                           : update(noteId,Mock for Note, hashCode: 719679654)
2021-08-10 12:25:06.988  INFO 9876 --- [    Test worker] NoteController                           : PatientNoteController(Mock for NoteServiceInterface, hashCode: 2047903374,Mock for ObjectMapper, hashCode: 1461736342)
2021-08-10 12:25:06.990  INFO 9876 --- [    Test worker] NoteController                           : update(noteId,Mock for Note, hashCode: 385175952)
2021-08-10 12:25:06.993  INFO 9876 --- [    Test worker] NoteController                           : PatientNoteController(Mock for NoteServiceInterface, hashCode: 1137737246,Mock for ObjectMapper, hashCode: 1032500252)
2021-08-10 12:25:06.994  INFO 9876 --- [    Test worker] NoteController                           : delete(noteId)
2021-08-10 12:25:06.997  INFO 9876 --- [    Test worker] NoteController                           : PatientNoteController(Mock for NoteServiceInterface, hashCode: 1751383256,Mock for ObjectMapper, hashCode: 1411795349)
2021-08-10 12:25:06.997  INFO 9876 --- [    Test worker] NoteController                           : delete(noteId)
2021-08-10 12:25:07.000  INFO 9876 --- [    Test worker] NoteController                           : PatientNoteController(Mock for NoteServiceInterface, hashCode: 340196737,Mock for ObjectMapper, hashCode: 2089062721)
2021-08-10 12:25:07.001  INFO 9876 --- [    Test worker] NoteController                           : select(noteId)
2021-08-10 12:25:07.005  INFO 9876 --- [    Test worker] NoteController                           : PatientNoteController(Mock for NoteServiceInterface, hashCode: 1836760383,Mock for ObjectMapper, hashCode: 1316220900)
2021-08-10 12:25:07.006  INFO 9876 --- [    Test worker] NoteController                           : select(noteId)
2021-08-10 12:25:07.010  INFO 9876 --- [    Test worker] NoteController                           : PatientNoteController(Mock for NoteServiceInterface, hashCode: 371548658,Mock for ObjectMapper, hashCode: 751842188)
2021-08-10 12:25:07.011  INFO 9876 --- [    Test worker] NoteController                           : list(1)
2021-08-10 12:25:07.014  INFO 9876 --- [    Test worker] NoteController                           : PatientNoteController(Mock for NoteServiceInterface, hashCode: 1168519640,Mock for ObjectMapper, hashCode: 2016535151)
2021-08-10 12:25:07.015  INFO 9876 --- [    Test worker] NoteController                           : list(1)
2021-08-10 12:25:07.018  INFO 9876 --- [    Test worker] NoteController                           : PatientNoteController(Mock for NoteServiceInterface, hashCode: 1790954005,Mock for ObjectMapper, hashCode: 501907383)
2021-08-10 12:25:07.019  INFO 9876 --- [    Test worker] NoteController                           : insert(Mock for Note, hashCode: 1342008302)
2021-08-10 12:25:07.023  INFO 9876 --- [    Test worker] NoteController                           : PatientNoteController(Mock for NoteServiceInterface, hashCode: 1235162849,Mock for ObjectMapper, hashCode: 1575260837)
2021-08-10 12:25:07.024  INFO 9876 --- [    Test worker] NoteController                           : insert(Mock for Note, hashCode: 331176297)
]]></system-out>
  <system-err><![CDATA[]]></system-err>
</testsuite>
