<?xml version="1.0" encoding="UTF-8"?>
<testsuite name="unit.controller.NoteControllerUnitTest" tests="5" skipped="0" failures="0" errors="0" timestamp="2021-08-05T15:01:48" hostname="PC-ANTOINE" time="0.122">
  <properties/>
  <testcase name="delete()" classname="unit.controller.NoteControllerUnitTest" time="0.037"/>
  <testcase name="insert()" classname="unit.controller.NoteControllerUnitTest" time="0.071"/>
  <testcase name="select()" classname="unit.controller.NoteControllerUnitTest" time="0.003"/>
  <testcase name="update()" classname="unit.controller.NoteControllerUnitTest" time="0.003"/>
  <testcase name="list()" classname="unit.controller.NoteControllerUnitTest" time="0.003"/>
  <system-out><![CDATA[2021-08-05 17:01:48.145  INFO 17004 --- [    Test worker] NoteController                           : PatientNoteController(Mock for NoteServiceInterface, hashCode: 1774036391)
2021-08-05 17:01:48.146  INFO 17004 --- [    Test worker] NoteController                           : delete(noteId)
2021-08-05 17:01:48.167  INFO 17004 --- [    Test worker] NoteController                           : PatientNoteController(Mock for NoteServiceInterface, hashCode: 79431917)
2021-08-05 17:01:48.235  INFO 17004 --- [    Test worker] NoteController                           : insert(Mock for Note, hashCode: 861660688)
2021-08-05 17:01:48.238  INFO 17004 --- [    Test worker] NoteController                           : PatientNoteController(Mock for NoteServiceInterface, hashCode: 445418845)
2021-08-05 17:01:48.239  INFO 17004 --- [    Test worker] NoteController                           : select(noteId)
2021-08-05 17:01:48.242  INFO 17004 --- [    Test worker] NoteController                           : PatientNoteController(Mock for NoteServiceInterface, hashCode: 1536189794)
2021-08-05 17:01:48.243  INFO 17004 --- [    Test worker] NoteController                           : update(noteId,Mock for Note, hashCode: 1163349608)
2021-08-05 17:01:48.247  INFO 17004 --- [    Test worker] NoteController                           : PatientNoteController(Mock for NoteServiceInterface, hashCode: 693128116)
2021-08-05 17:01:48.248  INFO 17004 --- [    Test worker] NoteController                           : list(1)
]]></system-out>
  <system-err><![CDATA[]]></system-err>
</testsuite>
