<?xml version="1.0" encoding="UTF-8"?>
<testsuite name="unit.service.NoteServiceUnitTest" tests="5" skipped="0" failures="0" errors="0" timestamp="2021-08-05T15:01:48" hostname="PC-ANTOINE" time="0.03">
  <properties/>
  <testcase name="delete()" classname="unit.service.NoteServiceUnitTest" time="0.002"/>
  <testcase name="insert()" classname="unit.service.NoteServiceUnitTest" time="0.002"/>
  <testcase name="select()" classname="unit.service.NoteServiceUnitTest" time="0.014"/>
  <testcase name="update()" classname="unit.service.NoteServiceUnitTest" time="0.004"/>
  <testcase name="list()" classname="unit.service.NoteServiceUnitTest" time="0.004"/>
  <system-out><![CDATA[2021-08-05 17:01:48.338  INFO 17004 --- [    Test worker] NoteService                              : PatientService(Mock for NoteRepository, hashCode: 1129031726)
2021-08-05 17:01:48.339  INFO 17004 --- [    Test worker] NoteService                              : delete(noteId)
2021-08-05 17:01:48.341  INFO 17004 --- [    Test worker] NoteService                              : PatientService(Mock for NoteRepository, hashCode: 1772411866)
2021-08-05 17:01:48.342  INFO 17004 --- [    Test worker] NoteService                              : insert(Mock for Note, hashCode: 936300707)
2021-08-05 17:01:48.344  INFO 17004 --- [    Test worker] NoteService                              : PatientService(Mock for NoteRepository, hashCode: 495217154)
2021-08-05 17:01:48.355  INFO 17004 --- [    Test worker] NoteService                              : select(noteId)
2021-08-05 17:01:48.359  INFO 17004 --- [    Test worker] NoteService                              : PatientService(Mock for NoteRepository, hashCode: 173365431)
2021-08-05 17:01:48.361  INFO 17004 --- [    Test worker] NoteService                              : update(noteId,Mock for Note, hashCode: 329497297)
2021-08-05 17:01:48.365  INFO 17004 --- [    Test worker] NoteService                              : PatientService(Mock for NoteRepository, hashCode: 1410351811)
2021-08-05 17:01:48.367  INFO 17004 --- [    Test worker] NoteService                              : list(1)
]]></system-out>
  <system-err><![CDATA[]]></system-err>
</testsuite>
