<?xml version="1.0" encoding="UTF-8"?>
<testsuite name="unit.controller.NoteControllerUnitTest" tests="10" skipped="0" failures="0" errors="0" timestamp="2021-08-11T09:29:54" hostname="PC-ANTOINE" time="0.092">
  <properties/>
  <testcase name="update_status_200()" classname="unit.controller.NoteControllerUnitTest" time="0.06"/>
  <testcase name="update_status_400()" classname="unit.controller.NoteControllerUnitTest" time="0.003"/>
  <testcase name="delete_status_200()" classname="unit.controller.NoteControllerUnitTest" time="0.003"/>
  <testcase name="delete_status_400()" classname="unit.controller.NoteControllerUnitTest" time="0.003"/>
  <testcase name="select_status_200()" classname="unit.controller.NoteControllerUnitTest" time="0.003"/>
  <testcase name="select_status_404()" classname="unit.controller.NoteControllerUnitTest" time="0.003"/>
  <testcase name="list_status_200()" classname="unit.controller.NoteControllerUnitTest" time="0.003"/>
  <testcase name="list_status_404()" classname="unit.controller.NoteControllerUnitTest" time="0.003"/>
  <testcase name="insert_status_200()" classname="unit.controller.NoteControllerUnitTest" time="0.003"/>
  <testcase name="insert_status_400()" classname="unit.controller.NoteControllerUnitTest" time="0.003"/>
  <system-out><![CDATA[2021-08-11 11:29:54.749  INFO 12476 --- [    Test worker] NoteController                           : PatientNoteController(Mock for NoteServiceInterface, hashCode: 447603618,Mock for ObjectMapper, hashCode: 1181083685)
2021-08-11 11:29:54.779  INFO 12476 --- [    Test worker] NoteController                           : update(noteId,Mock for Note, hashCode: 1147546602)
2021-08-11 11:29:54.796  INFO 12476 --- [    Test worker] NoteController                           : PatientNoteController(Mock for NoteServiceInterface, hashCode: 1299233750,Mock for ObjectMapper, hashCode: 592359666)
2021-08-11 11:29:54.797  INFO 12476 --- [    Test worker] NoteController                           : update(noteId,Mock for Note, hashCode: 1628125289)
2021-08-11 11:29:54.799  INFO 12476 --- [    Test worker] NoteController                           : PatientNoteController(Mock for NoteServiceInterface, hashCode: 1114787950,Mock for ObjectMapper, hashCode: 169143805)
2021-08-11 11:29:54.800  INFO 12476 --- [    Test worker] NoteController                           : delete(noteId)
2021-08-11 11:29:54.803  INFO 12476 --- [    Test worker] NoteController                           : PatientNoteController(Mock for NoteServiceInterface, hashCode: 1552614765,Mock for ObjectMapper, hashCode: 1694217957)
2021-08-11 11:29:54.804  INFO 12476 --- [    Test worker] NoteController                           : delete(noteId)
2021-08-11 11:29:54.807  INFO 12476 --- [    Test worker] NoteController                           : PatientNoteController(Mock for NoteServiceInterface, hashCode: 878345012,Mock for ObjectMapper, hashCode: 428610375)
2021-08-11 11:29:54.808  INFO 12476 --- [    Test worker] NoteController                           : select(noteId)
2021-08-11 11:29:54.810  INFO 12476 --- [    Test worker] NoteController                           : PatientNoteController(Mock for NoteServiceInterface, hashCode: 610077864,Mock for ObjectMapper, hashCode: 1136218316)
2021-08-11 11:29:54.811  INFO 12476 --- [    Test worker] NoteController                           : select(noteId)
2021-08-11 11:29:54.813  INFO 12476 --- [    Test worker] NoteController                           : PatientNoteController(Mock for NoteServiceInterface, hashCode: 987129303,Mock for ObjectMapper, hashCode: 1632554134)
2021-08-11 11:29:54.815  INFO 12476 --- [    Test worker] NoteController                           : list(1)
2021-08-11 11:29:54.818  INFO 12476 --- [    Test worker] NoteController                           : PatientNoteController(Mock for NoteServiceInterface, hashCode: 604810768,Mock for ObjectMapper, hashCode: 763203483)
2021-08-11 11:29:54.818  INFO 12476 --- [    Test worker] NoteController                           : list(1)
2021-08-11 11:29:54.821  INFO 12476 --- [    Test worker] NoteController                           : PatientNoteController(Mock for NoteServiceInterface, hashCode: 52291035,Mock for ObjectMapper, hashCode: 1113432948)
2021-08-11 11:29:54.822  INFO 12476 --- [    Test worker] NoteController                           : insert(Mock for Note, hashCode: 2127012317)
2021-08-11 11:29:54.824  INFO 12476 --- [    Test worker] NoteController                           : PatientNoteController(Mock for NoteServiceInterface, hashCode: 962417667,Mock for ObjectMapper, hashCode: 1426214350)
2021-08-11 11:29:54.825  INFO 12476 --- [    Test worker] NoteController                           : insert(Mock for Note, hashCode: 2053837337)
]]></system-out>
  <system-err><![CDATA[]]></system-err>
</testsuite>
