<?xml version="1.0" encoding="UTF-8"?>
<testsuite name="integration.NoteControllerIntegrationTest" tests="5" skipped="0" failures="0" errors="0" timestamp="2021-08-11T09:29:52" hostname="PC-ANTOINE" time="1.282">
  <properties/>
  <testcase name="insert()" classname="integration.NoteControllerIntegrationTest" time="1.084"/>
  <testcase name="list()" classname="integration.NoteControllerIntegrationTest" time="0.103"/>
  <testcase name="select()" classname="integration.NoteControllerIntegrationTest" time="0.043"/>
  <testcase name="update()" classname="integration.NoteControllerIntegrationTest" time="0.023"/>
  <testcase name="delete()" classname="integration.NoteControllerIntegrationTest" time="0.023"/>
  <system-out><![CDATA[11:29:46.870 [Test worker] DEBUG org.springframework.test.context.BootstrapUtils - Instantiating CacheAwareContextLoaderDelegate from class [org.springframework.test.context.cache.DefaultCacheAwareContextLoaderDelegate]
11:29:46.912 [Test worker] DEBUG org.springframework.test.context.BootstrapUtils - Instantiating BootstrapContext using constructor [public org.springframework.test.context.support.DefaultBootstrapContext(java.lang.Class,org.springframework.test.context.CacheAwareContextLoaderDelegate)]
11:29:46.981 [Test worker] DEBUG org.springframework.test.context.BootstrapUtils - Instantiating TestContextBootstrapper for test class [integration.NoteControllerIntegrationTest] from class [org.springframework.boot.test.context.SpringBootTestContextBootstrapper]
11:29:47.016 [Test worker] INFO org.springframework.boot.test.context.SpringBootTestContextBootstrapper - Neither @ContextConfiguration nor @ContextHierarchy found for test class [integration.NoteControllerIntegrationTest], using SpringBootContextLoader
11:29:47.023 [Test worker] DEBUG org.springframework.test.context.support.AbstractContextLoader - Did not detect default resource location for test class [integration.NoteControllerIntegrationTest]: class path resource [integration/NoteControllerIntegrationTest-context.xml] does not exist
11:29:47.024 [Test worker] DEBUG org.springframework.test.context.support.AbstractContextLoader - Did not detect default resource location for test class [integration.NoteControllerIntegrationTest]: class path resource [integration/NoteControllerIntegrationTestContext.groovy] does not exist
11:29:47.024 [Test worker] INFO org.springframework.test.context.support.AbstractContextLoader - Could not detect default resource locations for test class [integration.NoteControllerIntegrationTest]: no resource found for suffixes {-context.xml, Context.groovy}.
11:29:47.123 [Test worker] DEBUG org.springframework.test.context.support.ActiveProfilesUtils - Could not find an 'annotation declaring class' for annotation type [org.springframework.test.context.ActiveProfiles] and class [integration.NoteControllerIntegrationTest]
11:29:47.384 [Test worker] DEBUG org.springframework.boot.test.context.SpringBootTestContextBootstrapper - @TestExecutionListeners is not present for class [integration.NoteControllerIntegrationTest]: using defaults.
11:29:47.386 [Test worker] INFO org.springframework.boot.test.context.SpringBootTestContextBootstrapper - Loaded default TestExecutionListener class names from location [META-INF/spring.factories]: [org.springframework.boot.test.autoconfigure.restdocs.RestDocsTestExecutionListener, org.springframework.boot.test.autoconfigure.web.client.MockRestServiceServerResetTestExecutionListener, org.springframework.boot.test.autoconfigure.web.servlet.MockMvcPrintOnlyOnFailureTestExecutionListener, org.springframework.boot.test.autoconfigure.web.servlet.WebDriverTestExecutionListener, org.springframework.boot.test.autoconfigure.webservices.client.MockWebServiceServerTestExecutionListener, org.springframework.boot.test.mock.mockito.MockitoTestExecutionListener, org.springframework.boot.test.mock.mockito.ResetMocksTestExecutionListener, org.springframework.test.context.web.ServletTestExecutionListener, org.springframework.test.context.support.DirtiesContextBeforeModesTestExecutionListener, org.springframework.test.context.support.DependencyInjectionTestExecutionListener, org.springframework.test.context.support.DirtiesContextTestExecutionListener, org.springframework.test.context.transaction.TransactionalTestExecutionListener, org.springframework.test.context.jdbc.SqlScriptsTestExecutionListener, org.springframework.test.context.event.EventPublishingTestExecutionListener]
11:29:47.420 [Test worker] INFO org.springframework.boot.test.context.SpringBootTestContextBootstrapper - Using TestExecutionListeners: [org.springframework.test.context.web.ServletTestExecutionListener@7a7d4dd4, org.springframework.test.context.support.DirtiesContextBeforeModesTestExecutionListener@11853ce3, org.springframework.boot.test.mock.mockito.MockitoTestExecutionListener@73ca7dce, org.springframework.boot.test.autoconfigure.SpringBootDependencyInjectionTestExecutionListener@67af03ab, org.springframework.test.context.support.DirtiesContextTestExecutionListener@772cf167, org.springframework.test.context.transaction.TransactionalTestExecutionListener@4ff6a945, org.springframework.test.context.jdbc.SqlScriptsTestExecutionListener@6f728978, org.springframework.test.context.event.EventPublishingTestExecutionListener@70df7d66, org.springframework.boot.test.autoconfigure.restdocs.RestDocsTestExecutionListener@60e80dd3, org.springframework.boot.test.autoconfigure.web.client.MockRestServiceServerResetTestExecutionListener@1aae3c0a, org.springframework.boot.test.autoconfigure.web.servlet.MockMvcPrintOnlyOnFailureTestExecutionListener@61ec5f6e, org.springframework.boot.test.autoconfigure.web.servlet.WebDriverTestExecutionListener@6ad33a78, org.springframework.boot.test.autoconfigure.webservices.client.MockWebServiceServerTestExecutionListener@4a753464, org.springframework.boot.test.mock.mockito.ResetMocksTestExecutionListener@21d00f4c]
11:29:47.427 [Test worker] DEBUG org.springframework.test.context.support.AbstractDirtiesContextTestExecutionListener - Before test class: context [DefaultTestContext@6fa4f34d testClass = NoteControllerIntegrationTest, testInstance = [null], testMethod = [null], testException = [null], mergedContextConfiguration = [WebMergedContextConfiguration@47b94de2 testClass = NoteControllerIntegrationTest, locations = '{}', classes = '{class patientNote.Application}', contextInitializerClasses = '[]', activeProfiles = '{}', propertySourceLocations = '{}', propertySourceProperties = '{org.springframework.boot.test.context.SpringBootTestContextBootstrapper=true}', contextCustomizers = set[org.springframework.boot.test.autoconfigure.properties.PropertyMappingContextCustomizer@0, org.springframework.boot.test.autoconfigure.web.servlet.WebDriverContextCustomizerFactory$Customizer@521ead6b, org.springframework.boot.test.context.filter.ExcludeFilterContextCustomizer@6e895c8b, org.springframework.boot.test.json.DuplicateJsonObjectContextCustomizerFactory$DuplicateJsonObjectContextCustomizer@36d49c94, org.springframework.boot.test.mock.mockito.MockitoContextCustomizer@0, org.springframework.boot.test.web.client.TestRestTemplateContextCustomizer@253d7603, org.springframework.boot.test.context.SpringBootTestArgs@1, org.springframework.boot.test.context.SpringBootTestWebEnvironment@32e39c92], resourceBasePath = 'src/main/webapp', contextLoader = 'org.springframework.boot.test.context.SpringBootContextLoader', parent = [null]], attributes = map['org.springframework.test.context.web.ServletTestExecutionListener.activateListener' -> true]], class annotated with @DirtiesContext [false] with mode [null].
11:29:47.906 [Test worker] DEBUG org.springframework.test.context.support.TestPropertySourceUtils - Adding inlined properties to environment: {spring.jmx.enabled=false, org.springframework.boot.test.context.SpringBootTestContextBootstrapper=true}

  .   ____          _            __ _ _
 /\\ / ___'_ __ _ _(_)_ __  __ _ \ \ \ \
( ( )\___ | '_ | '_| | '_ \/ _` | \ \ \ \
 \\/  ___)| |_)| | | | | || (_| |  ) ) ) )
  '  |____| .__|_| |_|_| |_\__, | / / / /
 =========|_|==============|___/=/_/_/_/
 :: Spring Boot ::        (v2.3.9.RELEASE)

2021-08-11 11:29:48.417  INFO 12476 --- [    Test worker] i.NoteControllerIntegrationTest          : Starting NoteControllerIntegrationTest on PC-ANTOINE with PID 12476 (started by Antoine in C:\Users\krawo\IdeaProjects\P9_Mediscreen\PatientNote)
2021-08-11 11:29:48.419  INFO 12476 --- [    Test worker] i.NoteControllerIntegrationTest          : No active profile set, falling back to default profiles: default
2021-08-11 11:29:49.677  INFO 12476 --- [    Test worker] .s.d.r.c.RepositoryConfigurationDelegate : Bootstrapping Spring Data MongoDB repositories in DEFAULT mode.
2021-08-11 11:29:49.761  INFO 12476 --- [    Test worker] .s.d.r.c.RepositoryConfigurationDelegate : Finished Spring Data repository scanning in 77ms. Found 1 MongoDB repository interfaces.
2021-08-11 11:29:50.126  INFO 12476 --- [    Test worker] NoteController                           : PatientNoteController()
2021-08-11 11:29:50.126  INFO 12476 --- [    Test worker] NoteService                              : PatientService()
2021-08-11 11:29:50.133  INFO 12476 --- [    Test worker] NoteService                              : PatientService()
2021-08-11 11:29:50.365  INFO 12476 --- [    Test worker] org.mongodb.driver.cluster               : Cluster created with settings {hosts=[localhost:27017], mode=SINGLE, requiredClusterType=UNKNOWN, serverSelectionTimeout='30000 ms'}
2021-08-11 11:29:50.505  INFO 12476 --- [localhost:27017] org.mongodb.driver.connection            : Opened connection [connectionId{localValue:1, serverValue:4}] to localhost:27017
2021-08-11 11:29:50.520  INFO 12476 --- [localhost:27017] org.mongodb.driver.cluster               : Monitor thread successfully connected to server with description ServerDescription{address=localhost:27017, type=STANDALONE, state=CONNECTED, ok=true, minWireVersion=0, maxWireVersion=13, maxDocumentSize=16777216, logicalSessionTimeoutMinutes=30, roundTripTimeNanos=10236700}
2021-08-11 11:29:51.803  INFO 12476 --- [    Test worker] o.s.s.concurrent.ThreadPoolTaskExecutor  : Initializing ExecutorService 'applicationTaskExecutor'
2021-08-11 11:29:52.514  INFO 12476 --- [    Test worker] o.s.b.a.e.web.EndpointLinksResolver      : Exposing 2 endpoint(s) beneath base path '/actuator'
2021-08-11 11:29:52.582  INFO 12476 --- [    Test worker] i.NoteControllerIntegrationTest          : Started NoteControllerIntegrationTest in 4.657 seconds (JVM running for 7.372)
2021-08-11 11:29:53.276  INFO 12476 --- [    Test worker] o.s.b.t.m.w.SpringBootMockServletContext : Initializing Spring TestDispatcherServlet ''
2021-08-11 11:29:53.277  INFO 12476 --- [    Test worker] o.s.t.web.servlet.TestDispatcherServlet  : Initializing Servlet ''
2021-08-11 11:29:53.300  INFO 12476 --- [    Test worker] o.s.t.web.servlet.TestDispatcherServlet  : Completed initialization in 23 ms
2021-08-11 11:29:53.518  INFO 12476 --- [    Test worker] NoteController                           : insert(patientNote.model.Note@52483234)
2021-08-11 11:29:53.519  INFO 12476 --- [    Test worker] NoteService                              : insert(patientNote.model.Note@52483234)
2021-08-11 11:29:53.616  INFO 12476 --- [    Test worker] org.mongodb.driver.connection            : Opened connection [connectionId{localValue:2, serverValue:5}] to localhost:27017
2021-08-11 11:29:53.755  INFO 12476 --- [    Test worker] o.s.b.t.m.w.SpringBootMockServletContext : Initializing Spring TestDispatcherServlet ''
2021-08-11 11:29:53.755  INFO 12476 --- [    Test worker] o.s.t.web.servlet.TestDispatcherServlet  : Initializing Servlet ''
2021-08-11 11:29:53.758  INFO 12476 --- [    Test worker] o.s.t.web.servlet.TestDispatcherServlet  : Completed initialization in 3 ms
2021-08-11 11:29:53.765  INFO 12476 --- [    Test worker] NoteController                           : list(999999999)
2021-08-11 11:29:53.765  INFO 12476 --- [    Test worker] NoteService                              : list(999999999)
2021-08-11 11:29:53.860  INFO 12476 --- [    Test worker] o.s.b.t.m.w.SpringBootMockServletContext : Initializing Spring TestDispatcherServlet ''
2021-08-11 11:29:53.860  INFO 12476 --- [    Test worker] o.s.t.web.servlet.TestDispatcherServlet  : Initializing Servlet ''
2021-08-11 11:29:53.862  INFO 12476 --- [    Test worker] o.s.t.web.servlet.TestDispatcherServlet  : Completed initialization in 2 ms
2021-08-11 11:29:53.874  INFO 12476 --- [    Test worker] NoteController                           : select(61139891c76f690622a32401)
2021-08-11 11:29:53.875  INFO 12476 --- [    Test worker] NoteService                              : select(61139891c76f690622a32401)
2021-08-11 11:29:53.903  INFO 12476 --- [    Test worker] o.s.b.t.m.w.SpringBootMockServletContext : Initializing Spring TestDispatcherServlet ''
2021-08-11 11:29:53.903  INFO 12476 --- [    Test worker] o.s.t.web.servlet.TestDispatcherServlet  : Initializing Servlet ''
2021-08-11 11:29:53.905  INFO 12476 --- [    Test worker] o.s.t.web.servlet.TestDispatcherServlet  : Completed initialization in 2 ms
2021-08-11 11:29:53.911  INFO 12476 --- [    Test worker] NoteController                           : update(61139891c76f690622a32401,patientNote.model.Note@6572d573)
2021-08-11 11:29:53.912  INFO 12476 --- [    Test worker] NoteService                              : update(61139891c76f690622a32401,patientNote.model.Note@6572d573)
2021-08-11 11:29:53.927  INFO 12476 --- [    Test worker] o.s.b.t.m.w.SpringBootMockServletContext : Initializing Spring TestDispatcherServlet ''
2021-08-11 11:29:53.927  INFO 12476 --- [    Test worker] o.s.t.web.servlet.TestDispatcherServlet  : Initializing Servlet ''
2021-08-11 11:29:53.930  INFO 12476 --- [    Test worker] o.s.t.web.servlet.TestDispatcherServlet  : Completed initialization in 2 ms
2021-08-11 11:29:53.935  INFO 12476 --- [    Test worker] NoteController                           : delete(61139891c76f690622a32401)
2021-08-11 11:29:53.935  INFO 12476 --- [    Test worker] NoteService                              : delete(61139891c76f690622a32401)
]]></system-out>
  <system-err><![CDATA[]]></system-err>
</testsuite>
