<?xml version="1.0" encoding="UTF-8"?>
<testsuite name="unit.service.NoteServiceUnitTest" tests="10" skipped="0" failures="0" errors="0" timestamp="2021-08-10T10:25:07" hostname="PC-ANTOINE" time="0.036">
  <properties/>
  <testcase name="select_failure()" classname="unit.service.NoteServiceUnitTest" time="0.002"/>
  <testcase name="list_failure()" classname="unit.service.NoteServiceUnitTest" time="0.003"/>
  <testcase name="insert_failure()" classname="unit.service.NoteServiceUnitTest" time="0.003"/>
  <testcase name="delete_success()" classname="unit.service.NoteServiceUnitTest" time="0.002"/>
  <testcase name="delete_failure()" classname="unit.service.NoteServiceUnitTest" time="0.002"/>
  <testcase name="update_success()" classname="unit.service.NoteServiceUnitTest" time="0.003"/>
  <testcase name="select_success()" classname="unit.service.NoteServiceUnitTest" time="0.005"/>
  <testcase name="list_success()" classname="unit.service.NoteServiceUnitTest" time="0.002"/>
  <testcase name="insert_success()" classname="unit.service.NoteServiceUnitTest" time="0.003"/>
  <testcase name="update_failure()" classname="unit.service.NoteServiceUnitTest" time="0.003"/>
  <system-out><![CDATA[2021-08-10 12:25:07.096  INFO 9876 --- [    Test worker] NoteService                              : PatientService(Mock for NoteRepository, hashCode: 718633217)
2021-08-10 12:25:07.097  INFO 9876 --- [    Test worker] NoteService                              : select(noteId)
2021-08-10 12:25:07.100  INFO 9876 --- [    Test worker] NoteService                              : PatientService(Mock for NoteRepository, hashCode: 923173322)
2021-08-10 12:25:07.101  INFO 9876 --- [    Test worker] NoteService                              : list(1)
2021-08-10 12:25:07.103  INFO 9876 --- [    Test worker] NoteService                              : PatientService(Mock for NoteRepository, hashCode: 302220279)
2021-08-10 12:25:07.105  INFO 9876 --- [    Test worker] NoteService                              : insert(Mock for Note, hashCode: 1576355598)
2021-08-10 12:25:07.107  INFO 9876 --- [    Test worker] NoteService                              : PatientService(Mock for NoteRepository, hashCode: 1593738667)
2021-08-10 12:25:07.108  INFO 9876 --- [    Test worker] NoteService                              : delete(noteId)
2021-08-10 12:25:07.110  INFO 9876 --- [    Test worker] NoteService                              : PatientService(Mock for NoteRepository, hashCode: 1349302712)
2021-08-10 12:25:07.111  INFO 9876 --- [    Test worker] NoteService                              : delete(noteId)
2021-08-10 12:25:07.113  INFO 9876 --- [    Test worker] NoteService                              : PatientService(Mock for NoteRepository, hashCode: 1167586686)
2021-08-10 12:25:07.114  INFO 9876 --- [    Test worker] NoteService                              : update(noteId,Mock for Note, hashCode: 841816053)
2021-08-10 12:25:07.117  INFO 9876 --- [    Test worker] NoteService                              : PatientService(Mock for NoteRepository, hashCode: 759219229)
2021-08-10 12:25:07.120  INFO 9876 --- [    Test worker] NoteService                              : select(noteId)
2021-08-10 12:25:07.122  INFO 9876 --- [    Test worker] NoteService                              : PatientService(Mock for NoteRepository, hashCode: 91852647)
2021-08-10 12:25:07.123  INFO 9876 --- [    Test worker] NoteService                              : list(1)
2021-08-10 12:25:07.125  INFO 9876 --- [    Test worker] NoteService                              : PatientService(Mock for NoteRepository, hashCode: 1378607383)
2021-08-10 12:25:07.127  INFO 9876 --- [    Test worker] NoteService                              : insert(Mock for Note, hashCode: 2113585529)
2021-08-10 12:25:07.130  INFO 9876 --- [    Test worker] NoteService                              : PatientService(Mock for NoteRepository, hashCode: 1884595336)
2021-08-10 12:25:07.131  INFO 9876 --- [    Test worker] NoteService                              : update(noteId,Mock for Note, hashCode: 1016055143)
]]></system-out>
  <system-err><![CDATA[]]></system-err>
</testsuite>
