<?xml version="1.0" encoding="UTF-8"?>
<testsuite name="unit.service.NoteServiceUnitTest" tests="10" skipped="0" failures="0" errors="0" timestamp="2021-08-11T09:29:54" hostname="PC-ANTOINE" time="0.028">
  <properties/>
  <testcase name="select_failure()" classname="unit.service.NoteServiceUnitTest" time="0.002"/>
  <testcase name="list_failure()" classname="unit.service.NoteServiceUnitTest" time="0.002"/>
  <testcase name="insert_failure()" classname="unit.service.NoteServiceUnitTest" time="0.002"/>
  <testcase name="delete_success()" classname="unit.service.NoteServiceUnitTest" time="0.002"/>
  <testcase name="delete_failure()" classname="unit.service.NoteServiceUnitTest" time="0.002"/>
  <testcase name="update_success()" classname="unit.service.NoteServiceUnitTest" time="0.002"/>
  <testcase name="select_success()" classname="unit.service.NoteServiceUnitTest" time="0.004"/>
  <testcase name="list_success()" classname="unit.service.NoteServiceUnitTest" time="0.002"/>
  <testcase name="insert_success()" classname="unit.service.NoteServiceUnitTest" time="0.004"/>
  <testcase name="update_failure()" classname="unit.service.NoteServiceUnitTest" time="0.002"/>
  <system-out><![CDATA[2021-08-11 11:29:54.865  INFO 12476 --- [    Test worker] NoteService                              : PatientService(Mock for NoteRepository, hashCode: 1208225896)
2021-08-11 11:29:54.866  INFO 12476 --- [    Test worker] NoteService                              : select(noteId)
2021-08-11 11:29:54.867  INFO 12476 --- [    Test worker] NoteService                              : PatientService(Mock for NoteRepository, hashCode: 1860267282)
2021-08-11 11:29:54.868  INFO 12476 --- [    Test worker] NoteService                              : list(1)
2021-08-11 11:29:54.870  INFO 12476 --- [    Test worker] NoteService                              : PatientService(Mock for NoteRepository, hashCode: 413541971)
2021-08-11 11:29:54.871  INFO 12476 --- [    Test worker] NoteService                              : insert(Mock for Note, hashCode: 1150432553)
2021-08-11 11:29:54.872  INFO 12476 --- [    Test worker] NoteService                              : PatientService(Mock for NoteRepository, hashCode: 561924436)
2021-08-11 11:29:54.873  INFO 12476 --- [    Test worker] NoteService                              : delete(noteId)
2021-08-11 11:29:54.875  INFO 12476 --- [    Test worker] NoteService                              : PatientService(Mock for NoteRepository, hashCode: 147023766)
2021-08-11 11:29:54.875  INFO 12476 --- [    Test worker] NoteService                              : delete(noteId)
2021-08-11 11:29:54.877  INFO 12476 --- [    Test worker] NoteService                              : PatientService(Mock for NoteRepository, hashCode: 1270980743)
2021-08-11 11:29:54.878  INFO 12476 --- [    Test worker] NoteService                              : update(noteId,Mock for Note, hashCode: 506458027)
2021-08-11 11:29:54.880  INFO 12476 --- [    Test worker] NoteService                              : PatientService(Mock for NoteRepository, hashCode: 1579417643)
2021-08-11 11:29:54.883  INFO 12476 --- [    Test worker] NoteService                              : select(noteId)
2021-08-11 11:29:54.885  INFO 12476 --- [    Test worker] NoteService                              : PatientService(Mock for NoteRepository, hashCode: 377665889)
2021-08-11 11:29:54.886  INFO 12476 --- [    Test worker] NoteService                              : list(1)
2021-08-11 11:29:54.888  INFO 12476 --- [    Test worker] NoteService                              : PatientService(Mock for NoteRepository, hashCode: 937357884)
2021-08-11 11:29:54.890  INFO 12476 --- [    Test worker] NoteService                              : insert(Mock for Note, hashCode: 630668477)
2021-08-11 11:29:54.891  INFO 12476 --- [    Test worker] NoteService                              : PatientService(Mock for NoteRepository, hashCode: 1704486177)
2021-08-11 11:29:54.892  INFO 12476 --- [    Test worker] NoteService                              : update(noteId,Mock for Note, hashCode: 337448311)
]]></system-out>
  <system-err><![CDATA[]]></system-err>
</testsuite>
