<?xml version="1.0" encoding="UTF-8"?>
<testsuite name="unit.controller.NoteControllerUnitTest" tests="10" skipped="0" failures="0" errors="0" timestamp="2021-08-10T13:30:01" hostname="PC-ANTOINE" time="0.111">
  <properties/>
  <testcase name="update_status_200()" classname="unit.controller.NoteControllerUnitTest" time="0.072"/>
  <testcase name="update_status_400()" classname="unit.controller.NoteControllerUnitTest" time="0.003"/>
  <testcase name="delete_status_200()" classname="unit.controller.NoteControllerUnitTest" time="0.003"/>
  <testcase name="delete_status_400()" classname="unit.controller.NoteControllerUnitTest" time="0.004"/>
  <testcase name="select_status_200()" classname="unit.controller.NoteControllerUnitTest" time="0.004"/>
  <testcase name="select_status_404()" classname="unit.controller.NoteControllerUnitTest" time="0.003"/>
  <testcase name="list_status_200()" classname="unit.controller.NoteControllerUnitTest" time="0.004"/>
  <testcase name="list_status_404()" classname="unit.controller.NoteControllerUnitTest" time="0.004"/>
  <testcase name="insert_status_200()" classname="unit.controller.NoteControllerUnitTest" time="0.004"/>
  <testcase name="insert_status_400()" classname="unit.controller.NoteControllerUnitTest" time="0.003"/>
  <system-out><![CDATA[2021-08-10 15:30:01.056  INFO 14016 --- [    Test worker] NoteController                           : PatientNoteController(Mock for NoteServiceInterface, hashCode: 1438407459,Mock for ObjectMapper, hashCode: 844983882)
2021-08-10 15:30:01.097  INFO 14016 --- [    Test worker] NoteController                           : update(noteId,Mock for Note, hashCode: 1615054141)
2021-08-10 15:30:01.113  INFO 14016 --- [    Test worker] NoteController                           : PatientNoteController(Mock for NoteServiceInterface, hashCode: 475242904,Mock for ObjectMapper, hashCode: 457271531)
2021-08-10 15:30:01.114  INFO 14016 --- [    Test worker] NoteController                           : update(noteId,Mock for Note, hashCode: 860361518)
2021-08-10 15:30:01.116  INFO 14016 --- [    Test worker] NoteController                           : PatientNoteController(Mock for NoteServiceInterface, hashCode: 506407121,Mock for ObjectMapper, hashCode: 535893485)
2021-08-10 15:30:01.117  INFO 14016 --- [    Test worker] NoteController                           : delete(noteId)
2021-08-10 15:30:01.120  INFO 14016 --- [    Test worker] NoteController                           : PatientNoteController(Mock for NoteServiceInterface, hashCode: 266809544,Mock for ObjectMapper, hashCode: 2084934521)
2021-08-10 15:30:01.121  INFO 14016 --- [    Test worker] NoteController                           : delete(noteId)
2021-08-10 15:30:01.124  INFO 14016 --- [    Test worker] NoteController                           : PatientNoteController(Mock for NoteServiceInterface, hashCode: 457917824,Mock for ObjectMapper, hashCode: 201487737)
2021-08-10 15:30:01.126  INFO 14016 --- [    Test worker] NoteController                           : select(noteId)
2021-08-10 15:30:01.129  INFO 14016 --- [    Test worker] NoteController                           : PatientNoteController(Mock for NoteServiceInterface, hashCode: 1792800569,Mock for ObjectMapper, hashCode: 729663655)
2021-08-10 15:30:01.130  INFO 14016 --- [    Test worker] NoteController                           : select(noteId)
2021-08-10 15:30:01.133  INFO 14016 --- [    Test worker] NoteController                           : PatientNoteController(Mock for NoteServiceInterface, hashCode: 877385996,Mock for ObjectMapper, hashCode: 631623097)
2021-08-10 15:30:01.134  INFO 14016 --- [    Test worker] NoteController                           : list(1)
2021-08-10 15:30:01.138  INFO 14016 --- [    Test worker] NoteController                           : PatientNoteController(Mock for NoteServiceInterface, hashCode: 1427070530,Mock for ObjectMapper, hashCode: 1063681622)
2021-08-10 15:30:01.139  INFO 14016 --- [    Test worker] NoteController                           : list(1)
2021-08-10 15:30:01.143  INFO 14016 --- [    Test worker] NoteController                           : PatientNoteController(Mock for NoteServiceInterface, hashCode: 522291543,Mock for ObjectMapper, hashCode: 330944555)
2021-08-10 15:30:01.145  INFO 14016 --- [    Test worker] NoteController                           : insert(Mock for Note, hashCode: 178607070)
2021-08-10 15:30:01.148  INFO 14016 --- [    Test worker] NoteController                           : PatientNoteController(Mock for NoteServiceInterface, hashCode: 597542747,Mock for ObjectMapper, hashCode: 820353358)
2021-08-10 15:30:01.149  INFO 14016 --- [    Test worker] NoteController                           : insert(Mock for Note, hashCode: 1828728817)
]]></system-out>
  <system-err><![CDATA[]]></system-err>
</testsuite>
