<?xml version="1.0" encoding="UTF-8"?>
<testsuite name="unit.controller.UserControllerUnitTest" tests="5" skipped="0" failures="0" errors="0" timestamp="2021-07-22T15:50:03" hostname="PC-ANTOINE" time="0.123">
  <properties/>
  <testcase name="selectUser()" classname="unit.controller.UserControllerUnitTest" time="0.034"/>
  <testcase name="updateUser()" classname="unit.controller.UserControllerUnitTest" time="0.08"/>
  <testcase name="selectUserList()" classname="unit.controller.UserControllerUnitTest" time="0.002"/>
  <testcase name="insertUser()" classname="unit.controller.UserControllerUnitTest" time="0.002"/>
  <testcase name="deleteUser()" classname="unit.controller.UserControllerUnitTest" time="0.001"/>
  <system-out><![CDATA[2021-07-22 17:50:03.441  INFO 9620 --- [    Test worker] UserController                           : UserController(Mock for UserServiceInterface, hashCode: 1030444454)
2021-07-22 17:50:03.441  INFO 9620 --- [    Test worker] UserController                           : selectUser(1)
2021-07-22 17:50:03.460  INFO 9620 --- [    Test worker] UserController                           : UserController(Mock for UserServiceInterface, hashCode: 1989200211)
2021-07-22 17:50:03.539  INFO 9620 --- [    Test worker] UserController                           : updateUser(1,Mock for User, hashCode: 921918986)
2021-07-22 17:50:03.541  INFO 9620 --- [    Test worker] UserController                           : UserController(Mock for UserServiceInterface, hashCode: 1966604640)
2021-07-22 17:50:03.541  INFO 9620 --- [    Test worker] UserController                           : selectUserList()
2021-07-22 17:50:03.544  INFO 9620 --- [    Test worker] UserController                           : UserController(Mock for UserServiceInterface, hashCode: 421135508)
2021-07-22 17:50:03.545  INFO 9620 --- [    Test worker] UserController                           : insertUser(Mock for User, hashCode: 892672691)
2021-07-22 17:50:03.547  INFO 9620 --- [    Test worker] UserController                           : UserController(Mock for UserServiceInterface, hashCode: 3358324)
2021-07-22 17:50:03.547  INFO 9620 --- [    Test worker] UserController                           : deleteUser(1)
]]></system-out>
  <system-err><![CDATA[]]></system-err>
</testsuite>
