<?xml version="1.0" encoding="UTF-8"?>
<testsuite name="unit.service.UserServiceUnitTest" tests="5" skipped="0" failures="0" errors="0" timestamp="2021-07-22T15:49:26" hostname="PC-ANTOINE" time="0.089">
  <properties/>
  <testcase name="selectUser()" classname="unit.service.UserServiceUnitTest" time="0.001"/>
  <testcase name="updateUser()" classname="unit.service.UserServiceUnitTest" time="0.001"/>
  <testcase name="selectUserList()" classname="unit.service.UserServiceUnitTest" time="0.08"/>
  <testcase name="insertUser()" classname="unit.service.UserServiceUnitTest" time="0.002"/>
  <testcase name="deleteUser()" classname="unit.service.UserServiceUnitTest" time="0.002"/>
  <system-out><![CDATA[2021-07-22 17:49:26.001  INFO 18968 --- [    Test worker] UserService                              : selectUser(1)
2021-07-22 17:49:26.003  INFO 18968 --- [    Test worker] UserService                              : updateUser(1,Mock for User, hashCode: 1306642400)
2021-07-22 17:49:26.083  INFO 18968 --- [    Test worker] UserService                              : selectUserList()
2021-07-22 17:49:26.086  INFO 18968 --- [    Test worker] UserService                              : insertUser(,Mock for User, hashCode: 235172086)
2021-07-22 17:49:26.088  INFO 18968 --- [    Test worker] UserService                              : deleteUser(1)
]]></system-out>
  <system-err><![CDATA[]]></system-err>
</testsuite>
