<?xml version="1.0" encoding="UTF-8"?>
<testsuite name="unit.controller.PatientControllerIUnitTest" tests="5" skipped="0" failures="0" errors="0" timestamp="2021-08-05T15:02:55" hostname="PC-ANTOINE" time="0.089">
  <properties/>
  <testcase name="delete()" classname="unit.controller.PatientControllerIUnitTest" time="0.003"/>
  <testcase name="insert()" classname="unit.controller.PatientControllerIUnitTest" time="0.073"/>
  <testcase name="update()" classname="unit.controller.PatientControllerIUnitTest" time="0.004"/>
  <testcase name="editPatient()" classname="unit.controller.PatientControllerIUnitTest" time="0.002"/>
  <testcase name="addPatient()" classname="unit.controller.PatientControllerIUnitTest" time="0.004"/>
  <system-out><![CDATA[2021-08-05 17:02:55.322  INFO 12380 --- [    Test worker] PatientController                        : PatientController(Mock for PatientServiceInterface, hashCode: 2081956685)
2021-08-05 17:02:55.323  INFO 12380 --- [    Test worker] PatientController                        : delete(1,Mock for Model, hashCode: 1291856728)
2021-08-05 17:02:55.326  INFO 12380 --- [    Test worker] PatientController                        : PatientController(Mock for PatientServiceInterface, hashCode: 1662957406)
2021-08-05 17:02:55.397  INFO 12380 --- [    Test worker] PatientController                        : insert(Mock for Patient, hashCode: 88070128,Mock for BindingResult, hashCode: 697145579,Mock for Model, hashCode: 1125327475)
2021-08-05 17:02:55.400  INFO 12380 --- [    Test worker] PatientController                        : PatientController(Mock for PatientServiceInterface, hashCode: 657935026)
2021-08-05 17:02:55.402  INFO 12380 --- [    Test worker] PatientController                        : update(1,Mock for Patient, hashCode: 1556912627,Mock for BindingResult, hashCode: 423827521,Mock for Model, hashCode: 1125757344)
2021-08-05 17:02:55.404  INFO 12380 --- [    Test worker] PatientController                        : PatientController(Mock for PatientServiceInterface, hashCode: 1592136107)
2021-08-05 17:02:55.405  INFO 12380 --- [    Test worker] PatientController                        : editPatient(1,Mock for Model, hashCode: 1725765765)
2021-08-05 17:02:55.407  INFO 12380 --- [    Test worker] PatientController                        : PatientController(Mock for PatientServiceInterface, hashCode: 1742570767)
2021-08-05 17:02:55.408  INFO 12380 --- [    Test worker] PatientController                        : addPatient(Mock for Patient, hashCode: 1766309093,Mock for Model, hashCode: 121799471)
]]></system-out>
  <system-err><![CDATA[]]></system-err>
</testsuite>
