<?xml version="1.0" encoding="UTF-8"?>
<testsuite name="integration.PatientControllerIntegrationTest" tests="5" skipped="0" failures="0" errors="0" timestamp="2021-08-11T09:33:50" hostname="PC-ANTOINE" time="0.933">
  <properties/>
  <testcase name="add()" classname="integration.PatientControllerIntegrationTest" time="0.027"/>
  <testcase name="insert()" classname="integration.PatientControllerIntegrationTest" time="0.56"/>
  <testcase name="edit()" classname="integration.PatientControllerIntegrationTest" time="0.098"/>
  <testcase name="update()" classname="integration.PatientControllerIntegrationTest" time="0.128"/>
  <testcase name="delete()" classname="integration.PatientControllerIntegrationTest" time="0.115"/>
  <system-out><![CDATA[2021-08-11 11:33:50.735  INFO 14396 --- [    Test worker] .b.t.c.SpringBootTestContextBootstrapper : Neither @ContextConfiguration nor @ContextHierarchy found for test class [integration.PatientControllerIntegrationTest], using SpringBootContextLoader
2021-08-11 11:33:50.737  INFO 14396 --- [    Test worker] o.s.t.c.support.AbstractContextLoader    : Could not detect default resource locations for test class [integration.PatientControllerIntegrationTest]: no resource found for suffixes {-context.xml, Context.groovy}.
2021-08-11 11:33:50.741  INFO 14396 --- [    Test worker] .b.t.c.SpringBootTestContextBootstrapper : Loaded default TestExecutionListener class names from location [META-INF/spring.factories]: [org.springframework.boot.test.autoconfigure.restdocs.RestDocsTestExecutionListener, org.springframework.boot.test.autoconfigure.web.client.MockRestServiceServerResetTestExecutionListener, org.springframework.boot.test.autoconfigure.web.servlet.MockMvcPrintOnlyOnFailureTestExecutionListener, org.springframework.boot.test.autoconfigure.web.servlet.WebDriverTestExecutionListener, org.springframework.boot.test.autoconfigure.webservices.client.MockWebServiceServerTestExecutionListener, org.springframework.boot.test.mock.mockito.MockitoTestExecutionListener, org.springframework.boot.test.mock.mockito.ResetMocksTestExecutionListener, org.springframework.test.context.web.ServletTestExecutionListener, org.springframework.test.context.support.DirtiesContextBeforeModesTestExecutionListener, org.springframework.test.context.support.DependencyInjectionTestExecutionListener, org.springframework.test.context.support.DirtiesContextTestExecutionListener, org.springframework.test.context.transaction.TransactionalTestExecutionListener, org.springframework.test.context.jdbc.SqlScriptsTestExecutionListener, org.springframework.test.context.event.EventPublishingTestExecutionListener]
2021-08-11 11:33:50.742  INFO 14396 --- [    Test worker] .b.t.c.SpringBootTestContextBootstrapper : Using TestExecutionListeners: [org.springframework.test.context.web.ServletTestExecutionListener@ac651ba, org.springframework.test.context.support.DirtiesContextBeforeModesTestExecutionListener@68d388ba, org.springframework.boot.test.mock.mockito.MockitoTestExecutionListener@6c476cd6, org.springframework.boot.test.autoconfigure.SpringBootDependencyInjectionTestExecutionListener@4f24da9a, org.springframework.test.context.support.DirtiesContextTestExecutionListener@77d70945, org.springframework.test.context.event.EventPublishingTestExecutionListener@335c95d, org.springframework.boot.test.autoconfigure.restdocs.RestDocsTestExecutionListener@54433431, org.springframework.boot.test.autoconfigure.web.client.MockRestServiceServerResetTestExecutionListener@3d5ac429, org.springframework.boot.test.autoconfigure.web.servlet.MockMvcPrintOnlyOnFailureTestExecutionListener@72086fe6, org.springframework.boot.test.autoconfigure.web.servlet.WebDriverTestExecutionListener@5fda3fdb, org.springframework.boot.test.autoconfigure.webservices.client.MockWebServiceServerTestExecutionListener@12757aad, org.springframework.boot.test.mock.mockito.ResetMocksTestExecutionListener@79659f46]
2021-08-11 11:33:50.747  INFO 14396 --- [    Test worker] o.s.b.t.m.w.SpringBootMockServletContext : Initializing Spring TestDispatcherServlet ''
2021-08-11 11:33:50.747  INFO 14396 --- [    Test worker] o.s.t.web.servlet.TestDispatcherServlet  : Initializing Servlet ''
2021-08-11 11:33:50.749  INFO 14396 --- [    Test worker] o.s.t.web.servlet.TestDispatcherServlet  : Completed initialization in 2 ms
2021-08-11 11:33:50.751  INFO 14396 --- [    Test worker] PatientController                        : addPatient(userInterface.model.Patient@7f90d895,{patient=userInterface.model.Patient@7f90d895, org.springframework.validation.BindingResult.patient=org.springframework.validation.BeanPropertyBindingResult: 0 errors})
2021-08-11 11:33:50.774  INFO 14396 --- [    Test worker] o.s.b.t.m.w.SpringBootMockServletContext : Initializing Spring TestDispatcherServlet ''
2021-08-11 11:33:50.775  INFO 14396 --- [    Test worker] o.s.t.web.servlet.TestDispatcherServlet  : Initializing Servlet ''
2021-08-11 11:33:50.776  INFO 14396 --- [    Test worker] o.s.t.web.servlet.TestDispatcherServlet  : Completed initialization in 1 ms
2021-08-11 11:33:50.790  INFO 14396 --- [    Test worker] PatientController                        : insert(userInterface.model.Patient@3ef0d65d,org.springframework.validation.BeanPropertyBindingResult: 0 errors,{patient=userInterface.model.Patient@3ef0d65d, org.springframework.validation.BindingResult.patient=org.springframework.validation.BeanPropertyBindingResult: 0 errors})
2021-08-11 11:33:50.790  INFO 14396 --- [    Test worker] PatientService                           : insert(userInterface.model.Patient@3ef0d65d)
2021-08-11 11:33:51.337  INFO 14396 --- [    Test worker] o.s.b.t.m.w.SpringBootMockServletContext : Initializing Spring TestDispatcherServlet ''
2021-08-11 11:33:51.337  INFO 14396 --- [    Test worker] o.s.t.web.servlet.TestDispatcherServlet  : Initializing Servlet ''
2021-08-11 11:33:51.339  INFO 14396 --- [    Test worker] o.s.t.web.servlet.TestDispatcherServlet  : Completed initialization in 2 ms
2021-08-11 11:33:51.373  INFO 14396 --- [    Test worker] PatientController                        : editPatient(17,{})
2021-08-11 11:33:51.374  INFO 14396 --- [    Test worker] PatientService                           : select(17)
2021-08-11 11:33:51.435  INFO 14396 --- [    Test worker] o.s.b.t.m.w.SpringBootMockServletContext : Initializing Spring TestDispatcherServlet ''
2021-08-11 11:33:51.436  INFO 14396 --- [    Test worker] o.s.t.web.servlet.TestDispatcherServlet  : Initializing Servlet ''
2021-08-11 11:33:51.438  INFO 14396 --- [    Test worker] o.s.t.web.servlet.TestDispatcherServlet  : Completed initialization in 2 ms
2021-08-11 11:33:51.466  INFO 14396 --- [    Test worker] PatientController                        : update(17,userInterface.model.Patient@44bb6d83,org.springframework.validation.BeanPropertyBindingResult: 0 errors,{patient=userInterface.model.Patient@44bb6d83, org.springframework.validation.BindingResult.patient=org.springframework.validation.BeanPropertyBindingResult: 0 errors})
2021-08-11 11:33:51.466  INFO 14396 --- [    Test worker] PatientService                           : update(17,userInterface.model.Patient@44bb6d83)
2021-08-11 11:33:51.564  INFO 14396 --- [    Test worker] o.s.b.t.m.w.SpringBootMockServletContext : Initializing Spring TestDispatcherServlet ''
2021-08-11 11:33:51.564  INFO 14396 --- [    Test worker] o.s.t.web.servlet.TestDispatcherServlet  : Initializing Servlet ''
2021-08-11 11:33:51.566  INFO 14396 --- [    Test worker] o.s.t.web.servlet.TestDispatcherServlet  : Completed initialization in 2 ms
2021-08-11 11:33:51.594  INFO 14396 --- [    Test worker] PatientController                        : delete(17,{})
2021-08-11 11:33:51.594  INFO 14396 --- [    Test worker] PatientService                           : delete(17)
]]></system-out>
  <system-err><![CDATA[]]></system-err>
</testsuite>
