<?xml version="1.0" encoding="UTF-8"?>
<testsuite name="unit.controller.CommonControllerIUnitTest" tests="2" skipped="0" failures="0" errors="0" timestamp="2021-08-14T15:14:57" hostname="PC-ANTOINE" time="0.061">
  <properties/>
  <testcase name="openPatient()" classname="unit.controller.CommonControllerIUnitTest" time="0.058"/>
  <testcase name="listPatient()" classname="unit.controller.CommonControllerIUnitTest" time="0.002"/>
  <system-out><![CDATA[2021-08-14 17:14:57.540  INFO 16032 --- [    Test worker] CommonController                         : CommonController(Mock for PatientServiceInterface, hashCode: 1964559171,Mock for NoteServiceInterface, hashCode: 458453022,Mock for ReportServiceInterface, hashCode: 1176515720)
2021-08-14 17:14:57.562  INFO 16032 --- [    Test worker] CommonController                         : openPatient(1,Mock for Model, hashCode: 1279935869)
2021-08-14 17:14:57.585  INFO 16032 --- [    Test worker] CommonController                         : CommonController(Mock for PatientServiceInterface, hashCode: 879396126,Mock for NoteServiceInterface, hashCode: 827778516,Mock for ReportServiceInterface, hashCode: 706445716)
2021-08-14 17:14:57.585  INFO 16032 --- [    Test worker] CommonController                         : listPatient(Mock for Model, hashCode: 1698169562)
]]></system-out>
  <system-err><![CDATA[]]></system-err>
</testsuite>
