<?xml version="1.0" encoding="UTF-8"?>
<testsuite name="integration.CommonControllerIntegrationTest" tests="2" skipped="0" failures="0" errors="0" timestamp="2021-08-11T09:33:42" hostname="PC-ANTOINE" time="7.176">
  <properties/>
  <testcase name="list()" classname="integration.CommonControllerIntegrationTest" time="2.689"/>
  <testcase name="open()" classname="integration.CommonControllerIntegrationTest" time="4.486"/>
  <system-out><![CDATA[11:33:35.107 [Test worker] DEBUG org.springframework.test.context.BootstrapUtils - Instantiating CacheAwareContextLoaderDelegate from class [org.springframework.test.context.cache.DefaultCacheAwareContextLoaderDelegate]
11:33:35.142 [Test worker] DEBUG org.springframework.test.context.BootstrapUtils - Instantiating BootstrapContext using constructor [public org.springframework.test.context.support.DefaultBootstrapContext(java.lang.Class,org.springframework.test.context.CacheAwareContextLoaderDelegate)]
11:33:35.217 [Test worker] DEBUG org.springframework.test.context.BootstrapUtils - Instantiating TestContextBootstrapper for test class [integration.CommonControllerIntegrationTest] from class [org.springframework.boot.test.context.SpringBootTestContextBootstrapper]
11:33:35.249 [Test worker] INFO org.springframework.boot.test.context.SpringBootTestContextBootstrapper - Neither @ContextConfiguration nor @ContextHierarchy found for test class [integration.CommonControllerIntegrationTest], using SpringBootContextLoader
11:33:35.257 [Test worker] DEBUG org.springframework.test.context.support.AbstractContextLoader - Did not detect default resource location for test class [integration.CommonControllerIntegrationTest]: class path resource [integration/CommonControllerIntegrationTest-context.xml] does not exist
11:33:35.258 [Test worker] DEBUG org.springframework.test.context.support.AbstractContextLoader - Did not detect default resource location for test class [integration.CommonControllerIntegrationTest]: class path resource [integration/CommonControllerIntegrationTestContext.groovy] does not exist
11:33:35.259 [Test worker] INFO org.springframework.test.context.support.AbstractContextLoader - Could not detect default resource locations for test class [integration.CommonControllerIntegrationTest]: no resource found for suffixes {-context.xml, Context.groovy}.
11:33:35.344 [Test worker] DEBUG org.springframework.test.context.support.ActiveProfilesUtils - Could not find an 'annotation declaring class' for annotation type [org.springframework.test.context.ActiveProfiles] and class [integration.CommonControllerIntegrationTest]
11:33:35.601 [Test worker] DEBUG org.springframework.boot.test.context.SpringBootTestContextBootstrapper - @TestExecutionListeners is not present for class [integration.CommonControllerIntegrationTest]: using defaults.
11:33:35.602 [Test worker] INFO org.springframework.boot.test.context.SpringBootTestContextBootstrapper - Loaded default TestExecutionListener class names from location [META-INF/spring.factories]: [org.springframework.boot.test.autoconfigure.restdocs.RestDocsTestExecutionListener, org.springframework.boot.test.autoconfigure.web.client.MockRestServiceServerResetTestExecutionListener, org.springframework.boot.test.autoconfigure.web.servlet.MockMvcPrintOnlyOnFailureTestExecutionListener, org.springframework.boot.test.autoconfigure.web.servlet.WebDriverTestExecutionListener, org.springframework.boot.test.autoconfigure.webservices.client.MockWebServiceServerTestExecutionListener, org.springframework.boot.test.mock.mockito.MockitoTestExecutionListener, org.springframework.boot.test.mock.mockito.ResetMocksTestExecutionListener, org.springframework.test.context.web.ServletTestExecutionListener, org.springframework.test.context.support.DirtiesContextBeforeModesTestExecutionListener, org.springframework.test.context.support.DependencyInjectionTestExecutionListener, org.springframework.test.context.support.DirtiesContextTestExecutionListener, org.springframework.test.context.transaction.TransactionalTestExecutionListener, org.springframework.test.context.jdbc.SqlScriptsTestExecutionListener, org.springframework.test.context.event.EventPublishingTestExecutionListener]
11:33:35.628 [Test worker] DEBUG org.springframework.boot.test.context.SpringBootTestContextBootstrapper - Skipping candidate TestExecutionListener [org.springframework.test.context.transaction.TransactionalTestExecutionListener] due to a missing dependency. Specify custom listener classes or make the default listener classes and their required dependencies available. Offending class: [org/springframework/transaction/interceptor/TransactionAttributeSource]
11:33:35.630 [Test worker] DEBUG org.springframework.boot.test.context.SpringBootTestContextBootstrapper - Skipping candidate TestExecutionListener [org.springframework.test.context.jdbc.SqlScriptsTestExecutionListener] due to a missing dependency. Specify custom listener classes or make the default listener classes and their required dependencies available. Offending class: [org/springframework/transaction/interceptor/TransactionAttribute]
11:33:35.630 [Test worker] INFO org.springframework.boot.test.context.SpringBootTestContextBootstrapper - Using TestExecutionListeners: [org.springframework.test.context.web.ServletTestExecutionListener@4a4ac6d1, org.springframework.test.context.support.DirtiesContextBeforeModesTestExecutionListener@58a74670, org.springframework.boot.test.mock.mockito.MockitoTestExecutionListener@602ecb28, org.springframework.boot.test.autoconfigure.SpringBootDependencyInjectionTestExecutionListener@4d1b6c20, org.springframework.test.context.support.DirtiesContextTestExecutionListener@517b571c, org.springframework.test.context.event.EventPublishingTestExecutionListener@330d0f85, org.springframework.boot.test.autoconfigure.restdocs.RestDocsTestExecutionListener@25ece547, org.springframework.boot.test.autoconfigure.web.client.MockRestServiceServerResetTestExecutionListener@3300f7b6, org.springframework.boot.test.autoconfigure.web.servlet.MockMvcPrintOnlyOnFailureTestExecutionListener@3848957d, org.springframework.boot.test.autoconfigure.web.servlet.WebDriverTestExecutionListener@63e2c4d6, org.springframework.boot.test.autoconfigure.webservices.client.MockWebServiceServerTestExecutionListener@2166c330, org.springframework.boot.test.mock.mockito.ResetMocksTestExecutionListener@156f2ded]
11:33:35.637 [Test worker] DEBUG org.springframework.test.context.support.AbstractDirtiesContextTestExecutionListener - Before test class: context [DefaultTestContext@30cb42dd testClass = CommonControllerIntegrationTest, testInstance = [null], testMethod = [null], testException = [null], mergedContextConfiguration = [WebMergedContextConfiguration@4ef2f992 testClass = CommonControllerIntegrationTest, locations = '{}', classes = '{class userInterface.Application}', contextInitializerClasses = '[]', activeProfiles = '{}', propertySourceLocations = '{}', propertySourceProperties = '{org.springframework.boot.test.context.SpringBootTestContextBootstrapper=true}', contextCustomizers = set[org.springframework.boot.test.autoconfigure.properties.PropertyMappingContextCustomizer@0, org.springframework.boot.test.autoconfigure.web.servlet.WebDriverContextCustomizerFactory$Customizer@1520a0cb, org.springframework.boot.test.context.filter.ExcludeFilterContextCustomizer@33ca800e, org.springframework.boot.test.json.DuplicateJsonObjectContextCustomizerFactory$DuplicateJsonObjectContextCustomizer@6be0703, org.springframework.boot.test.mock.mockito.MockitoContextCustomizer@0, org.springframework.boot.test.web.client.TestRestTemplateContextCustomizer@101ed1ed, org.springframework.boot.test.context.SpringBootTestArgs@1, org.springframework.boot.test.context.SpringBootTestWebEnvironment@6bd1a319], resourceBasePath = 'src/main/webapp', contextLoader = 'org.springframework.boot.test.context.SpringBootContextLoader', parent = [null]], attributes = map['org.springframework.test.context.web.ServletTestExecutionListener.activateListener' -> true]], class annotated with @DirtiesContext [false] with mode [null].
11:33:35.708 [Test worker] DEBUG org.springframework.test.context.support.TestPropertySourceUtils - Adding inlined properties to environment: {spring.jmx.enabled=false, org.springframework.boot.test.context.SpringBootTestContextBootstrapper=true}

  .   ____          _            __ _ _
 /\\ / ___'_ __ _ _(_)_ __  __ _ \ \ \ \
( ( )\___ | '_ | '_| | '_ \/ _` | \ \ \ \
 \\/  ___)| |_)| | | | | || (_| |  ) ) ) )
  '  |____| .__|_| |_|_| |_\__, | / / / /
 =========|_|==============|___/=/_/_/_/
 :: Spring Boot ::        (v2.3.9.RELEASE)

2021-08-11 11:33:37.975  INFO 14396 --- [    Test worker] i.CommonControllerIntegrationTest        : No active profile set, falling back to default profiles: default
2021-08-11 11:33:39.475  INFO 14396 --- [    Test worker] o.s.cloud.context.scope.GenericScope     : BeanFactory id=19fe32c3-f8bb-33c7-a406-e705eddea437
2021-08-11 11:33:39.566  INFO 14396 --- [    Test worker] trationDelegate$BeanPostProcessorChecker : Bean 'userInterface.proxy.NoteProxy' of type [org.springframework.cloud.openfeign.FeignClientFactoryBean] is not eligible for getting processed by all BeanPostProcessors (for example: not eligible for auto-proxying)
2021-08-11 11:33:39.568  INFO 14396 --- [    Test worker] trationDelegate$BeanPostProcessorChecker : Bean 'userInterface.proxy.PatientProxy' of type [org.springframework.cloud.openfeign.FeignClientFactoryBean] is not eligible for getting processed by all BeanPostProcessors (for example: not eligible for auto-proxying)
2021-08-11 11:33:39.571  INFO 14396 --- [    Test worker] trationDelegate$BeanPostProcessorChecker : Bean 'userInterface.proxy.ReportProxy' of type [org.springframework.cloud.openfeign.FeignClientFactoryBean] is not eligible for getting processed by all BeanPostProcessors (for example: not eligible for auto-proxying)
2021-08-11 11:33:39.726  INFO 14396 --- [    Test worker] CommonController                         : CommonController()
2021-08-11 11:33:39.727  INFO 14396 --- [    Test worker] PatientService                           : PatientInformationService()
2021-08-11 11:33:39.728  INFO 14396 --- [    Test worker] NoteService                              : PatientNoteService()
2021-08-11 11:33:39.728  INFO 14396 --- [    Test worker] ReportService                            : ReportService()
2021-08-11 11:33:39.732  INFO 14396 --- [    Test worker] PatientService                           : PatientInformationService()
2021-08-11 11:33:40.400  INFO 14396 --- [    Test worker] NoteService                              : PatientNoteService()
2021-08-11 11:33:40.452  INFO 14396 --- [    Test worker] ReportService                            : ReportService()
2021-08-11 11:33:40.490  INFO 14396 --- [    Test worker] NoteController                           : NoteController()
2021-08-11 11:33:40.491  INFO 14396 --- [    Test worker] NoteService                              : PatientNoteService()
2021-08-11 11:33:40.495  INFO 14396 --- [    Test worker] PatientController                        : PatientController()
2021-08-11 11:33:40.496  INFO 14396 --- [    Test worker] PatientService                           : PatientInformationService()
2021-08-11 11:33:40.732  WARN 14396 --- [    Test worker] c.n.c.sources.URLConfigurationSource     : No URLs will be polled as dynamic configuration sources.
2021-08-11 11:33:40.733  INFO 14396 --- [    Test worker] c.n.c.sources.URLConfigurationSource     : To enable URLs as dynamic configuration sources, define System property archaius.configurationSource.additionalUrls or make config.properties available on classpath.
2021-08-11 11:33:40.743  WARN 14396 --- [    Test worker] c.n.c.sources.URLConfigurationSource     : No URLs will be polled as dynamic configuration sources.
2021-08-11 11:33:40.744  INFO 14396 --- [    Test worker] c.n.c.sources.URLConfigurationSource     : To enable URLs as dynamic configuration sources, define System property archaius.configurationSource.additionalUrls or make config.properties available on classpath.
2021-08-11 11:33:41.132  INFO 14396 --- [    Test worker] o.s.s.concurrent.ThreadPoolTaskExecutor  : Initializing ExecutorService 'applicationTaskExecutor'
2021-08-11 11:33:42.510  INFO 14396 --- [    Test worker] o.s.b.a.e.web.EndpointLinksResolver      : Exposing 2 endpoint(s) beneath base path '/actuator'
2021-08-11 11:33:42.602  INFO 14396 --- [    Test worker] i.CommonControllerIntegrationTest        : Started CommonControllerIntegrationTest in 6.872 seconds (JVM running for 9.314)
2021-08-11 11:33:43.422  INFO 14396 --- [    Test worker] o.s.b.t.m.w.SpringBootMockServletContext : Initializing Spring TestDispatcherServlet ''
2021-08-11 11:33:43.423  INFO 14396 --- [    Test worker] o.s.t.web.servlet.TestDispatcherServlet  : Initializing Servlet ''
2021-08-11 11:33:43.468  INFO 14396 --- [    Test worker] o.s.t.web.servlet.TestDispatcherServlet  : Completed initialization in 44 ms
2021-08-11 11:33:43.551  INFO 14396 --- [    Test worker] CommonController                         : listPatient({})
2021-08-11 11:33:43.552  INFO 14396 --- [    Test worker] PatientService                           : list()
2021-08-11 11:33:45.367  INFO 14396 --- [    Test worker] o.s.b.t.m.w.SpringBootMockServletContext : Initializing Spring TestDispatcherServlet ''
2021-08-11 11:33:45.367  INFO 14396 --- [    Test worker] o.s.t.web.servlet.TestDispatcherServlet  : Initializing Servlet ''
2021-08-11 11:33:45.369  INFO 14396 --- [    Test worker] o.s.t.web.servlet.TestDispatcherServlet  : Completed initialization in 2 ms
2021-08-11 11:33:45.413  INFO 14396 --- [    Test worker] CommonController                         : openPatient(1,{})
2021-08-11 11:33:45.414  INFO 14396 --- [    Test worker] PatientService                           : select(1)
2021-08-11 11:33:45.529  INFO 14396 --- [    Test worker] NoteService                              : list(1)
2021-08-11 11:33:47.645  INFO 14396 --- [    Test worker] ReportService                            : getDiabetesReport(userInterface.model.Patient@6c89676,[userInterface.model.Note@3d4f87dd, userInterface.model.Note@7c0671d5, userInterface.model.Note@740a9eb])
]]></system-out>
  <system-err><![CDATA[]]></system-err>
</testsuite>
