<?xml version="1.0" encoding="UTF-8"?>
<testsuite name="integration.PatientControllerIntegrationTest" tests="5" skipped="0" failures="0" errors="0" timestamp="2021-08-10T10:34:12" hostname="PC-ANTOINE" time="0.26">
  <properties/>
  <testcase name="add()" classname="integration.PatientControllerIntegrationTest" time="0.039"/>
  <testcase name="insert()" classname="integration.PatientControllerIntegrationTest" time="0.065"/>
  <testcase name="edit()" classname="integration.PatientControllerIntegrationTest" time="0.062"/>
  <testcase name="update()" classname="integration.PatientControllerIntegrationTest" time="0.044"/>
  <testcase name="delete()" classname="integration.PatientControllerIntegrationTest" time="0.041"/>
  <system-out><![CDATA[2021-08-10 12:34:12.473  INFO 3088 --- [    Test worker] .b.t.c.SpringBootTestContextBootstrapper : Neither @ContextConfiguration nor @ContextHierarchy found for test class [integration.PatientControllerIntegrationTest], using SpringBootContextLoader
2021-08-10 12:34:12.474  INFO 3088 --- [    Test worker] o.s.t.c.support.AbstractContextLoader    : Could not detect default resource locations for test class [integration.PatientControllerIntegrationTest]: no resource found for suffixes {-context.xml, Context.groovy}.
2021-08-10 12:34:12.478  INFO 3088 --- [    Test worker] .b.t.c.SpringBootTestContextBootstrapper : Loaded default TestExecutionListener class names from location [META-INF/spring.factories]: [org.springframework.boot.test.autoconfigure.restdocs.RestDocsTestExecutionListener, org.springframework.boot.test.autoconfigure.web.client.MockRestServiceServerResetTestExecutionListener, org.springframework.boot.test.autoconfigure.web.servlet.MockMvcPrintOnlyOnFailureTestExecutionListener, org.springframework.boot.test.autoconfigure.web.servlet.WebDriverTestExecutionListener, org.springframework.boot.test.autoconfigure.webservices.client.MockWebServiceServerTestExecutionListener, org.springframework.boot.test.mock.mockito.MockitoTestExecutionListener, org.springframework.boot.test.mock.mockito.ResetMocksTestExecutionListener, org.springframework.test.context.web.ServletTestExecutionListener, org.springframework.test.context.support.DirtiesContextBeforeModesTestExecutionListener, org.springframework.test.context.support.DependencyInjectionTestExecutionListener, org.springframework.test.context.support.DirtiesContextTestExecutionListener, org.springframework.test.context.transaction.TransactionalTestExecutionListener, org.springframework.test.context.jdbc.SqlScriptsTestExecutionListener, org.springframework.test.context.event.EventPublishingTestExecutionListener]
2021-08-10 12:34:12.483  INFO 3088 --- [    Test worker] .b.t.c.SpringBootTestContextBootstrapper : Using TestExecutionListeners: [org.springframework.test.context.web.ServletTestExecutionListener@236af968, org.springframework.test.context.support.DirtiesContextBeforeModesTestExecutionListener@3b38a34e, org.springframework.boot.test.mock.mockito.MockitoTestExecutionListener@5b0b1795, org.springframework.boot.test.autoconfigure.SpringBootDependencyInjectionTestExecutionListener@52dbdf35, org.springframework.test.context.support.DirtiesContextTestExecutionListener@268ecdbf, org.springframework.test.context.event.EventPublishingTestExecutionListener@585228f3, org.springframework.boot.test.autoconfigure.restdocs.RestDocsTestExecutionListener@5b662bd3, org.springframework.boot.test.autoconfigure.web.client.MockRestServiceServerResetTestExecutionListener@57c865fd, org.springframework.boot.test.autoconfigure.web.servlet.MockMvcPrintOnlyOnFailureTestExecutionListener@7fbb98e, org.springframework.boot.test.autoconfigure.web.servlet.WebDriverTestExecutionListener@4e270c32, org.springframework.boot.test.autoconfigure.webservices.client.MockWebServiceServerTestExecutionListener@24f58e96, org.springframework.boot.test.mock.mockito.ResetMocksTestExecutionListener@3006f078]
2021-08-10 12:34:12.492  INFO 3088 --- [    Test worker] o.s.b.t.m.w.SpringBootMockServletContext : Initializing Spring TestDispatcherServlet ''
2021-08-10 12:34:12.492  INFO 3088 --- [    Test worker] o.s.t.web.servlet.TestDispatcherServlet  : Initializing Servlet ''
2021-08-10 12:34:12.495  INFO 3088 --- [    Test worker] o.s.t.web.servlet.TestDispatcherServlet  : Completed initialization in 3 ms
2021-08-10 12:34:12.499  INFO 3088 --- [    Test worker] PatientController                        : addPatient(userInterface.model.Patient@14d273ff,{patient=userInterface.model.Patient@14d273ff, org.springframework.validation.BindingResult.patient=org.springframework.validation.BeanPropertyBindingResult: 0 errors})
2021-08-10 12:34:12.531  INFO 3088 --- [    Test worker] o.s.b.t.m.w.SpringBootMockServletContext : Initializing Spring TestDispatcherServlet ''
2021-08-10 12:34:12.531  INFO 3088 --- [    Test worker] o.s.t.web.servlet.TestDispatcherServlet  : Initializing Servlet ''
2021-08-10 12:34:12.534  INFO 3088 --- [    Test worker] o.s.t.web.servlet.TestDispatcherServlet  : Completed initialization in 3 ms
2021-08-10 12:34:12.547  INFO 3088 --- [    Test worker] PatientController                        : insert(userInterface.model.Patient@2c211c17,org.springframework.validation.BeanPropertyBindingResult: 0 errors,{patient=userInterface.model.Patient@2c211c17, org.springframework.validation.BindingResult.patient=org.springframework.validation.BeanPropertyBindingResult: 0 errors})
2021-08-10 12:34:12.548  INFO 3088 --- [    Test worker] PatientService                           : insert(userInterface.model.Patient@2c211c17)
2021-08-10 12:34:12.599  INFO 3088 --- [    Test worker] o.s.b.t.m.w.SpringBootMockServletContext : Initializing Spring TestDispatcherServlet ''
2021-08-10 12:34:12.599  INFO 3088 --- [    Test worker] o.s.t.web.servlet.TestDispatcherServlet  : Initializing Servlet ''
2021-08-10 12:34:12.603  INFO 3088 --- [    Test worker] o.s.t.web.servlet.TestDispatcherServlet  : Completed initialization in 3 ms
2021-08-10 12:34:12.615  INFO 3088 --- [    Test worker] PatientController                        : editPatient(80,{})
2021-08-10 12:34:12.616  INFO 3088 --- [    Test worker] PatientService                           : select(80)
2021-08-10 12:34:12.663  INFO 3088 --- [    Test worker] o.s.b.t.m.w.SpringBootMockServletContext : Initializing Spring TestDispatcherServlet ''
2021-08-10 12:34:12.663  INFO 3088 --- [    Test worker] o.s.t.web.servlet.TestDispatcherServlet  : Initializing Servlet ''
2021-08-10 12:34:12.670  INFO 3088 --- [    Test worker] o.s.t.web.servlet.TestDispatcherServlet  : Completed initialization in 7 ms
2021-08-10 12:34:12.687  INFO 3088 --- [    Test worker] PatientController                        : update(80,userInterface.model.Patient@3cc82830,org.springframework.validation.BeanPropertyBindingResult: 0 errors,{patient=userInterface.model.Patient@3cc82830, org.springframework.validation.BindingResult.patient=org.springframework.validation.BeanPropertyBindingResult: 0 errors})
2021-08-10 12:34:12.687  INFO 3088 --- [    Test worker] PatientService                           : update(80,userInterface.model.Patient@3cc82830)
2021-08-10 12:34:12.710  INFO 3088 --- [    Test worker] o.s.b.t.m.w.SpringBootMockServletContext : Initializing Spring TestDispatcherServlet ''
2021-08-10 12:34:12.711  INFO 3088 --- [    Test worker] o.s.t.web.servlet.TestDispatcherServlet  : Initializing Servlet ''
2021-08-10 12:34:12.715  INFO 3088 --- [    Test worker] o.s.t.web.servlet.TestDispatcherServlet  : Completed initialization in 4 ms
2021-08-10 12:34:12.725  INFO 3088 --- [    Test worker] PatientController                        : delete(80,{})
2021-08-10 12:34:12.726  INFO 3088 --- [    Test worker] PatientService                           : delete(80)
]]></system-out>
  <system-err><![CDATA[]]></system-err>
</testsuite>
