<?xml version="1.0" encoding="UTF-8"?>
<testsuite name="unit.controller.NoteControllerUnitTest" tests="5" skipped="0" failures="0" errors="0" timestamp="2021-08-10T13:33:30" hostname="PC-ANTOINE" time="0.162">
  <properties/>
  <testcase name="delete()" classname="unit.controller.NoteControllerUnitTest" time="0.037"/>
  <testcase name="insert()" classname="unit.controller.NoteControllerUnitTest" time="0.116"/>
  <testcase name="update()" classname="unit.controller.NoteControllerUnitTest" time="0.003"/>
  <testcase name="add()" classname="unit.controller.NoteControllerUnitTest" time="0.003"/>
  <testcase name="editNote()" classname="unit.controller.NoteControllerUnitTest" time="0.002"/>
  <system-out><![CDATA[2021-08-10 15:33:30.072  INFO 13476 --- [    Test worker] NoteController                           : NoteController(Mock for NoteServiceInterface, hashCode: 1152027447)
2021-08-10 15:33:30.107  INFO 13476 --- [    Test worker] NoteController                           : delete(1,noteId,Mock for Model, hashCode: 206274515)
2021-08-10 15:33:30.110  INFO 13476 --- [    Test worker] NoteController                           : NoteController(Mock for NoteServiceInterface, hashCode: 1351873095)
2021-08-10 15:33:30.222  INFO 13476 --- [    Test worker] NoteController                           : insert(Mock for Note, hashCode: 973399099,Mock for BindingResult, hashCode: 1714622568,Mock for RedirectAttributes, hashCode: 1017692503,Mock for Model, hashCode: 373286792)
2021-08-10 15:33:30.225  INFO 13476 --- [    Test worker] NoteController                           : NoteController(Mock for NoteServiceInterface, hashCode: 6253394)
2021-08-10 15:33:30.227  INFO 13476 --- [    Test worker] NoteController                           : update(noteId,Mock for Note, hashCode: 1645374459,Mock for BindingResult, hashCode: 934282095,Mock for Model, hashCode: 1826343405)
2021-08-10 15:33:30.229  INFO 13476 --- [    Test worker] NoteController                           : NoteController(Mock for NoteServiceInterface, hashCode: 388315871)
2021-08-10 15:33:30.230  INFO 13476 --- [    Test worker] NoteController                           : add(1,Mock for Note, hashCode: 1712969331,Mock for Model, hashCode: 1367677604)
2021-08-10 15:33:30.232  INFO 13476 --- [    Test worker] NoteController                           : NoteController(Mock for NoteServiceInterface, hashCode: 1671640536)
2021-08-10 15:33:30.233  INFO 13476 --- [    Test worker] NoteController                           : editNote(1,noteId,Mock for Model, hashCode: 1575880881)
]]></system-out>
  <system-err><![CDATA[]]></system-err>
</testsuite>
