<?xml version="1.0" encoding="UTF-8"?>
<testsuite name="unit.service.NoteServiceUnitTest" tests="5" skipped="0" failures="0" errors="0" timestamp="2021-08-05T09:09:52" hostname="PC-ANTOINE" time="0.043">
  <properties/>
  <testcase name="delete()" classname="unit.service.NoteServiceUnitTest" time="0.001"/>
  <testcase name="insert()" classname="unit.service.NoteServiceUnitTest" time="0.001"/>
  <testcase name="select()" classname="unit.service.NoteServiceUnitTest" time="0.001"/>
  <testcase name="update()" classname="unit.service.NoteServiceUnitTest" time="0.001"/>
  <testcase name="list()" classname="unit.service.NoteServiceUnitTest" time="0.036"/>
  <system-out><![CDATA[2021-08-05 11:09:52.826  INFO 11756 --- [    Test worker] NoteService                              : PatientNoteService(Mock for NoteProxy, hashCode: 1111648721)
2021-08-05 11:09:52.827  INFO 11756 --- [    Test worker] NoteService                              : delete(noteId)
2021-08-05 11:09:52.828  INFO 11756 --- [    Test worker] NoteService                              : PatientNoteService(Mock for NoteProxy, hashCode: 856269228)
2021-08-05 11:09:52.828  INFO 11756 --- [    Test worker] NoteService                              : insert(Mock for Note, hashCode: 842465274)
2021-08-05 11:09:52.830  INFO 11756 --- [    Test worker] NoteService                              : PatientNoteService(Mock for NoteProxy, hashCode: 272942770)
2021-08-05 11:09:52.831  INFO 11756 --- [    Test worker] NoteService                              : select(noteId)
2021-08-05 11:09:52.832  INFO 11756 --- [    Test worker] NoteService                              : PatientNoteService(Mock for NoteProxy, hashCode: 1100560778)
2021-08-05 11:09:52.832  INFO 11756 --- [    Test worker] NoteService                              : update(noteId,Mock for Note, hashCode: 1071903956)
2021-08-05 11:09:52.833  INFO 11756 --- [    Test worker] NoteService                              : PatientNoteService(Mock for NoteProxy, hashCode: 976164349)
2021-08-05 11:09:52.869  INFO 11756 --- [    Test worker] NoteService                              : list(1)
]]></system-out>
  <system-err><![CDATA[]]></system-err>
</testsuite>
