<?xml version="1.0" encoding="UTF-8"?>
<testsuite name="integration.PatientControllerIntegrationTest" tests="3" skipped="0" failures="0" errors="0" timestamp="2021-07-26T12:42:56" hostname="PC-ANTOINE" time="0.235">
  <properties/>
  <testcase name="insert()" classname="integration.PatientControllerIntegrationTest" time="0.161"/>
  <testcase name="update()" classname="integration.PatientControllerIntegrationTest" time="0.038"/>
  <testcase name="delete()" classname="integration.PatientControllerIntegrationTest" time="0.034"/>
  <system-out><![CDATA[2021-07-26 14:42:56.380  INFO 6068 --- [    Test worker] .b.t.c.SpringBootTestContextBootstrapper : Neither @ContextConfiguration nor @ContextHierarchy found for test class [integration.PatientControllerIntegrationTest], using SpringBootContextLoader
2021-07-26 14:42:56.381  INFO 6068 --- [    Test worker] o.s.t.c.support.AbstractContextLoader    : Could not detect default resource locations for test class [integration.PatientControllerIntegrationTest]: no resource found for suffixes {-context.xml, Context.groovy}.
2021-07-26 14:42:56.385  INFO 6068 --- [    Test worker] .b.t.c.SpringBootTestContextBootstrapper : Loaded default TestExecutionListener class names from location [META-INF/spring.factories]: [org.springframework.boot.test.autoconfigure.restdocs.RestDocsTestExecutionListener, org.springframework.boot.test.autoconfigure.web.client.MockRestServiceServerResetTestExecutionListener, org.springframework.boot.test.autoconfigure.web.servlet.MockMvcPrintOnlyOnFailureTestExecutionListener, org.springframework.boot.test.autoconfigure.web.servlet.WebDriverTestExecutionListener, org.springframework.boot.test.autoconfigure.webservices.client.MockWebServiceServerTestExecutionListener, org.springframework.boot.test.mock.mockito.MockitoTestExecutionListener, org.springframework.boot.test.mock.mockito.ResetMocksTestExecutionListener, org.springframework.test.context.web.ServletTestExecutionListener, org.springframework.test.context.support.DirtiesContextBeforeModesTestExecutionListener, org.springframework.test.context.support.DependencyInjectionTestExecutionListener, org.springframework.test.context.support.DirtiesContextTestExecutionListener, org.springframework.test.context.transaction.TransactionalTestExecutionListener, org.springframework.test.context.jdbc.SqlScriptsTestExecutionListener, org.springframework.test.context.event.EventPublishingTestExecutionListener]
2021-07-26 14:42:56.387  INFO 6068 --- [    Test worker] .b.t.c.SpringBootTestContextBootstrapper : Using TestExecutionListeners: [org.springframework.test.context.web.ServletTestExecutionListener@38202b51, org.springframework.test.context.support.DirtiesContextBeforeModesTestExecutionListener@1f7e1014, org.springframework.boot.test.mock.mockito.MockitoTestExecutionListener@5ddf29ef, org.springframework.boot.test.autoconfigure.SpringBootDependencyInjectionTestExecutionListener@403f9bbb, org.springframework.test.context.support.DirtiesContextTestExecutionListener@79fc4a4e, org.springframework.test.context.event.EventPublishingTestExecutionListener@166d1bd5, org.springframework.boot.test.autoconfigure.restdocs.RestDocsTestExecutionListener@32d9c8a6, org.springframework.boot.test.autoconfigure.web.client.MockRestServiceServerResetTestExecutionListener@e877f05, org.springframework.boot.test.autoconfigure.web.servlet.MockMvcPrintOnlyOnFailureTestExecutionListener@1532eaa1, org.springframework.boot.test.autoconfigure.web.servlet.WebDriverTestExecutionListener@6b7fe861, org.springframework.boot.test.autoconfigure.webservices.client.MockWebServiceServerTestExecutionListener@179f9150, org.springframework.boot.test.mock.mockito.ResetMocksTestExecutionListener@22d5abf1]
2021-07-26 14:42:56.394  INFO 6068 --- [    Test worker] o.s.b.t.m.w.SpringBootMockServletContext : Initializing Spring TestDispatcherServlet ''
2021-07-26 14:42:56.394  INFO 6068 --- [    Test worker] o.s.t.web.servlet.TestDispatcherServlet  : Initializing Servlet ''
2021-07-26 14:42:56.397  INFO 6068 --- [    Test worker] o.s.t.web.servlet.TestDispatcherServlet  : Completed initialization in 3 ms
2021-07-26 14:42:56.504  INFO 6068 --- [    Test worker] PatientController                        : insert(,userInterface.model.Patient@2b037411,org.springframework.validation.BeanPropertyBindingResult: 0 errors,{patient=userInterface.model.Patient@2b037411, org.springframework.validation.BindingResult.patient=org.springframework.validation.BeanPropertyBindingResult: 0 errors})
2021-07-26 14:42:56.504  INFO 6068 --- [    Test worker] PatientService                           : insert(,userInterface.model.Patient@2b037411)
2021-07-26 14:42:56.555  INFO 6068 --- [    Test worker] o.s.b.t.m.w.SpringBootMockServletContext : Initializing Spring TestDispatcherServlet ''
2021-07-26 14:42:56.556  INFO 6068 --- [    Test worker] o.s.t.web.servlet.TestDispatcherServlet  : Initializing Servlet ''
2021-07-26 14:42:56.557  INFO 6068 --- [    Test worker] o.s.t.web.servlet.TestDispatcherServlet  : Completed initialization in 1 ms
2021-07-26 14:42:56.571  INFO 6068 --- [    Test worker] PatientController                        : update(11,userInterface.model.Patient@4eb8bf48,org.springframework.validation.BeanPropertyBindingResult: 0 errors,{patient=userInterface.model.Patient@4eb8bf48, org.springframework.validation.BindingResult.patient=org.springframework.validation.BeanPropertyBindingResult: 0 errors})
2021-07-26 14:42:56.571  INFO 6068 --- [    Test worker] PatientService                           : update(11,userInterface.model.Patient@4eb8bf48)
2021-07-26 14:42:56.595  INFO 6068 --- [    Test worker] o.s.b.t.m.w.SpringBootMockServletContext : Initializing Spring TestDispatcherServlet ''
2021-07-26 14:42:56.595  INFO 6068 --- [    Test worker] o.s.t.web.servlet.TestDispatcherServlet  : Initializing Servlet ''
2021-07-26 14:42:56.596  INFO 6068 --- [    Test worker] o.s.t.web.servlet.TestDispatcherServlet  : Completed initialization in 1 ms
2021-07-26 14:42:56.611  INFO 6068 --- [    Test worker] PatientController                        : delete(11,{})
2021-07-26 14:42:56.611  INFO 6068 --- [    Test worker] PatientService                           : delete(11)
]]></system-out>
  <system-err><![CDATA[]]></system-err>
</testsuite>
