<?xml version="1.0" encoding="UTF-8"?>
<testsuite name="integration.NoteControllerIntegrationTest" tests="5" skipped="0" failures="0" errors="0" timestamp="2021-07-29T17:53:06" hostname="PC-ANTOINE" time="0.293">
  <properties/>
  <testcase name="add()" classname="integration.NoteControllerIntegrationTest" time="0.039"/>
  <testcase name="insert()" classname="integration.NoteControllerIntegrationTest" time="0.154"/>
  <testcase name="edit()" classname="integration.NoteControllerIntegrationTest" time="0.035"/>
  <testcase name="update()" classname="integration.NoteControllerIntegrationTest" time="0.027"/>
  <testcase name="delete()" classname="integration.NoteControllerIntegrationTest" time="0.031"/>
  <system-out><![CDATA[2021-07-29 19:53:06.321  INFO 2100 --- [    Test worker] .b.t.c.SpringBootTestContextBootstrapper : Neither @ContextConfiguration nor @ContextHierarchy found for test class [integration.NoteControllerIntegrationTest], using SpringBootContextLoader
2021-07-29 19:53:06.322  INFO 2100 --- [    Test worker] o.s.t.c.support.AbstractContextLoader    : Could not detect default resource locations for test class [integration.NoteControllerIntegrationTest]: no resource found for suffixes {-context.xml, Context.groovy}.
2021-07-29 19:53:06.327  INFO 2100 --- [    Test worker] .b.t.c.SpringBootTestContextBootstrapper : Loaded default TestExecutionListener class names from location [META-INF/spring.factories]: [org.springframework.boot.test.autoconfigure.restdocs.RestDocsTestExecutionListener, org.springframework.boot.test.autoconfigure.web.client.MockRestServiceServerResetTestExecutionListener, org.springframework.boot.test.autoconfigure.web.servlet.MockMvcPrintOnlyOnFailureTestExecutionListener, org.springframework.boot.test.autoconfigure.web.servlet.WebDriverTestExecutionListener, org.springframework.boot.test.autoconfigure.webservices.client.MockWebServiceServerTestExecutionListener, org.springframework.boot.test.mock.mockito.MockitoTestExecutionListener, org.springframework.boot.test.mock.mockito.ResetMocksTestExecutionListener, org.springframework.test.context.web.ServletTestExecutionListener, org.springframework.test.context.support.DirtiesContextBeforeModesTestExecutionListener, org.springframework.test.context.support.DependencyInjectionTestExecutionListener, org.springframework.test.context.support.DirtiesContextTestExecutionListener, org.springframework.test.context.transaction.TransactionalTestExecutionListener, org.springframework.test.context.jdbc.SqlScriptsTestExecutionListener, org.springframework.test.context.event.EventPublishingTestExecutionListener]
2021-07-29 19:53:06.328  INFO 2100 --- [    Test worker] .b.t.c.SpringBootTestContextBootstrapper : Using TestExecutionListeners: [org.springframework.test.context.web.ServletTestExecutionListener@7cfdd480, org.springframework.test.context.support.DirtiesContextBeforeModesTestExecutionListener@6f2073aa, org.springframework.boot.test.mock.mockito.MockitoTestExecutionListener@12e8d467, org.springframework.boot.test.autoconfigure.SpringBootDependencyInjectionTestExecutionListener@27135d36, org.springframework.test.context.support.DirtiesContextTestExecutionListener@35d8c480, org.springframework.test.context.transaction.TransactionalTestExecutionListener@59895cb2, org.springframework.test.context.jdbc.SqlScriptsTestExecutionListener@d16e008, org.springframework.test.context.event.EventPublishingTestExecutionListener@30d1f671, org.springframework.boot.test.autoconfigure.restdocs.RestDocsTestExecutionListener@43dec82f, org.springframework.boot.test.autoconfigure.web.client.MockRestServiceServerResetTestExecutionListener@5021702a, org.springframework.boot.test.autoconfigure.web.servlet.MockMvcPrintOnlyOnFailureTestExecutionListener@6a8dcc86, org.springframework.boot.test.autoconfigure.web.servlet.WebDriverTestExecutionListener@5550cdd8, org.springframework.boot.test.autoconfigure.webservices.client.MockWebServiceServerTestExecutionListener@60fae8ed, org.springframework.boot.test.mock.mockito.ResetMocksTestExecutionListener@3b0164f8]
2021-07-29 19:53:06.336  INFO 2100 --- [    Test worker] o.s.b.t.m.w.SpringBootMockServletContext : Initializing Spring TestDispatcherServlet ''
2021-07-29 19:53:06.336  INFO 2100 --- [    Test worker] o.s.t.web.servlet.TestDispatcherServlet  : Initializing Servlet ''
2021-07-29 19:53:06.340  INFO 2100 --- [    Test worker] o.s.t.web.servlet.TestDispatcherServlet  : Completed initialization in 4 ms
2021-07-29 19:53:06.347  INFO 2100 --- [    Test worker] NoteController                           : addNote(1,userInterface.model.Note@354876e8,{note=userInterface.model.Note@354876e8, org.springframework.validation.BindingResult.note=org.springframework.validation.BeanPropertyBindingResult: 0 errors})
2021-07-29 19:53:06.376  INFO 2100 --- [    Test worker] o.s.b.t.m.w.SpringBootMockServletContext : Initializing Spring TestDispatcherServlet ''
2021-07-29 19:53:06.376  INFO 2100 --- [    Test worker] o.s.t.web.servlet.TestDispatcherServlet  : Initializing Servlet ''
2021-07-29 19:53:06.380  INFO 2100 --- [    Test worker] o.s.t.web.servlet.TestDispatcherServlet  : Completed initialization in 4 ms
2021-07-29 19:53:06.466  INFO 2100 --- [    Test worker] NoteController                           : insert(,userInterface.model.Note@79a5d7d,org.springframework.validation.BeanPropertyBindingResult: 0 errors,{},{note=userInterface.model.Note@79a5d7d, org.springframework.validation.BindingResult.note=org.springframework.validation.BeanPropertyBindingResult: 0 errors})
2021-07-29 19:53:06.466  INFO 2100 --- [    Test worker] NoteService                              : insert(userInterface.model.Note@79a5d7d)
2021-07-29 19:53:06.531  INFO 2100 --- [    Test worker] o.s.b.t.m.w.SpringBootMockServletContext : Initializing Spring TestDispatcherServlet ''
2021-07-29 19:53:06.532  INFO 2100 --- [    Test worker] o.s.t.web.servlet.TestDispatcherServlet  : Initializing Servlet ''
2021-07-29 19:53:06.535  INFO 2100 --- [    Test worker] o.s.t.web.servlet.TestDispatcherServlet  : Completed initialization in 3 ms
2021-07-29 19:53:06.544  INFO 2100 --- [    Test worker] NoteController                           : editNote(1,6102eb02b04fd820fb8ad128,{})
2021-07-29 19:53:06.544  INFO 2100 --- [    Test worker] NoteService                              : select(6102eb02b04fd820fb8ad128)
2021-07-29 19:53:06.568  INFO 2100 --- [    Test worker] o.s.b.t.m.w.SpringBootMockServletContext : Initializing Spring TestDispatcherServlet ''
2021-07-29 19:53:06.568  INFO 2100 --- [    Test worker] o.s.t.web.servlet.TestDispatcherServlet  : Initializing Servlet ''
2021-07-29 19:53:06.571  INFO 2100 --- [    Test worker] o.s.t.web.servlet.TestDispatcherServlet  : Completed initialization in 3 ms
2021-07-29 19:53:06.582  INFO 2100 --- [    Test worker] NoteController                           : update(6102eb02b04fd820fb8ad128,userInterface.model.Note@163f7c04,org.springframework.validation.BeanPropertyBindingResult: 0 errors,{note=userInterface.model.Note@163f7c04, org.springframework.validation.BindingResult.note=org.springframework.validation.BeanPropertyBindingResult: 0 errors})
2021-07-29 19:53:06.582  INFO 2100 --- [    Test worker] NoteService                              : update(6102eb02b04fd820fb8ad128,userInterface.model.Note@163f7c04)
2021-07-29 19:53:06.597  INFO 2100 --- [    Test worker] o.s.b.t.m.w.SpringBootMockServletContext : Initializing Spring TestDispatcherServlet ''
2021-07-29 19:53:06.598  INFO 2100 --- [    Test worker] o.s.t.web.servlet.TestDispatcherServlet  : Initializing Servlet ''
2021-07-29 19:53:06.604  INFO 2100 --- [    Test worker] o.s.t.web.servlet.TestDispatcherServlet  : Completed initialization in 3 ms
2021-07-29 19:53:06.615  INFO 2100 --- [    Test worker] NoteController                           : delete(1,,{})
2021-07-29 19:53:06.615  INFO 2100 --- [    Test worker] NoteService                              : delete()
]]></system-out>
  <system-err><![CDATA[]]></system-err>
</testsuite>
