<?xml version="1.0" encoding="UTF-8"?>
<testsuite name="unit.service.ReportServiceUnitTest" tests="1" skipped="0" failures="0" errors="0" timestamp="2021-08-14T15:14:57" hostname="PC-ANTOINE" time="0.006">
  <properties/>
  <testcase name="getDiabetesReport()" classname="unit.service.ReportServiceUnitTest" time="0.006"/>
  <system-out><![CDATA[2021-08-14 17:14:57.924  INFO 16032 --- [    Test worker] ReportService                            : ReportService(Mock for ReportProxy, hashCode: 1045466228)
2021-08-14 17:14:57.926  INFO 16032 --- [    Test worker] ReportService                            : getDiabetesReport(Mock for Patient, hashCode: 801920410,[Mock for Note, hashCode: 1728960118])
]]></system-out>
  <system-err><![CDATA[]]></system-err>
</testsuite>
