<?xml version="1.0" encoding="UTF-8"?>
<testsuite name="unit.service.PatientServiceUnitTest" tests="5" skipped="0" failures="0" errors="0" timestamp="2021-08-10T13:33:30" hostname="PC-ANTOINE" time="0.016">
  <properties/>
  <testcase name="delete()" classname="unit.service.PatientServiceUnitTest" time="0.003"/>
  <testcase name="insert()" classname="unit.service.PatientServiceUnitTest" time="0.002"/>
  <testcase name="select()" classname="unit.service.PatientServiceUnitTest" time="0.003"/>
  <testcase name="update()" classname="unit.service.PatientServiceUnitTest" time="0.002"/>
  <testcase name="list()" classname="unit.service.PatientServiceUnitTest" time="0.002"/>
  <system-out><![CDATA[2021-08-10 15:33:30.506  INFO 13476 --- [    Test worker] PatientService                           : PatientInformationService(Mock for PatientProxy, hashCode: 1162777478)
2021-08-10 15:33:30.507  INFO 13476 --- [    Test worker] PatientService                           : delete(1)
2021-08-10 15:33:30.510  INFO 13476 --- [    Test worker] PatientService                           : PatientInformationService(Mock for PatientProxy, hashCode: 622866539)
2021-08-10 15:33:30.511  INFO 13476 --- [    Test worker] PatientService                           : insert(Mock for Patient, hashCode: 1565834027)
2021-08-10 15:33:30.514  INFO 13476 --- [    Test worker] PatientService                           : PatientInformationService(Mock for PatientProxy, hashCode: 890176722)
2021-08-10 15:33:30.515  INFO 13476 --- [    Test worker] PatientService                           : select(1)
2021-08-10 15:33:30.517  INFO 13476 --- [    Test worker] PatientService                           : PatientInformationService(Mock for PatientProxy, hashCode: 82604886)
2021-08-10 15:33:30.518  INFO 13476 --- [    Test worker] PatientService                           : update(1,Mock for Patient, hashCode: 543930568)
2021-08-10 15:33:30.520  INFO 13476 --- [    Test worker] PatientService                           : PatientInformationService(Mock for PatientProxy, hashCode: 1486803469)
2021-08-10 15:33:30.521  INFO 13476 --- [    Test worker] PatientService                           : list()
]]></system-out>
  <system-err><![CDATA[]]></system-err>
</testsuite>
