<?xml version="1.0" encoding="UTF-8"?>
<testsuite name="unit.controller.PatientControllerIUnitTest" tests="5" skipped="0" failures="0" errors="0" timestamp="2021-08-05T09:09:52" hostname="PC-ANTOINE" time="0.037">
  <properties/>
  <testcase name="delete()" classname="unit.controller.PatientControllerIUnitTest" time="0.002"/>
  <testcase name="insert()" classname="unit.controller.PatientControllerIUnitTest" time="0.03"/>
  <testcase name="update()" classname="unit.controller.PatientControllerIUnitTest" time="0.001"/>
  <testcase name="editPatient()" classname="unit.controller.PatientControllerIUnitTest" time="0.001"/>
  <testcase name="addPatient()" classname="unit.controller.PatientControllerIUnitTest" time="0.001"/>
  <system-out><![CDATA[2021-08-05 11:09:52.755  INFO 11756 --- [    Test worker] PatientController                        : PatientController(Mock for PatientServiceInterface, hashCode: 1999811586)
2021-08-05 11:09:52.756  INFO 11756 --- [    Test worker] PatientController                        : delete(1,Mock for Model, hashCode: 571402330)
2021-08-05 11:09:52.757  INFO 11756 --- [    Test worker] PatientController                        : PatientController(Mock for PatientServiceInterface, hashCode: 1198129758)
2021-08-05 11:09:52.786  INFO 11756 --- [    Test worker] PatientController                        : insert(,Mock for Patient, hashCode: 1306221544,Mock for BindingResult, hashCode: 1149919728,Mock for Model, hashCode: 1824693854)
2021-08-05 11:09:52.788  INFO 11756 --- [    Test worker] PatientController                        : PatientController(Mock for PatientServiceInterface, hashCode: 1657368540)
2021-08-05 11:09:52.788  INFO 11756 --- [    Test worker] PatientController                        : update(1,Mock for Patient, hashCode: 1968864374,Mock for BindingResult, hashCode: 1657276108,Mock for Model, hashCode: 436225189)
2021-08-05 11:09:52.790  INFO 11756 --- [    Test worker] PatientController                        : PatientController(Mock for PatientServiceInterface, hashCode: 866025398)
2021-08-05 11:09:52.790  INFO 11756 --- [    Test worker] PatientController                        : editPatient(1,Mock for Model, hashCode: 352390271)
2021-08-05 11:09:52.791  INFO 11756 --- [    Test worker] PatientController                        : PatientController(Mock for PatientServiceInterface, hashCode: 928880245)
2021-08-05 11:09:52.791  INFO 11756 --- [    Test worker] PatientController                        : addPatient(Mock for Patient, hashCode: 794872151,Mock for Model, hashCode: 1875079362)
]]></system-out>
  <system-err><![CDATA[]]></system-err>
</testsuite>
