<?xml version="1.0" encoding="UTF-8"?>
<testsuite name="unit.service.PatientServiceUnitTest" tests="5" skipped="0" failures="0" errors="0" timestamp="2021-08-05T15:02:55" hostname="PC-ANTOINE" time="0.016">
  <properties/>
  <testcase name="delete()" classname="unit.service.PatientServiceUnitTest" time="0.002"/>
  <testcase name="insert()" classname="unit.service.PatientServiceUnitTest" time="0.002"/>
  <testcase name="select()" classname="unit.service.PatientServiceUnitTest" time="0.004"/>
  <testcase name="update()" classname="unit.service.PatientServiceUnitTest" time="0.003"/>
  <testcase name="list()" classname="unit.service.PatientServiceUnitTest" time="0.002"/>
  <system-out><![CDATA[2021-08-05 17:02:55.618  INFO 12380 --- [    Test worker] PatientService                           : PatientInformationService(Mock for PatientProxy, hashCode: 1450361409)
2021-08-05 17:02:55.618  INFO 12380 --- [    Test worker] PatientService                           : delete(1)
2021-08-05 17:02:55.620  INFO 12380 --- [    Test worker] PatientService                           : PatientInformationService(Mock for PatientProxy, hashCode: 129693051)
2021-08-05 17:02:55.621  INFO 12380 --- [    Test worker] PatientService                           : insert(Mock for Patient, hashCode: 1414281520)
2021-08-05 17:02:55.624  INFO 12380 --- [    Test worker] PatientService                           : PatientInformationService(Mock for PatientProxy, hashCode: 699139282)
2021-08-05 17:02:55.626  INFO 12380 --- [    Test worker] PatientService                           : select(1)
2021-08-05 17:02:55.628  INFO 12380 --- [    Test worker] PatientService                           : PatientInformationService(Mock for PatientProxy, hashCode: 1770826604)
2021-08-05 17:02:55.629  INFO 12380 --- [    Test worker] PatientService                           : update(1,Mock for Patient, hashCode: 969775627)
2021-08-05 17:02:55.632  INFO 12380 --- [    Test worker] PatientService                           : PatientInformationService(Mock for PatientProxy, hashCode: 209559995)
2021-08-05 17:02:55.633  INFO 12380 --- [    Test worker] PatientService                           : list()
]]></system-out>
  <system-err><![CDATA[]]></system-err>
</testsuite>
