<?xml version="1.0" encoding="UTF-8"?>
<testsuite name="unit.service.PatientServiceUnitTest" tests="5" skipped="0" failures="0" errors="0" timestamp="2021-08-11T09:33:52" hostname="PC-ANTOINE" time="0.011">
  <properties/>
  <testcase name="delete()" classname="unit.service.PatientServiceUnitTest" time="0.001"/>
  <testcase name="insert()" classname="unit.service.PatientServiceUnitTest" time="0.003"/>
  <testcase name="select()" classname="unit.service.PatientServiceUnitTest" time="0.002"/>
  <testcase name="update()" classname="unit.service.PatientServiceUnitTest" time="0.002"/>
  <testcase name="list()" classname="unit.service.PatientServiceUnitTest" time="0.002"/>
  <system-out><![CDATA[2021-08-11 11:33:52.247  INFO 14396 --- [    Test worker] PatientService                           : PatientInformationService(Mock for PatientProxy, hashCode: 641848478)
2021-08-11 11:33:52.247  INFO 14396 --- [    Test worker] PatientService                           : delete(1)
2021-08-11 11:33:52.250  INFO 14396 --- [    Test worker] PatientService                           : PatientInformationService(Mock for PatientProxy, hashCode: 509368825)
2021-08-11 11:33:52.250  INFO 14396 --- [    Test worker] PatientService                           : insert(Mock for Patient, hashCode: 240909216)
2021-08-11 11:33:52.252  INFO 14396 --- [    Test worker] PatientService                           : PatientInformationService(Mock for PatientProxy, hashCode: 2141689201)
2021-08-11 11:33:52.253  INFO 14396 --- [    Test worker] PatientService                           : select(1)
2021-08-11 11:33:52.255  INFO 14396 --- [    Test worker] PatientService                           : PatientInformationService(Mock for PatientProxy, hashCode: 1474972479)
2021-08-11 11:33:52.255  INFO 14396 --- [    Test worker] PatientService                           : update(1,Mock for Patient, hashCode: 721765290)
2021-08-11 11:33:52.256  INFO 14396 --- [    Test worker] PatientService                           : PatientInformationService(Mock for PatientProxy, hashCode: 2052209553)
2021-08-11 11:33:52.257  INFO 14396 --- [    Test worker] PatientService                           : list()
]]></system-out>
  <system-err><![CDATA[]]></system-err>
</testsuite>
