<?xml version="1.0" encoding="UTF-8"?>
<testsuite name="unit.service.NoteServiceUnitTest" tests="5" skipped="0" failures="0" errors="0" timestamp="2021-08-10T13:33:30" hostname="PC-ANTOINE" time="0.118">
  <properties/>
  <testcase name="delete()" classname="unit.service.NoteServiceUnitTest" time="0.004"/>
  <testcase name="insert()" classname="unit.service.NoteServiceUnitTest" time="0.003"/>
  <testcase name="select()" classname="unit.service.NoteServiceUnitTest" time="0.002"/>
  <testcase name="update()" classname="unit.service.NoteServiceUnitTest" time="0.004"/>
  <testcase name="list()" classname="unit.service.NoteServiceUnitTest" time="0.1"/>
  <system-out><![CDATA[2021-08-10 15:33:30.365  INFO 13476 --- [    Test worker] NoteService                              : PatientNoteService(Mock for NoteProxy, hashCode: 1530078225)
2021-08-10 15:33:30.366  INFO 13476 --- [    Test worker] NoteService                              : delete(noteId)
2021-08-10 15:33:30.371  INFO 13476 --- [    Test worker] NoteService                              : PatientNoteService(Mock for NoteProxy, hashCode: 1016447072)
2021-08-10 15:33:30.371  INFO 13476 --- [    Test worker] NoteService                              : insert(Mock for Note, hashCode: 1222722978)
2021-08-10 15:33:30.374  INFO 13476 --- [    Test worker] NoteService                              : PatientNoteService(Mock for NoteProxy, hashCode: 1997110771)
2021-08-10 15:33:30.375  INFO 13476 --- [    Test worker] NoteService                              : select(noteId)
2021-08-10 15:33:30.378  INFO 13476 --- [    Test worker] NoteService                              : PatientNoteService(Mock for NoteProxy, hashCode: 903404719)
2021-08-10 15:33:30.379  INFO 13476 --- [    Test worker] NoteService                              : update(noteId,Mock for Note, hashCode: 668765364)
2021-08-10 15:33:30.382  INFO 13476 --- [    Test worker] NoteService                              : PatientNoteService(Mock for NoteProxy, hashCode: 1699873208)
2021-08-10 15:33:30.480  INFO 13476 --- [    Test worker] NoteService                              : list(1)
]]></system-out>
  <system-err><![CDATA[]]></system-err>
</testsuite>
