<?xml version="1.0" encoding="UTF-8"?>
<testsuite name="unit.service.NoteServiceUnitTest" tests="5" skipped="0" failures="0" errors="0" timestamp="2021-08-10T10:34:13" hostname="PC-ANTOINE" time="0.094">
  <properties/>
  <testcase name="delete()" classname="unit.service.NoteServiceUnitTest" time="0.002"/>
  <testcase name="insert()" classname="unit.service.NoteServiceUnitTest" time="0.002"/>
  <testcase name="select()" classname="unit.service.NoteServiceUnitTest" time="0.003"/>
  <testcase name="update()" classname="unit.service.NoteServiceUnitTest" time="0.003"/>
  <testcase name="list()" classname="unit.service.NoteServiceUnitTest" time="0.082"/>
  <system-out><![CDATA[2021-08-10 12:34:13.312  INFO 3088 --- [    Test worker] NoteService                              : PatientNoteService(Mock for NoteProxy, hashCode: 462035550)
2021-08-10 12:34:13.313  INFO 3088 --- [    Test worker] NoteService                              : delete(noteId)
2021-08-10 12:34:13.315  INFO 3088 --- [    Test worker] NoteService                              : PatientNoteService(Mock for NoteProxy, hashCode: 1764270902)
2021-08-10 12:34:13.316  INFO 3088 --- [    Test worker] NoteService                              : insert(Mock for Note, hashCode: 1421749585)
2021-08-10 12:34:13.318  INFO 3088 --- [    Test worker] NoteService                              : PatientNoteService(Mock for NoteProxy, hashCode: 2105661268)
2021-08-10 12:34:13.319  INFO 3088 --- [    Test worker] NoteService                              : select(noteId)
2021-08-10 12:34:13.321  INFO 3088 --- [    Test worker] NoteService                              : PatientNoteService(Mock for NoteProxy, hashCode: 915569232)
2021-08-10 12:34:13.322  INFO 3088 --- [    Test worker] NoteService                              : update(noteId,Mock for Note, hashCode: 437210791)
2021-08-10 12:34:13.324  INFO 3088 --- [    Test worker] NoteService                              : PatientNoteService(Mock for NoteProxy, hashCode: 1065237522)
2021-08-10 12:34:13.405  INFO 3088 --- [    Test worker] NoteService                              : list(1)
]]></system-out>
  <system-err><![CDATA[]]></system-err>
</testsuite>
