<?xml version="1.0" encoding="UTF-8"?>
<testsuite name="unit.controller.CommonControllerIUnitTest" tests="2" skipped="0" failures="0" errors="0" timestamp="2021-08-05T15:02:55" hostname="PC-ANTOINE" time="0.076">
  <properties/>
  <testcase name="openPatient()" classname="unit.controller.CommonControllerIUnitTest" time="0.072"/>
  <testcase name="listPatient()" classname="unit.controller.CommonControllerIUnitTest" time="0.003"/>
  <system-out><![CDATA[2021-08-05 17:02:55.053  INFO 12380 --- [    Test worker] CommonController                         : CommonController(Mock for PatientServiceInterface, hashCode: 256922033)
2021-08-05 17:02:55.093  INFO 12380 --- [    Test worker] CommonController                         : openPatient(1,Mock for Model, hashCode: 212405796)
2021-08-05 17:02:55.111  INFO 12380 --- [    Test worker] CommonController                         : CommonController(Mock for PatientServiceInterface, hashCode: 1301485664)
2021-08-05 17:02:55.112  INFO 12380 --- [    Test worker] CommonController                         : listPatient(Mock for Model, hashCode: 1258669391)
]]></system-out>
  <system-err><![CDATA[]]></system-err>
</testsuite>
