<?xml version="1.0" encoding="UTF-8"?>
<testsuite name="unit.service.NoteServiceUnitTest" tests="5" skipped="0" failures="0" errors="0" timestamp="2021-08-11T09:33:52" hostname="PC-ANTOINE" time="0.077">
  <properties/>
  <testcase name="delete()" classname="unit.service.NoteServiceUnitTest" time="0.002"/>
  <testcase name="insert()" classname="unit.service.NoteServiceUnitTest" time="0.001"/>
  <testcase name="select()" classname="unit.service.NoteServiceUnitTest" time="0.002"/>
  <testcase name="update()" classname="unit.service.NoteServiceUnitTest" time="0.006"/>
  <testcase name="list()" classname="unit.service.NoteServiceUnitTest" time="0.063"/>
  <system-out><![CDATA[2021-08-11 11:33:52.150  INFO 14396 --- [    Test worker] NoteService                              : PatientNoteService(Mock for NoteProxy, hashCode: 2023671249)
2021-08-11 11:33:52.151  INFO 14396 --- [    Test worker] NoteService                              : delete(noteId)
2021-08-11 11:33:52.153  INFO 14396 --- [    Test worker] NoteService                              : PatientNoteService(Mock for NoteProxy, hashCode: 274876684)
2021-08-11 11:33:52.153  INFO 14396 --- [    Test worker] NoteService                              : insert(Mock for Note, hashCode: 28969793)
2021-08-11 11:33:52.155  INFO 14396 --- [    Test worker] NoteService                              : PatientNoteService(Mock for NoteProxy, hashCode: 167162860)
2021-08-11 11:33:52.156  INFO 14396 --- [    Test worker] NoteService                              : select(noteId)
2021-08-11 11:33:52.159  INFO 14396 --- [    Test worker] NoteService                              : PatientNoteService(Mock for NoteProxy, hashCode: 130572110)
2021-08-11 11:33:52.160  INFO 14396 --- [    Test worker] NoteService                              : update(noteId,Mock for Note, hashCode: 98589842)
2021-08-11 11:33:52.165  INFO 14396 --- [    Test worker] NoteService                              : PatientNoteService(Mock for NoteProxy, hashCode: 1414643564)
2021-08-11 11:33:52.226  INFO 14396 --- [    Test worker] NoteService                              : list(1)
]]></system-out>
  <system-err><![CDATA[]]></system-err>
</testsuite>
