<?xml version="1.0" encoding="UTF-8"?>
<testsuite name="integration.NoteControllerIntegrationTest" tests="5" skipped="0" failures="0" errors="0" timestamp="2021-08-11T09:33:49" hostname="PC-ANTOINE" time="0.86">
  <properties/>
  <testcase name="add()" classname="integration.NoteControllerIntegrationTest" time="0.042"/>
  <testcase name="insert()" classname="integration.NoteControllerIntegrationTest" time="0.574"/>
  <testcase name="edit()" classname="integration.NoteControllerIntegrationTest" time="0.111"/>
  <testcase name="update()" classname="integration.NoteControllerIntegrationTest" time="0.059"/>
  <testcase name="delete()" classname="integration.NoteControllerIntegrationTest" time="0.068"/>
  <system-out><![CDATA[2021-08-11 11:33:49.858  INFO 14396 --- [    Test worker] .b.t.c.SpringBootTestContextBootstrapper : Neither @ContextConfiguration nor @ContextHierarchy found for test class [integration.NoteControllerIntegrationTest], using SpringBootContextLoader
2021-08-11 11:33:49.859  INFO 14396 --- [    Test worker] o.s.t.c.support.AbstractContextLoader    : Could not detect default resource locations for test class [integration.NoteControllerIntegrationTest]: no resource found for suffixes {-context.xml, Context.groovy}.
2021-08-11 11:33:49.866  INFO 14396 --- [    Test worker] .b.t.c.SpringBootTestContextBootstrapper : Loaded default TestExecutionListener class names from location [META-INF/spring.factories]: [org.springframework.boot.test.autoconfigure.restdocs.RestDocsTestExecutionListener, org.springframework.boot.test.autoconfigure.web.client.MockRestServiceServerResetTestExecutionListener, org.springframework.boot.test.autoconfigure.web.servlet.MockMvcPrintOnlyOnFailureTestExecutionListener, org.springframework.boot.test.autoconfigure.web.servlet.WebDriverTestExecutionListener, org.springframework.boot.test.autoconfigure.webservices.client.MockWebServiceServerTestExecutionListener, org.springframework.boot.test.mock.mockito.MockitoTestExecutionListener, org.springframework.boot.test.mock.mockito.ResetMocksTestExecutionListener, org.springframework.test.context.web.ServletTestExecutionListener, org.springframework.test.context.support.DirtiesContextBeforeModesTestExecutionListener, org.springframework.test.context.support.DependencyInjectionTestExecutionListener, org.springframework.test.context.support.DirtiesContextTestExecutionListener, org.springframework.test.context.transaction.TransactionalTestExecutionListener, org.springframework.test.context.jdbc.SqlScriptsTestExecutionListener, org.springframework.test.context.event.EventPublishingTestExecutionListener]
2021-08-11 11:33:49.868  INFO 14396 --- [    Test worker] .b.t.c.SpringBootTestContextBootstrapper : Using TestExecutionListeners: [org.springframework.test.context.web.ServletTestExecutionListener@15d3f7d2, org.springframework.test.context.support.DirtiesContextBeforeModesTestExecutionListener@44a383bd, org.springframework.boot.test.mock.mockito.MockitoTestExecutionListener@159e8289, org.springframework.boot.test.autoconfigure.SpringBootDependencyInjectionTestExecutionListener@4d5ddc14, org.springframework.test.context.support.DirtiesContextTestExecutionListener@473adf0a, org.springframework.test.context.event.EventPublishingTestExecutionListener@1fdc023b, org.springframework.boot.test.autoconfigure.restdocs.RestDocsTestExecutionListener@7e374183, org.springframework.boot.test.autoconfigure.web.client.MockRestServiceServerResetTestExecutionListener@5d298f2d, org.springframework.boot.test.autoconfigure.web.servlet.MockMvcPrintOnlyOnFailureTestExecutionListener@4c7ad90d, org.springframework.boot.test.autoconfigure.web.servlet.WebDriverTestExecutionListener@3348c763, org.springframework.boot.test.autoconfigure.webservices.client.MockWebServiceServerTestExecutionListener@77b7b3d0, org.springframework.boot.test.mock.mockito.ResetMocksTestExecutionListener@66760aec]
2021-08-11 11:33:49.875  INFO 14396 --- [    Test worker] o.s.b.t.m.w.SpringBootMockServletContext : Initializing Spring TestDispatcherServlet ''
2021-08-11 11:33:49.876  INFO 14396 --- [    Test worker] o.s.t.web.servlet.TestDispatcherServlet  : Initializing Servlet ''
2021-08-11 11:33:49.879  INFO 14396 --- [    Test worker] o.s.t.web.servlet.TestDispatcherServlet  : Completed initialization in 2 ms
2021-08-11 11:33:49.886  INFO 14396 --- [    Test worker] NoteController                           : add(999999999,userInterface.model.Note@4253d97c,{note=userInterface.model.Note@4253d97c, org.springframework.validation.BindingResult.note=org.springframework.validation.BeanPropertyBindingResult: 0 errors})
2021-08-11 11:33:49.919  INFO 14396 --- [    Test worker] o.s.b.t.m.w.SpringBootMockServletContext : Initializing Spring TestDispatcherServlet ''
2021-08-11 11:33:49.919  INFO 14396 --- [    Test worker] o.s.t.web.servlet.TestDispatcherServlet  : Initializing Servlet ''
2021-08-11 11:33:49.921  INFO 14396 --- [    Test worker] o.s.t.web.servlet.TestDispatcherServlet  : Completed initialization in 2 ms
2021-08-11 11:33:50.023  INFO 14396 --- [    Test worker] NoteController                           : insert(userInterface.model.Note@83c345c,org.springframework.validation.BeanPropertyBindingResult: 0 errors,{},{note=userInterface.model.Note@83c345c, org.springframework.validation.BindingResult.note=org.springframework.validation.BeanPropertyBindingResult: 0 errors})
2021-08-11 11:33:50.024  INFO 14396 --- [    Test worker] NoteService                              : insert(userInterface.model.Note@83c345c)
2021-08-11 11:33:50.494  INFO 14396 --- [    Test worker] o.s.b.t.m.w.SpringBootMockServletContext : Initializing Spring TestDispatcherServlet ''
2021-08-11 11:33:50.494  INFO 14396 --- [    Test worker] o.s.t.web.servlet.TestDispatcherServlet  : Initializing Servlet ''
2021-08-11 11:33:50.496  INFO 14396 --- [    Test worker] o.s.t.web.servlet.TestDispatcherServlet  : Completed initialization in 2 ms
2021-08-11 11:33:50.514  INFO 14396 --- [    Test worker] NoteController                           : editNote(999999999,6113997ef1fa9d0ce8dfccaa,{})
2021-08-11 11:33:50.515  INFO 14396 --- [    Test worker] NoteService                              : select(6113997ef1fa9d0ce8dfccaa)
2021-08-11 11:33:50.606  INFO 14396 --- [    Test worker] o.s.b.t.m.w.SpringBootMockServletContext : Initializing Spring TestDispatcherServlet ''
2021-08-11 11:33:50.607  INFO 14396 --- [    Test worker] o.s.t.web.servlet.TestDispatcherServlet  : Initializing Servlet ''
2021-08-11 11:33:50.609  INFO 14396 --- [    Test worker] o.s.t.web.servlet.TestDispatcherServlet  : Completed initialization in 2 ms
2021-08-11 11:33:50.628  INFO 14396 --- [    Test worker] NoteController                           : update(6113997ef1fa9d0ce8dfccaa,userInterface.model.Note@5ff3acb5,org.springframework.validation.BeanPropertyBindingResult: 0 errors,{note=userInterface.model.Note@5ff3acb5, org.springframework.validation.BindingResult.note=org.springframework.validation.BeanPropertyBindingResult: 0 errors})
2021-08-11 11:33:50.629  INFO 14396 --- [    Test worker] NoteService                              : update(6113997ef1fa9d0ce8dfccaa,userInterface.model.Note@5ff3acb5)
2021-08-11 11:33:50.667  INFO 14396 --- [    Test worker] o.s.b.t.m.w.SpringBootMockServletContext : Initializing Spring TestDispatcherServlet ''
2021-08-11 11:33:50.670  INFO 14396 --- [    Test worker] o.s.t.web.servlet.TestDispatcherServlet  : Initializing Servlet ''
2021-08-11 11:33:50.672  INFO 14396 --- [    Test worker] o.s.t.web.servlet.TestDispatcherServlet  : Completed initialization in 2 ms
2021-08-11 11:33:50.688  INFO 14396 --- [    Test worker] NoteController                           : delete(999999999,6113997ef1fa9d0ce8dfccaa,{})
2021-08-11 11:33:50.689  INFO 14396 --- [    Test worker] NoteService                              : delete(6113997ef1fa9d0ce8dfccaa)
]]></system-out>
  <system-err><![CDATA[]]></system-err>
</testsuite>
