<?xml version="1.0" encoding="UTF-8"?>
<testsuite name="integration.HomeControllerIntegrationTest" tests="3" skipped="0" failures="0" errors="0" timestamp="2021-07-26T12:42:54" hostname="PC-ANTOINE" time="1.438">
  <properties/>
  <testcase name="add()" classname="integration.HomeControllerIntegrationTest" time="1.145"/>
  <testcase name="edit()" classname="integration.HomeControllerIntegrationTest" time="0.24"/>
  <testcase name="list()" classname="integration.HomeControllerIntegrationTest" time="0.05"/>
  <system-out><![CDATA[14:42:50.347 [Test worker] DEBUG org.springframework.test.context.BootstrapUtils - Instantiating CacheAwareContextLoaderDelegate from class [org.springframework.test.context.cache.DefaultCacheAwareContextLoaderDelegate]
14:42:50.362 [Test worker] DEBUG org.springframework.test.context.BootstrapUtils - Instantiating BootstrapContext using constructor [public org.springframework.test.context.support.DefaultBootstrapContext(java.lang.Class,org.springframework.test.context.CacheAwareContextLoaderDelegate)]
14:42:50.391 [Test worker] DEBUG org.springframework.test.context.BootstrapUtils - Instantiating TestContextBootstrapper for test class [integration.HomeControllerIntegrationTest] from class [org.springframework.boot.test.context.SpringBootTestContextBootstrapper]
14:42:50.407 [Test worker] INFO org.springframework.boot.test.context.SpringBootTestContextBootstrapper - Neither @ContextConfiguration nor @ContextHierarchy found for test class [integration.HomeControllerIntegrationTest], using SpringBootContextLoader
14:42:50.411 [Test worker] DEBUG org.springframework.test.context.support.AbstractContextLoader - Did not detect default resource location for test class [integration.HomeControllerIntegrationTest]: class path resource [integration/HomeControllerIntegrationTest-context.xml] does not exist
14:42:50.412 [Test worker] DEBUG org.springframework.test.context.support.AbstractContextLoader - Did not detect default resource location for test class [integration.HomeControllerIntegrationTest]: class path resource [integration/HomeControllerIntegrationTestContext.groovy] does not exist
14:42:50.412 [Test worker] INFO org.springframework.test.context.support.AbstractContextLoader - Could not detect default resource locations for test class [integration.HomeControllerIntegrationTest]: no resource found for suffixes {-context.xml, Context.groovy}.
14:42:50.460 [Test worker] DEBUG org.springframework.test.context.support.ActiveProfilesUtils - Could not find an 'annotation declaring class' for annotation type [org.springframework.test.context.ActiveProfiles] and class [integration.HomeControllerIntegrationTest]
14:42:50.602 [Test worker] DEBUG org.springframework.boot.test.context.SpringBootTestContextBootstrapper - @TestExecutionListeners is not present for class [integration.HomeControllerIntegrationTest]: using defaults.
14:42:50.603 [Test worker] INFO org.springframework.boot.test.context.SpringBootTestContextBootstrapper - Loaded default TestExecutionListener class names from location [META-INF/spring.factories]: [org.springframework.boot.test.autoconfigure.restdocs.RestDocsTestExecutionListener, org.springframework.boot.test.autoconfigure.web.client.MockRestServiceServerResetTestExecutionListener, org.springframework.boot.test.autoconfigure.web.servlet.MockMvcPrintOnlyOnFailureTestExecutionListener, org.springframework.boot.test.autoconfigure.web.servlet.WebDriverTestExecutionListener, org.springframework.boot.test.autoconfigure.webservices.client.MockWebServiceServerTestExecutionListener, org.springframework.boot.test.mock.mockito.MockitoTestExecutionListener, org.springframework.boot.test.mock.mockito.ResetMocksTestExecutionListener, org.springframework.test.context.web.ServletTestExecutionListener, org.springframework.test.context.support.DirtiesContextBeforeModesTestExecutionListener, org.springframework.test.context.support.DependencyInjectionTestExecutionListener, org.springframework.test.context.support.DirtiesContextTestExecutionListener, org.springframework.test.context.transaction.TransactionalTestExecutionListener, org.springframework.test.context.jdbc.SqlScriptsTestExecutionListener, org.springframework.test.context.event.EventPublishingTestExecutionListener]
14:42:50.618 [Test worker] DEBUG org.springframework.boot.test.context.SpringBootTestContextBootstrapper - Skipping candidate TestExecutionListener [org.springframework.test.context.transaction.TransactionalTestExecutionListener] due to a missing dependency. Specify custom listener classes or make the default listener classes and their required dependencies available. Offending class: [org/springframework/transaction/interceptor/TransactionAttributeSource]
14:42:50.619 [Test worker] DEBUG org.springframework.boot.test.context.SpringBootTestContextBootstrapper - Skipping candidate TestExecutionListener [org.springframework.test.context.jdbc.SqlScriptsTestExecutionListener] due to a missing dependency. Specify custom listener classes or make the default listener classes and their required dependencies available. Offending class: [org/springframework/transaction/interceptor/TransactionAttribute]
14:42:50.619 [Test worker] INFO org.springframework.boot.test.context.SpringBootTestContextBootstrapper - Using TestExecutionListeners: [org.springframework.test.context.web.ServletTestExecutionListener@7efe5b86, org.springframework.test.context.support.DirtiesContextBeforeModesTestExecutionListener@1cfa776a, org.springframework.boot.test.mock.mockito.MockitoTestExecutionListener@1cff108d, org.springframework.boot.test.autoconfigure.SpringBootDependencyInjectionTestExecutionListener@79547466, org.springframework.test.context.support.DirtiesContextTestExecutionListener@75fa22a1, org.springframework.test.context.event.EventPublishingTestExecutionListener@3a744a53, org.springframework.boot.test.autoconfigure.restdocs.RestDocsTestExecutionListener@5eeb5ee8, org.springframework.boot.test.autoconfigure.web.client.MockRestServiceServerResetTestExecutionListener@446e617, org.springframework.boot.test.autoconfigure.web.servlet.MockMvcPrintOnlyOnFailureTestExecutionListener@200d2314, org.springframework.boot.test.autoconfigure.web.servlet.WebDriverTestExecutionListener@3833c394, org.springframework.boot.test.autoconfigure.webservices.client.MockWebServiceServerTestExecutionListener@3c2bd664, org.springframework.boot.test.mock.mockito.ResetMocksTestExecutionListener@f6ee9a8]
14:42:50.623 [Test worker] DEBUG org.springframework.test.context.support.AbstractDirtiesContextTestExecutionListener - Before test class: context [DefaultTestContext@3543dd4f testClass = HomeControllerIntegrationTest, testInstance = [null], testMethod = [null], testException = [null], mergedContextConfiguration = [WebMergedContextConfiguration@4187ba05 testClass = HomeControllerIntegrationTest, locations = '{}', classes = '{class userInterface.Application}', contextInitializerClasses = '[]', activeProfiles = '{}', propertySourceLocations = '{}', propertySourceProperties = '{org.springframework.boot.test.context.SpringBootTestContextBootstrapper=true}', contextCustomizers = set[org.springframework.boot.test.autoconfigure.properties.PropertyMappingContextCustomizer@0, org.springframework.boot.test.autoconfigure.web.servlet.WebDriverContextCustomizerFactory$Customizer@75a3310b, org.springframework.boot.test.context.filter.ExcludeFilterContextCustomizer@3399b4bb, org.springframework.boot.test.json.DuplicateJsonObjectContextCustomizerFactory$DuplicateJsonObjectContextCustomizer@c4b5cbf, org.springframework.boot.test.mock.mockito.MockitoContextCustomizer@0, org.springframework.boot.test.web.client.TestRestTemplateContextCustomizer@c08d5f7, org.springframework.boot.test.context.SpringBootTestArgs@1, org.springframework.boot.test.context.SpringBootTestWebEnvironment@46161c1f], resourceBasePath = 'src/main/webapp', contextLoader = 'org.springframework.boot.test.context.SpringBootContextLoader', parent = [null]], attributes = map['org.springframework.test.context.web.ServletTestExecutionListener.activateListener' -> true]], class annotated with @DirtiesContext [false] with mode [null].
14:42:50.663 [Test worker] DEBUG org.springframework.test.context.support.TestPropertySourceUtils - Adding inlined properties to environment: {spring.jmx.enabled=false, org.springframework.boot.test.context.SpringBootTestContextBootstrapper=true}

  .   ____          _            __ _ _
 /\\ / ___'_ __ _ _(_)_ __  __ _ \ \ \ \
( ( )\___ | '_ | '_| | '_ \/ _` | \ \ \ \
 \\/  ___)| |_)| | | | | || (_| |  ) ) ) )
  '  |____| .__|_| |_|_| |_\__, | / / / /
 =========|_|==============|___/=/_/_/_/
 :: Spring Boot ::        (v2.3.9.RELEASE)

2021-07-26 14:42:51.930  INFO 6068 --- [    Test worker] i.HomeControllerIntegrationTest          : No active profile set, falling back to default profiles: default
2021-07-26 14:42:52.796  INFO 6068 --- [    Test worker] o.s.cloud.context.scope.GenericScope     : BeanFactory id=6ed6f0f0-2ae3-3bbc-bd22-83d4426a9bcd
2021-07-26 14:42:52.859  INFO 6068 --- [    Test worker] trationDelegate$BeanPostProcessorChecker : Bean 'userInterface.proxy.PatientProxy' of type [org.springframework.cloud.openfeign.FeignClientFactoryBean] is not eligible for getting processed by all BeanPostProcessors (for example: not eligible for auto-proxying)
2021-07-26 14:42:52.974  INFO 6068 --- [    Test worker] HomeController                           : HomeController()
2021-07-26 14:42:53.376  INFO 6068 --- [    Test worker] PatientController                        : PatientController()
2021-07-26 14:42:53.583  WARN 6068 --- [    Test worker] c.n.c.sources.URLConfigurationSource     : No URLs will be polled as dynamic configuration sources.
2021-07-26 14:42:53.583  INFO 6068 --- [    Test worker] c.n.c.sources.URLConfigurationSource     : To enable URLs as dynamic configuration sources, define System property archaius.configurationSource.additionalUrls or make config.properties available on classpath.
2021-07-26 14:42:53.593  WARN 6068 --- [    Test worker] c.n.c.sources.URLConfigurationSource     : No URLs will be polled as dynamic configuration sources.
2021-07-26 14:42:53.594  INFO 6068 --- [    Test worker] c.n.c.sources.URLConfigurationSource     : To enable URLs as dynamic configuration sources, define System property archaius.configurationSource.additionalUrls or make config.properties available on classpath.
2021-07-26 14:42:53.879  INFO 6068 --- [    Test worker] o.s.s.concurrent.ThreadPoolTaskExecutor  : Initializing ExecutorService 'applicationTaskExecutor'
2021-07-26 14:42:54.806  INFO 6068 --- [    Test worker] o.s.b.a.e.web.EndpointLinksResolver      : Exposing 2 endpoint(s) beneath base path '/actuator'
2021-07-26 14:42:54.884  INFO 6068 --- [    Test worker] i.HomeControllerIntegrationTest          : Started HomeControllerIntegrationTest in 4.208 seconds (JVM running for 5.49)
2021-07-26 14:42:55.453  INFO 6068 --- [    Test worker] o.s.b.t.m.w.SpringBootMockServletContext : Initializing Spring TestDispatcherServlet ''
2021-07-26 14:42:55.453  INFO 6068 --- [    Test worker] o.s.t.web.servlet.TestDispatcherServlet  : Initializing Servlet ''
2021-07-26 14:42:55.476  INFO 6068 --- [    Test worker] o.s.t.web.servlet.TestDispatcherServlet  : Completed initialization in 22 ms
2021-07-26 14:42:55.539  INFO 6068 --- [    Test worker] HomeController                           : addPatient({patient=userInterface.model.Patient@63acce5, org.springframework.validation.BindingResult.patient=org.springframework.validation.BeanPropertyBindingResult: 0 errors})
2021-07-26 14:42:56.086  INFO 6068 --- [    Test worker] o.s.b.t.m.w.SpringBootMockServletContext : Initializing Spring TestDispatcherServlet ''
2021-07-26 14:42:56.086  INFO 6068 --- [    Test worker] o.s.t.web.servlet.TestDispatcherServlet  : Initializing Servlet ''
2021-07-26 14:42:56.088  INFO 6068 --- [    Test worker] o.s.t.web.servlet.TestDispatcherServlet  : Completed initialization in 2 ms
2021-07-26 14:42:56.092  INFO 6068 --- [    Test worker] HomeController                           : editPatient(1,{})
2021-07-26 14:42:56.092  INFO 6068 --- [    Test worker] PatientService                           : select(1)
2021-07-26 14:42:56.328  INFO 6068 --- [    Test worker] o.s.b.t.m.w.SpringBootMockServletContext : Initializing Spring TestDispatcherServlet ''
2021-07-26 14:42:56.328  INFO 6068 --- [    Test worker] o.s.t.web.servlet.TestDispatcherServlet  : Initializing Servlet ''
2021-07-26 14:42:56.332  INFO 6068 --- [    Test worker] o.s.t.web.servlet.TestDispatcherServlet  : Completed initialization in 3 ms
2021-07-26 14:42:56.334  INFO 6068 --- [    Test worker] HomeController                           : listPatient({})
2021-07-26 14:42:56.334  INFO 6068 --- [    Test worker] PatientService                           : list()
]]></system-out>
  <system-err><![CDATA[]]></system-err>
</testsuite>
