<?xml version="1.0" encoding="UTF-8"?>
<testsuite name="unit.service.PatientServiceUnitTest" tests="5" skipped="0" failures="0" errors="0" timestamp="2021-08-05T09:09:52" hostname="PC-ANTOINE" time="0.008">
  <properties/>
  <testcase name="delete()" classname="unit.service.PatientServiceUnitTest" time="0.002"/>
  <testcase name="insert()" classname="unit.service.PatientServiceUnitTest" time="0.001"/>
  <testcase name="select()" classname="unit.service.PatientServiceUnitTest" time="0.001"/>
  <testcase name="update()" classname="unit.service.PatientServiceUnitTest" time="0.002"/>
  <testcase name="list()" classname="unit.service.PatientServiceUnitTest" time="0.001"/>
  <system-out><![CDATA[2021-08-05 11:09:52.879  INFO 11756 --- [    Test worker] PatientService                           : PatientInformationService(Mock for PatientProxy, hashCode: 1335396905)
2021-08-05 11:09:52.880  INFO 11756 --- [    Test worker] PatientService                           : delete(1)
2021-08-05 11:09:52.881  INFO 11756 --- [    Test worker] PatientService                           : PatientInformationService(Mock for PatientProxy, hashCode: 1813275246)
2021-08-05 11:09:52.881  INFO 11756 --- [    Test worker] PatientService                           : insert(Mock for Patient, hashCode: 2009436795)
2021-08-05 11:09:52.882  INFO 11756 --- [    Test worker] PatientService                           : PatientInformationService(Mock for PatientProxy, hashCode: 1774873752)
2021-08-05 11:09:52.883  INFO 11756 --- [    Test worker] PatientService                           : select(1)
2021-08-05 11:09:52.884  INFO 11756 --- [    Test worker] PatientService                           : PatientInformationService(Mock for PatientProxy, hashCode: 1653107274)
2021-08-05 11:09:52.885  INFO 11756 --- [    Test worker] PatientService                           : update(1,Mock for Patient, hashCode: 759194471)
2021-08-05 11:09:52.886  INFO 11756 --- [    Test worker] PatientService                           : PatientInformationService(Mock for PatientProxy, hashCode: 1984789246)
2021-08-05 11:09:52.886  INFO 11756 --- [    Test worker] PatientService                           : list()
]]></system-out>
  <system-err><![CDATA[]]></system-err>
</testsuite>
