<?xml version="1.0" encoding="UTF-8"?>
<testsuite name="integration.PatientControllerIntegrationTest" tests="5" skipped="0" failures="0" errors="0" timestamp="2021-08-05T15:02:53" hostname="PC-ANTOINE" time="0.984">
  <properties/>
  <testcase name="add()" classname="integration.PatientControllerIntegrationTest" time="0.053"/>
  <testcase name="insert()" classname="integration.PatientControllerIntegrationTest" time="0.62"/>
  <testcase name="edit()" classname="integration.PatientControllerIntegrationTest" time="0.085"/>
  <testcase name="update()" classname="integration.PatientControllerIntegrationTest" time="0.108"/>
  <testcase name="delete()" classname="integration.PatientControllerIntegrationTest" time="0.112"/>
  <system-out><![CDATA[2021-08-05 17:02:53.754  INFO 12380 --- [    Test worker] .b.t.c.SpringBootTestContextBootstrapper : Neither @ContextConfiguration nor @ContextHierarchy found for test class [integration.PatientControllerIntegrationTest], using SpringBootContextLoader
2021-08-05 17:02:53.756  INFO 12380 --- [    Test worker] o.s.t.c.support.AbstractContextLoader    : Could not detect default resource locations for test class [integration.PatientControllerIntegrationTest]: no resource found for suffixes {-context.xml, Context.groovy}.
2021-08-05 17:02:53.761  INFO 12380 --- [    Test worker] .b.t.c.SpringBootTestContextBootstrapper : Loaded default TestExecutionListener class names from location [META-INF/spring.factories]: [org.springframework.boot.test.autoconfigure.restdocs.RestDocsTestExecutionListener, org.springframework.boot.test.autoconfigure.web.client.MockRestServiceServerResetTestExecutionListener, org.springframework.boot.test.autoconfigure.web.servlet.MockMvcPrintOnlyOnFailureTestExecutionListener, org.springframework.boot.test.autoconfigure.web.servlet.WebDriverTestExecutionListener, org.springframework.boot.test.autoconfigure.webservices.client.MockWebServiceServerTestExecutionListener, org.springframework.boot.test.mock.mockito.MockitoTestExecutionListener, org.springframework.boot.test.mock.mockito.ResetMocksTestExecutionListener, org.springframework.test.context.web.ServletTestExecutionListener, org.springframework.test.context.support.DirtiesContextBeforeModesTestExecutionListener, org.springframework.test.context.support.DependencyInjectionTestExecutionListener, org.springframework.test.context.support.DirtiesContextTestExecutionListener, org.springframework.test.context.transaction.TransactionalTestExecutionListener, org.springframework.test.context.jdbc.SqlScriptsTestExecutionListener, org.springframework.test.context.event.EventPublishingTestExecutionListener]
2021-08-05 17:02:53.763  INFO 12380 --- [    Test worker] .b.t.c.SpringBootTestContextBootstrapper : Using TestExecutionListeners: [org.springframework.test.context.web.ServletTestExecutionListener@422e3d4a, org.springframework.test.context.support.DirtiesContextBeforeModesTestExecutionListener@2ec4ae73, org.springframework.boot.test.mock.mockito.MockitoTestExecutionListener@1ad71dee, org.springframework.boot.test.autoconfigure.SpringBootDependencyInjectionTestExecutionListener@39018dad, org.springframework.test.context.support.DirtiesContextTestExecutionListener@af623aa, org.springframework.test.context.event.EventPublishingTestExecutionListener@1caa3b1, org.springframework.boot.test.autoconfigure.restdocs.RestDocsTestExecutionListener@2350e60b, org.springframework.boot.test.autoconfigure.web.client.MockRestServiceServerResetTestExecutionListener@16096b29, org.springframework.boot.test.autoconfigure.web.servlet.MockMvcPrintOnlyOnFailureTestExecutionListener@2d59f131, org.springframework.boot.test.autoconfigure.web.servlet.WebDriverTestExecutionListener@795a1800, org.springframework.boot.test.autoconfigure.webservices.client.MockWebServiceServerTestExecutionListener@5d9ec99e, org.springframework.boot.test.mock.mockito.ResetMocksTestExecutionListener@93a127]
2021-08-05 17:02:53.769  INFO 12380 --- [    Test worker] o.s.b.t.m.w.SpringBootMockServletContext : Initializing Spring TestDispatcherServlet ''
2021-08-05 17:02:53.769  INFO 12380 --- [    Test worker] o.s.t.web.servlet.TestDispatcherServlet  : Initializing Servlet ''
2021-08-05 17:02:53.772  INFO 12380 --- [    Test worker] o.s.t.web.servlet.TestDispatcherServlet  : Completed initialization in 2 ms
2021-08-05 17:02:53.776  INFO 12380 --- [    Test worker] PatientController                        : addPatient(userInterface.model.Patient@60eb64e4,{patient=userInterface.model.Patient@60eb64e4, org.springframework.validation.BindingResult.patient=org.springframework.validation.BeanPropertyBindingResult: 0 errors})
2021-08-05 17:02:53.824  INFO 12380 --- [    Test worker] o.s.b.t.m.w.SpringBootMockServletContext : Initializing Spring TestDispatcherServlet ''
2021-08-05 17:02:53.825  INFO 12380 --- [    Test worker] o.s.t.web.servlet.TestDispatcherServlet  : Initializing Servlet ''
2021-08-05 17:02:53.829  INFO 12380 --- [    Test worker] o.s.t.web.servlet.TestDispatcherServlet  : Completed initialization in 4 ms
2021-08-05 17:02:53.845  INFO 12380 --- [    Test worker] PatientController                        : insert(userInterface.model.Patient@35670448,org.springframework.validation.BeanPropertyBindingResult: 0 errors,{patient=userInterface.model.Patient@35670448, org.springframework.validation.BindingResult.patient=org.springframework.validation.BeanPropertyBindingResult: 0 errors})
2021-08-05 17:02:53.846  INFO 12380 --- [    Test worker] PatientService                           : insert(userInterface.model.Patient@35670448)
2021-08-05 17:02:54.447  INFO 12380 --- [    Test worker] o.s.b.t.m.w.SpringBootMockServletContext : Initializing Spring TestDispatcherServlet ''
2021-08-05 17:02:54.447  INFO 12380 --- [    Test worker] o.s.t.web.servlet.TestDispatcherServlet  : Initializing Servlet ''
2021-08-05 17:02:54.450  INFO 12380 --- [    Test worker] o.s.t.web.servlet.TestDispatcherServlet  : Completed initialization in 3 ms
2021-08-05 17:02:54.482  INFO 12380 --- [    Test worker] PatientController                        : editPatient(65,{})
2021-08-05 17:02:54.482  INFO 12380 --- [    Test worker] PatientService                           : select(65)
2021-08-05 17:02:54.533  INFO 12380 --- [    Test worker] o.s.b.t.m.w.SpringBootMockServletContext : Initializing Spring TestDispatcherServlet ''
2021-08-05 17:02:54.533  INFO 12380 --- [    Test worker] o.s.t.web.servlet.TestDispatcherServlet  : Initializing Servlet ''
2021-08-05 17:02:54.536  INFO 12380 --- [    Test worker] o.s.t.web.servlet.TestDispatcherServlet  : Completed initialization in 3 ms
2021-08-05 17:02:54.569  INFO 12380 --- [    Test worker] PatientController                        : update(65,userInterface.model.Patient@9810409,org.springframework.validation.BeanPropertyBindingResult: 0 errors,{patient=userInterface.model.Patient@9810409, org.springframework.validation.BindingResult.patient=org.springframework.validation.BeanPropertyBindingResult: 0 errors})
2021-08-05 17:02:54.570  INFO 12380 --- [    Test worker] PatientService                           : update(65,userInterface.model.Patient@9810409)
2021-08-05 17:02:54.641  INFO 12380 --- [    Test worker] o.s.b.t.m.w.SpringBootMockServletContext : Initializing Spring TestDispatcherServlet ''
2021-08-05 17:02:54.642  INFO 12380 --- [    Test worker] o.s.t.web.servlet.TestDispatcherServlet  : Initializing Servlet ''
2021-08-05 17:02:54.644  INFO 12380 --- [    Test worker] o.s.t.web.servlet.TestDispatcherServlet  : Completed initialization in 2 ms
2021-08-05 17:02:54.671  INFO 12380 --- [    Test worker] PatientController                        : delete(65,{})
2021-08-05 17:02:54.671  INFO 12380 --- [    Test worker] PatientService                           : delete(65)
]]></system-out>
  <system-err><![CDATA[]]></system-err>
</testsuite>
