<?xml version="1.0" encoding="UTF-8"?>
<testsuite name="integration.PatientControllerIntegrationTest" tests="5" skipped="0" failures="0" errors="0" timestamp="2021-07-29T17:53:06" hostname="PC-ANTOINE" time="0.251">
  <properties/>
  <testcase name="add()" classname="integration.PatientControllerIntegrationTest" time="0.041"/>
  <testcase name="insert()" classname="integration.PatientControllerIntegrationTest" time="0.058"/>
  <testcase name="edit()" classname="integration.PatientControllerIntegrationTest" time="0.047"/>
  <testcase name="update()" classname="integration.PatientControllerIntegrationTest" time="0.055"/>
  <testcase name="delete()" classname="integration.PatientControllerIntegrationTest" time="0.043"/>
  <system-out><![CDATA[2021-07-29 19:53:06.629  INFO 2100 --- [    Test worker] .b.t.c.SpringBootTestContextBootstrapper : Neither @ContextConfiguration nor @ContextHierarchy found for test class [integration.PatientControllerIntegrationTest], using SpringBootContextLoader
2021-07-29 19:53:06.630  INFO 2100 --- [    Test worker] o.s.t.c.support.AbstractContextLoader    : Could not detect default resource locations for test class [integration.PatientControllerIntegrationTest]: no resource found for suffixes {-context.xml, Context.groovy}.
2021-07-29 19:53:06.634  INFO 2100 --- [    Test worker] .b.t.c.SpringBootTestContextBootstrapper : Loaded default TestExecutionListener class names from location [META-INF/spring.factories]: [org.springframework.boot.test.autoconfigure.restdocs.RestDocsTestExecutionListener, org.springframework.boot.test.autoconfigure.web.client.MockRestServiceServerResetTestExecutionListener, org.springframework.boot.test.autoconfigure.web.servlet.MockMvcPrintOnlyOnFailureTestExecutionListener, org.springframework.boot.test.autoconfigure.web.servlet.WebDriverTestExecutionListener, org.springframework.boot.test.autoconfigure.webservices.client.MockWebServiceServerTestExecutionListener, org.springframework.boot.test.mock.mockito.MockitoTestExecutionListener, org.springframework.boot.test.mock.mockito.ResetMocksTestExecutionListener, org.springframework.test.context.web.ServletTestExecutionListener, org.springframework.test.context.support.DirtiesContextBeforeModesTestExecutionListener, org.springframework.test.context.support.DependencyInjectionTestExecutionListener, org.springframework.test.context.support.DirtiesContextTestExecutionListener, org.springframework.test.context.transaction.TransactionalTestExecutionListener, org.springframework.test.context.jdbc.SqlScriptsTestExecutionListener, org.springframework.test.context.event.EventPublishingTestExecutionListener]
2021-07-29 19:53:06.635  INFO 2100 --- [    Test worker] .b.t.c.SpringBootTestContextBootstrapper : Using TestExecutionListeners: [org.springframework.test.context.web.ServletTestExecutionListener@34c71349, org.springframework.test.context.support.DirtiesContextBeforeModesTestExecutionListener@b28fd10, org.springframework.boot.test.mock.mockito.MockitoTestExecutionListener@712aa6f4, org.springframework.boot.test.autoconfigure.SpringBootDependencyInjectionTestExecutionListener@1dc477b, org.springframework.test.context.support.DirtiesContextTestExecutionListener@d8d4152, org.springframework.test.context.transaction.TransactionalTestExecutionListener@4101fd8e, org.springframework.test.context.jdbc.SqlScriptsTestExecutionListener@65b8ee5c, org.springframework.test.context.event.EventPublishingTestExecutionListener@6bc8a0f, org.springframework.boot.test.autoconfigure.restdocs.RestDocsTestExecutionListener@615cdc5b, org.springframework.boot.test.autoconfigure.web.client.MockRestServiceServerResetTestExecutionListener@2fffb073, org.springframework.boot.test.autoconfigure.web.servlet.MockMvcPrintOnlyOnFailureTestExecutionListener@d1771de, org.springframework.boot.test.autoconfigure.web.servlet.WebDriverTestExecutionListener@6f196e81, org.springframework.boot.test.autoconfigure.webservices.client.MockWebServiceServerTestExecutionListener@6820c93d, org.springframework.boot.test.mock.mockito.ResetMocksTestExecutionListener@3a8e9062]
2021-07-29 19:53:06.640  INFO 2100 --- [    Test worker] o.s.b.t.m.w.SpringBootMockServletContext : Initializing Spring TestDispatcherServlet ''
2021-07-29 19:53:06.641  INFO 2100 --- [    Test worker] o.s.t.web.servlet.TestDispatcherServlet  : Initializing Servlet ''
2021-07-29 19:53:06.645  INFO 2100 --- [    Test worker] o.s.t.web.servlet.TestDispatcherServlet  : Completed initialization in 4 ms
2021-07-29 19:53:06.647  INFO 2100 --- [    Test worker] PatientController                        : addPatient(userInterface.model.Patient@46efd81e,{patient=userInterface.model.Patient@46efd81e, org.springframework.validation.BindingResult.patient=org.springframework.validation.BeanPropertyBindingResult: 0 errors})
2021-07-29 19:53:06.685  INFO 2100 --- [    Test worker] o.s.b.t.m.w.SpringBootMockServletContext : Initializing Spring TestDispatcherServlet ''
2021-07-29 19:53:06.686  INFO 2100 --- [    Test worker] o.s.t.web.servlet.TestDispatcherServlet  : Initializing Servlet ''
2021-07-29 19:53:06.692  INFO 2100 --- [    Test worker] o.s.t.web.servlet.TestDispatcherServlet  : Completed initialization in 6 ms
2021-07-29 19:53:06.708  INFO 2100 --- [    Test worker] PatientController                        : insert(,userInterface.model.Patient@6b1bd67,org.springframework.validation.BeanPropertyBindingResult: 0 errors,{patient=userInterface.model.Patient@6b1bd67, org.springframework.validation.BindingResult.patient=org.springframework.validation.BeanPropertyBindingResult: 0 errors})
2021-07-29 19:53:06.709  INFO 2100 --- [    Test worker] PatientService                           : insert(userInterface.model.Patient@6b1bd67)
2021-07-29 19:53:06.745  INFO 2100 --- [    Test worker] o.s.b.t.m.w.SpringBootMockServletContext : Initializing Spring TestDispatcherServlet ''
2021-07-29 19:53:06.746  INFO 2100 --- [    Test worker] o.s.t.web.servlet.TestDispatcherServlet  : Initializing Servlet ''
2021-07-29 19:53:06.749  INFO 2100 --- [    Test worker] o.s.t.web.servlet.TestDispatcherServlet  : Completed initialization in 3 ms
2021-07-29 19:53:06.752  INFO 2100 --- [    Test worker] PatientController                        : editPatient(1,{})
2021-07-29 19:53:06.752  INFO 2100 --- [    Test worker] PatientService                           : select(1)
2021-07-29 19:53:06.793  INFO 2100 --- [    Test worker] o.s.b.t.m.w.SpringBootMockServletContext : Initializing Spring TestDispatcherServlet ''
2021-07-29 19:53:06.794  INFO 2100 --- [    Test worker] o.s.t.web.servlet.TestDispatcherServlet  : Initializing Servlet ''
2021-07-29 19:53:06.797  INFO 2100 --- [    Test worker] o.s.t.web.servlet.TestDispatcherServlet  : Completed initialization in 3 ms
2021-07-29 19:53:06.816  INFO 2100 --- [    Test worker] PatientController                        : update(35,userInterface.model.Patient@79aea68d,org.springframework.validation.BeanPropertyBindingResult: 0 errors,{patient=userInterface.model.Patient@79aea68d, org.springframework.validation.BindingResult.patient=org.springframework.validation.BeanPropertyBindingResult: 0 errors})
2021-07-29 19:53:06.817  INFO 2100 --- [    Test worker] PatientService                           : update(35,userInterface.model.Patient@79aea68d)
2021-07-29 19:53:06.849  INFO 2100 --- [    Test worker] o.s.b.t.m.w.SpringBootMockServletContext : Initializing Spring TestDispatcherServlet ''
2021-07-29 19:53:06.849  INFO 2100 --- [    Test worker] o.s.t.web.servlet.TestDispatcherServlet  : Initializing Servlet ''
2021-07-29 19:53:06.852  INFO 2100 --- [    Test worker] o.s.t.web.servlet.TestDispatcherServlet  : Completed initialization in 3 ms
2021-07-29 19:53:06.863  INFO 2100 --- [    Test worker] PatientController                        : delete(35,{})
2021-07-29 19:53:06.863  INFO 2100 --- [    Test worker] PatientService                           : delete(35)
]]></system-out>
  <system-err><![CDATA[]]></system-err>
</testsuite>
