<?xml version="1.0" encoding="UTF-8"?>
<testsuite name="integration.CommonControllerIntegrationTest" tests="2" skipped="0" failures="0" errors="0" timestamp="2021-08-14T15:14:54" hostname="PC-ANTOINE" time="1.795">
  <properties/>
  <testcase name="list()" classname="integration.CommonControllerIntegrationTest" time="1.607"/>
  <testcase name="open()" classname="integration.CommonControllerIntegrationTest" time="0.186"/>
  <system-out><![CDATA[17:14:47.842 [Test worker] DEBUG org.springframework.test.context.BootstrapUtils - Instantiating CacheAwareContextLoaderDelegate from class [org.springframework.test.context.cache.DefaultCacheAwareContextLoaderDelegate]
17:14:47.877 [Test worker] DEBUG org.springframework.test.context.BootstrapUtils - Instantiating BootstrapContext using constructor [public org.springframework.test.context.support.DefaultBootstrapContext(java.lang.Class,org.springframework.test.context.CacheAwareContextLoaderDelegate)]
17:14:47.945 [Test worker] DEBUG org.springframework.test.context.BootstrapUtils - Instantiating TestContextBootstrapper for test class [integration.CommonControllerIntegrationTest] from class [org.springframework.boot.test.context.SpringBootTestContextBootstrapper]
17:14:47.980 [Test worker] INFO org.springframework.boot.test.context.SpringBootTestContextBootstrapper - Neither @ContextConfiguration nor @ContextHierarchy found for test class [integration.CommonControllerIntegrationTest], using SpringBootContextLoader
17:14:47.987 [Test worker] DEBUG org.springframework.test.context.support.AbstractContextLoader - Did not detect default resource location for test class [integration.CommonControllerIntegrationTest]: class path resource [integration/CommonControllerIntegrationTest-context.xml] does not exist
17:14:47.989 [Test worker] DEBUG org.springframework.test.context.support.AbstractContextLoader - Did not detect default resource location for test class [integration.CommonControllerIntegrationTest]: class path resource [integration/CommonControllerIntegrationTestContext.groovy] does not exist
17:14:47.989 [Test worker] INFO org.springframework.test.context.support.AbstractContextLoader - Could not detect default resource locations for test class [integration.CommonControllerIntegrationTest]: no resource found for suffixes {-context.xml, Context.groovy}.
17:14:48.073 [Test worker] DEBUG org.springframework.test.context.support.ActiveProfilesUtils - Could not find an 'annotation declaring class' for annotation type [org.springframework.test.context.ActiveProfiles] and class [integration.CommonControllerIntegrationTest]
17:14:48.328 [Test worker] DEBUG org.springframework.boot.test.context.SpringBootTestContextBootstrapper - @TestExecutionListeners is not present for class [integration.CommonControllerIntegrationTest]: using defaults.
17:14:48.329 [Test worker] INFO org.springframework.boot.test.context.SpringBootTestContextBootstrapper - Loaded default TestExecutionListener class names from location [META-INF/spring.factories]: [org.springframework.boot.test.autoconfigure.restdocs.RestDocsTestExecutionListener, org.springframework.boot.test.autoconfigure.web.client.MockRestServiceServerResetTestExecutionListener, org.springframework.boot.test.autoconfigure.web.servlet.MockMvcPrintOnlyOnFailureTestExecutionListener, org.springframework.boot.test.autoconfigure.web.servlet.WebDriverTestExecutionListener, org.springframework.boot.test.autoconfigure.webservices.client.MockWebServiceServerTestExecutionListener, org.springframework.boot.test.mock.mockito.MockitoTestExecutionListener, org.springframework.boot.test.mock.mockito.ResetMocksTestExecutionListener, org.springframework.test.context.web.ServletTestExecutionListener, org.springframework.test.context.support.DirtiesContextBeforeModesTestExecutionListener, org.springframework.test.context.support.DependencyInjectionTestExecutionListener, org.springframework.test.context.support.DirtiesContextTestExecutionListener, org.springframework.test.context.transaction.TransactionalTestExecutionListener, org.springframework.test.context.jdbc.SqlScriptsTestExecutionListener, org.springframework.test.context.event.EventPublishingTestExecutionListener]
17:14:48.350 [Test worker] DEBUG org.springframework.boot.test.context.SpringBootTestContextBootstrapper - Skipping candidate TestExecutionListener [org.springframework.test.context.transaction.TransactionalTestExecutionListener] due to a missing dependency. Specify custom listener classes or make the default listener classes and their required dependencies available. Offending class: [org/springframework/transaction/interceptor/TransactionAttributeSource]
17:14:48.351 [Test worker] DEBUG org.springframework.boot.test.context.SpringBootTestContextBootstrapper - Skipping candidate TestExecutionListener [org.springframework.test.context.jdbc.SqlScriptsTestExecutionListener] due to a missing dependency. Specify custom listener classes or make the default listener classes and their required dependencies available. Offending class: [org/springframework/transaction/interceptor/TransactionAttribute]
17:14:48.352 [Test worker] INFO org.springframework.boot.test.context.SpringBootTestContextBootstrapper - Using TestExecutionListeners: [org.springframework.test.context.web.ServletTestExecutionListener@6b64f8fb, org.springframework.test.context.support.DirtiesContextBeforeModesTestExecutionListener@35eaf52, org.springframework.boot.test.mock.mockito.MockitoTestExecutionListener@56687304, org.springframework.boot.test.autoconfigure.SpringBootDependencyInjectionTestExecutionListener@18fa646a, org.springframework.test.context.support.DirtiesContextTestExecutionListener@5495e4ae, org.springframework.test.context.event.EventPublishingTestExecutionListener@22c7e551, org.springframework.boot.test.autoconfigure.restdocs.RestDocsTestExecutionListener@3722525e, org.springframework.boot.test.autoconfigure.web.client.MockRestServiceServerResetTestExecutionListener@7c30a9e4, org.springframework.boot.test.autoconfigure.web.servlet.MockMvcPrintOnlyOnFailureTestExecutionListener@7fb8258, org.springframework.boot.test.autoconfigure.web.servlet.WebDriverTestExecutionListener@1a8b029b, org.springframework.boot.test.autoconfigure.webservices.client.MockWebServiceServerTestExecutionListener@3f9e0336, org.springframework.boot.test.mock.mockito.ResetMocksTestExecutionListener@4618f2a8]
17:14:48.359 [Test worker] DEBUG org.springframework.test.context.support.AbstractDirtiesContextTestExecutionListener - Before test class: context [DefaultTestContext@24417fb7 testClass = CommonControllerIntegrationTest, testInstance = [null], testMethod = [null], testException = [null], mergedContextConfiguration = [WebMergedContextConfiguration@52023d61 testClass = CommonControllerIntegrationTest, locations = '{}', classes = '{class userInterface.Application}', contextInitializerClasses = '[]', activeProfiles = '{}', propertySourceLocations = '{}', propertySourceProperties = '{org.springframework.boot.test.context.SpringBootTestContextBootstrapper=true}', contextCustomizers = set[org.springframework.boot.test.autoconfigure.properties.PropertyMappingContextCustomizer@0, org.springframework.boot.test.autoconfigure.web.servlet.WebDriverContextCustomizerFactory$Customizer@65347aa9, org.springframework.boot.test.context.filter.ExcludeFilterContextCustomizer@84b8385, org.springframework.boot.test.json.DuplicateJsonObjectContextCustomizerFactory$DuplicateJsonObjectContextCustomizer@4f4d3316, org.springframework.boot.test.mock.mockito.MockitoContextCustomizer@0, org.springframework.boot.test.web.client.TestRestTemplateContextCustomizer@3b2f0a47, org.springframework.boot.test.context.SpringBootTestArgs@1, org.springframework.boot.test.context.SpringBootTestWebEnvironment@7d7a01f2], resourceBasePath = 'src/main/webapp', contextLoader = 'org.springframework.boot.test.context.SpringBootContextLoader', parent = [null]], attributes = map['org.springframework.test.context.web.ServletTestExecutionListener.activateListener' -> true]], class annotated with @DirtiesContext [false] with mode [null].
17:14:48.439 [Test worker] DEBUG org.springframework.test.context.support.TestPropertySourceUtils - Adding inlined properties to environment: {spring.jmx.enabled=false, org.springframework.boot.test.context.SpringBootTestContextBootstrapper=true}

  .   ____          _            __ _ _
 /\\ / ___'_ __ _ _(_)_ __  __ _ \ \ \ \
( ( )\___ | '_ | '_| | '_ \/ _` | \ \ \ \
 \\/  ___)| |_)| | | | | || (_| |  ) ) ) )
  '  |____| .__|_| |_|_| |_\__, | / / / /
 =========|_|==============|___/=/_/_/_/
 :: Spring Boot ::        (v2.3.9.RELEASE)

2021-08-14 17:14:50.706  INFO 16032 --- [    Test worker] i.CommonControllerIntegrationTest        : No active profile set, falling back to default profiles: default
2021-08-14 17:14:51.973  INFO 16032 --- [    Test worker] o.s.cloud.context.scope.GenericScope     : BeanFactory id=19fe32c3-f8bb-33c7-a406-e705eddea437
2021-08-14 17:14:52.063  INFO 16032 --- [    Test worker] trationDelegate$BeanPostProcessorChecker : Bean 'userInterface.proxy.NoteProxy' of type [org.springframework.cloud.openfeign.FeignClientFactoryBean] is not eligible for getting processed by all BeanPostProcessors (for example: not eligible for auto-proxying)
2021-08-14 17:14:52.065  INFO 16032 --- [    Test worker] trationDelegate$BeanPostProcessorChecker : Bean 'userInterface.proxy.PatientProxy' of type [org.springframework.cloud.openfeign.FeignClientFactoryBean] is not eligible for getting processed by all BeanPostProcessors (for example: not eligible for auto-proxying)
2021-08-14 17:14:52.066  INFO 16032 --- [    Test worker] trationDelegate$BeanPostProcessorChecker : Bean 'userInterface.proxy.ReportProxy' of type [org.springframework.cloud.openfeign.FeignClientFactoryBean] is not eligible for getting processed by all BeanPostProcessors (for example: not eligible for auto-proxying)
2021-08-14 17:14:52.207  INFO 16032 --- [    Test worker] CommonController                         : CommonController()
2021-08-14 17:14:52.208  INFO 16032 --- [    Test worker] PatientService                           : PatientInformationService()
2021-08-14 17:14:52.208  INFO 16032 --- [    Test worker] NoteService                              : PatientNoteService()
2021-08-14 17:14:52.208  INFO 16032 --- [    Test worker] ReportService                            : ReportService()
2021-08-14 17:14:52.212  INFO 16032 --- [    Test worker] PatientService                           : PatientInformationService()
2021-08-14 17:14:52.790  INFO 16032 --- [    Test worker] NoteService                              : PatientNoteService()
2021-08-14 17:14:52.826  INFO 16032 --- [    Test worker] ReportService                            : ReportService()
2021-08-14 17:14:52.863  INFO 16032 --- [    Test worker] NoteController                           : NoteController()
2021-08-14 17:14:52.863  INFO 16032 --- [    Test worker] NoteService                              : PatientNoteService()
2021-08-14 17:14:52.868  INFO 16032 --- [    Test worker] PatientController                        : PatientController()
2021-08-14 17:14:52.868  INFO 16032 --- [    Test worker] PatientService                           : PatientInformationService()
2021-08-14 17:14:53.086  WARN 16032 --- [    Test worker] c.n.c.sources.URLConfigurationSource     : No URLs will be polled as dynamic configuration sources.
2021-08-14 17:14:53.087  INFO 16032 --- [    Test worker] c.n.c.sources.URLConfigurationSource     : To enable URLs as dynamic configuration sources, define System property archaius.configurationSource.additionalUrls or make config.properties available on classpath.
2021-08-14 17:14:53.102  WARN 16032 --- [    Test worker] c.n.c.sources.URLConfigurationSource     : No URLs will be polled as dynamic configuration sources.
2021-08-14 17:14:53.102  INFO 16032 --- [    Test worker] c.n.c.sources.URLConfigurationSource     : To enable URLs as dynamic configuration sources, define System property archaius.configurationSource.additionalUrls or make config.properties available on classpath.
2021-08-14 17:14:53.443  INFO 16032 --- [    Test worker] o.s.s.concurrent.ThreadPoolTaskExecutor  : Initializing ExecutorService 'applicationTaskExecutor'
2021-08-14 17:14:54.774  INFO 16032 --- [    Test worker] o.s.b.a.e.web.EndpointLinksResolver      : Exposing 2 endpoint(s) beneath base path '/actuator'
2021-08-14 17:14:54.858  INFO 16032 --- [    Test worker] i.CommonControllerIntegrationTest        : Started CommonControllerIntegrationTest in 6.398 seconds (JVM running for 8.773)
2021-08-14 17:14:55.554  INFO 16032 --- [    Test worker] o.s.b.t.m.w.SpringBootMockServletContext : Initializing Spring TestDispatcherServlet ''
2021-08-14 17:14:55.555  INFO 16032 --- [    Test worker] o.s.t.web.servlet.TestDispatcherServlet  : Initializing Servlet ''
2021-08-14 17:14:55.576  INFO 16032 --- [    Test worker] o.s.t.web.servlet.TestDispatcherServlet  : Completed initialization in 21 ms
2021-08-14 17:14:55.639  INFO 16032 --- [    Test worker] CommonController                         : listPatient({})
2021-08-14 17:14:55.639  INFO 16032 --- [    Test worker] PatientService                           : list()
2021-08-14 17:14:56.539  INFO 16032 --- [    Test worker] o.s.b.t.m.w.SpringBootMockServletContext : Initializing Spring TestDispatcherServlet ''
2021-08-14 17:14:56.539  INFO 16032 --- [    Test worker] o.s.t.web.servlet.TestDispatcherServlet  : Initializing Servlet ''
2021-08-14 17:14:56.541  INFO 16032 --- [    Test worker] o.s.t.web.servlet.TestDispatcherServlet  : Completed initialization in 2 ms
2021-08-14 17:14:56.575  INFO 16032 --- [    Test worker] CommonController                         : openPatient(1,{})
2021-08-14 17:14:56.575  INFO 16032 --- [    Test worker] PatientService                           : selectById(1)
2021-08-14 17:14:56.605  INFO 16032 --- [    Test worker] NoteService                              : list(1)
2021-08-14 17:14:56.625  INFO 16032 --- [    Test worker] ReportService                            : getDiabetesReport(userInterface.model.Patient@49d136b4,[userInterface.model.Note@269e76d2, userInterface.model.Note@6b8c1300, userInterface.model.Note@2b0d9e25])
]]></system-out>
  <system-err><![CDATA[]]></system-err>
</testsuite>
