<?xml version="1.0" encoding="UTF-8"?>
<testsuite name="unit.controller.PatientControllerIUnitTest" tests="5" skipped="0" failures="0" errors="0" timestamp="2021-08-10T13:33:30" hostname="PC-ANTOINE" time="0.065">
  <properties/>
  <testcase name="delete()" classname="unit.controller.PatientControllerIUnitTest" time="0.002"/>
  <testcase name="insert()" classname="unit.controller.PatientControllerIUnitTest" time="0.055"/>
  <testcase name="update()" classname="unit.controller.PatientControllerIUnitTest" time="0.002"/>
  <testcase name="editPatient()" classname="unit.controller.PatientControllerIUnitTest" time="0.001"/>
  <testcase name="addPatient()" classname="unit.controller.PatientControllerIUnitTest" time="0.001"/>
  <system-out><![CDATA[2021-08-10 15:33:30.236  INFO 13476 --- [    Test worker] PatientController                        : PatientController(Mock for PatientServiceInterface, hashCode: 1970075441)
2021-08-10 15:33:30.237  INFO 13476 --- [    Test worker] PatientController                        : delete(1,Mock for Model, hashCode: 214270722)
2021-08-10 15:33:30.239  INFO 13476 --- [    Test worker] PatientController                        : PatientController(Mock for PatientServiceInterface, hashCode: 1991408311)
2021-08-10 15:33:30.293  INFO 13476 --- [    Test worker] PatientController                        : insert(Mock for Patient, hashCode: 1111676707,Mock for BindingResult, hashCode: 772550174,Mock for Model, hashCode: 1459202613)
2021-08-10 15:33:30.295  INFO 13476 --- [    Test worker] PatientController                        : PatientController(Mock for PatientServiceInterface, hashCode: 2112104725)
2021-08-10 15:33:30.296  INFO 13476 --- [    Test worker] PatientController                        : update(1,Mock for Patient, hashCode: 701174341,Mock for BindingResult, hashCode: 1719182780,Mock for Model, hashCode: 2110456644)
2021-08-10 15:33:30.297  INFO 13476 --- [    Test worker] PatientController                        : PatientController(Mock for PatientServiceInterface, hashCode: 557523305)
2021-08-10 15:33:30.298  INFO 13476 --- [    Test worker] PatientController                        : editPatient(1,Mock for Model, hashCode: 1351829041)
2021-08-10 15:33:30.300  INFO 13476 --- [    Test worker] PatientController                        : PatientController(Mock for PatientServiceInterface, hashCode: 1936018650)
2021-08-10 15:33:30.300  INFO 13476 --- [    Test worker] PatientController                        : addPatient(Mock for Patient, hashCode: 1452388561,Mock for Model, hashCode: 777642755)
]]></system-out>
  <system-err><![CDATA[]]></system-err>
</testsuite>
