<?xml version="1.0" encoding="UTF-8"?>
<testsuite name="unit.controller.CommonControllerIUnitTest" tests="2" skipped="0" failures="0" errors="0" timestamp="2021-08-11T09:33:51" hostname="PC-ANTOINE" time="0.063">
  <properties/>
  <testcase name="openPatient()" classname="unit.controller.CommonControllerIUnitTest" time="0.06"/>
  <testcase name="listPatient()" classname="unit.controller.CommonControllerIUnitTest" time="0.002"/>
  <system-out><![CDATA[2021-08-11 11:33:51.868  INFO 14396 --- [    Test worker] CommonController                         : CommonController(Mock for PatientServiceInterface, hashCode: 1624537074,Mock for NoteServiceInterface, hashCode: 2089616510,Mock for ReportServiceInterface, hashCode: 980258280)
2021-08-11 11:33:51.892  INFO 14396 --- [    Test worker] CommonController                         : openPatient(1,Mock for Model, hashCode: 164039838)
2021-08-11 11:33:51.912  INFO 14396 --- [    Test worker] CommonController                         : CommonController(Mock for PatientServiceInterface, hashCode: 812132567,Mock for NoteServiceInterface, hashCode: 465369244,Mock for ReportServiceInterface, hashCode: 1378771695)
2021-08-11 11:33:51.913  INFO 14396 --- [    Test worker] CommonController                         : listPatient(Mock for Model, hashCode: 1153012462)
]]></system-out>
  <system-err><![CDATA[]]></system-err>
</testsuite>
