<?xml version="1.0" encoding="UTF-8"?>
<testsuite name="unit.service.NoteServiceUnitTest" tests="5" skipped="0" failures="0" errors="0" timestamp="2021-08-05T15:02:55" hostname="PC-ANTOINE" time="0.121">
  <properties/>
  <testcase name="delete()" classname="unit.service.NoteServiceUnitTest" time="0.003"/>
  <testcase name="insert()" classname="unit.service.NoteServiceUnitTest" time="0.003"/>
  <testcase name="select()" classname="unit.service.NoteServiceUnitTest" time="0.003"/>
  <testcase name="update()" classname="unit.service.NoteServiceUnitTest" time="0.005"/>
  <testcase name="list()" classname="unit.service.NoteServiceUnitTest" time="0.103"/>
  <system-out><![CDATA[2021-08-05 17:02:55.471  INFO 12380 --- [    Test worker] NoteService                              : PatientNoteService(Mock for NoteProxy, hashCode: 527156367)
2021-08-05 17:02:55.471  INFO 12380 --- [    Test worker] NoteService                              : delete(noteId)
2021-08-05 17:02:55.474  INFO 12380 --- [    Test worker] NoteService                              : PatientNoteService(Mock for NoteProxy, hashCode: 1533136453)
2021-08-05 17:02:55.475  INFO 12380 --- [    Test worker] NoteService                              : insert(Mock for Note, hashCode: 744374046)
2021-08-05 17:02:55.478  INFO 12380 --- [    Test worker] NoteService                              : PatientNoteService(Mock for NoteProxy, hashCode: 561370060)
2021-08-05 17:02:55.479  INFO 12380 --- [    Test worker] NoteService                              : select(noteId)
2021-08-05 17:02:55.481  INFO 12380 --- [    Test worker] NoteService                              : PatientNoteService(Mock for NoteProxy, hashCode: 1618687185)
2021-08-05 17:02:55.482  INFO 12380 --- [    Test worker] NoteService                              : update(noteId,Mock for Note, hashCode: 893246845)
2021-08-05 17:02:55.489  INFO 12380 --- [    Test worker] NoteService                              : PatientNoteService(Mock for NoteProxy, hashCode: 1749459467)
2021-08-05 17:02:55.589  INFO 12380 --- [    Test worker] NoteService                              : list(1)
]]></system-out>
  <system-err><![CDATA[]]></system-err>
</testsuite>
