<?xml version="1.0" encoding="UTF-8"?>
<testsuite name="unit.controller.HomeControllerIUnitTest" tests="3" skipped="0" failures="0" errors="0" timestamp="2021-07-26T12:42:56" hostname="PC-ANTOINE" time="0.074">
  <properties/>
  <testcase name="listPatient()" classname="unit.controller.HomeControllerIUnitTest" time="0.038"/>
  <testcase name="editPatient()" classname="unit.controller.HomeControllerIUnitTest" time="0.002"/>
  <testcase name="addPatient()" classname="unit.controller.HomeControllerIUnitTest" time="0.032"/>
  <system-out><![CDATA[2021-07-26 14:42:56.751  INFO 6068 --- [    Test worker] HomeController                           : HomeController(Mock for PatientServiceInterface, hashCode: 1427283526)
2021-07-26 14:42:56.766  INFO 6068 --- [    Test worker] HomeController                           : listPatient(Mock for Model, hashCode: 1626114381)
2021-07-26 14:42:56.779  INFO 6068 --- [    Test worker] HomeController                           : HomeController(Mock for PatientServiceInterface, hashCode: 1306061450)
2021-07-26 14:42:56.779  INFO 6068 --- [    Test worker] HomeController                           : editPatient(1,Mock for Model, hashCode: 1993579814)
2021-07-26 14:42:56.782  INFO 6068 --- [    Test worker] HomeController                           : HomeController(Mock for PatientServiceInterface, hashCode: 296783122)
2021-07-26 14:42:56.813  INFO 6068 --- [    Test worker] HomeController                           : addPatient(Mock for Model, hashCode: 1925346491)
]]></system-out>
  <system-err><![CDATA[]]></system-err>
</testsuite>
