<?xml version="1.0" encoding="UTF-8"?>
<testsuite name="unit.controller.NoteControllerUnitTest" tests="5" skipped="0" failures="0" errors="0" timestamp="2021-08-05T09:09:52" hostname="PC-ANTOINE" time="0.109">
  <properties/>
  <testcase name="delete()" classname="unit.controller.NoteControllerUnitTest" time="0.024"/>
  <testcase name="insert()" classname="unit.controller.NoteControllerUnitTest" time="0.079"/>
  <testcase name="addNote()" classname="unit.controller.NoteControllerUnitTest" time="0.002"/>
  <testcase name="update()" classname="unit.controller.NoteControllerUnitTest" time="0.002"/>
  <testcase name="editNote()" classname="unit.controller.NoteControllerUnitTest" time="0.001"/>
  <system-out><![CDATA[2021-08-05 11:09:52.645  INFO 11756 --- [    Test worker] NoteController                           : NoteController(Mock for NoteServiceInterface, hashCode: 1556556782)
2021-08-05 11:09:52.668  INFO 11756 --- [    Test worker] NoteController                           : delete(1,noteId,Mock for Model, hashCode: 50855019)
2021-08-05 11:09:52.669  INFO 11756 --- [    Test worker] NoteController                           : NoteController(Mock for NoteServiceInterface, hashCode: 1296381208)
2021-08-05 11:09:52.746  INFO 11756 --- [    Test worker] NoteController                           : insert(,Mock for Note, hashCode: 2119670174,Mock for BindingResult, hashCode: 664235927,Mock for RedirectAttributes, hashCode: 1092329958,Mock for Model, hashCode: 52891425)
2021-08-05 11:09:52.748  INFO 11756 --- [    Test worker] NoteController                           : NoteController(Mock for NoteServiceInterface, hashCode: 1876323157)
2021-08-05 11:09:52.749  INFO 11756 --- [    Test worker] NoteController                           : addNote(1,Mock for Note, hashCode: 1808641207,Mock for Model, hashCode: 1192872480)
2021-08-05 11:09:52.750  INFO 11756 --- [    Test worker] NoteController                           : NoteController(Mock for NoteServiceInterface, hashCode: 717944774)
2021-08-05 11:09:52.751  INFO 11756 --- [    Test worker] NoteController                           : update(noteId,Mock for Note, hashCode: 1981463817,Mock for BindingResult, hashCode: 1890848617,Mock for Model, hashCode: 2037744533)
2021-08-05 11:09:52.753  INFO 11756 --- [    Test worker] NoteController                           : NoteController(Mock for NoteServiceInterface, hashCode: 75247546)
2021-08-05 11:09:52.753  INFO 11756 --- [    Test worker] NoteController                           : editNote(1,noteId,Mock for Model, hashCode: 657275081)
]]></system-out>
  <system-err><![CDATA[]]></system-err>
</testsuite>
