<?xml version="1.0" encoding="UTF-8"?>
<testsuite name="integration.NoteControllerIntegrationTest" tests="5" skipped="0" failures="0" errors="0" timestamp="2021-08-10T13:33:27" hostname="PC-ANTOINE" time="1.518">
  <properties/>
  <testcase name="add()" classname="integration.NoteControllerIntegrationTest" time="0.045"/>
  <testcase name="insert()" classname="integration.NoteControllerIntegrationTest" time="1.2"/>
  <testcase name="edit()" classname="integration.NoteControllerIntegrationTest" time="0.134"/>
  <testcase name="update()" classname="integration.NoteControllerIntegrationTest" time="0.059"/>
  <testcase name="delete()" classname="integration.NoteControllerIntegrationTest" time="0.073"/>
  <system-out><![CDATA[2021-08-10 15:33:27.510  INFO 13476 --- [    Test worker] .b.t.c.SpringBootTestContextBootstrapper : Neither @ContextConfiguration nor @ContextHierarchy found for test class [integration.NoteControllerIntegrationTest], using SpringBootContextLoader
2021-08-10 15:33:27.512  INFO 13476 --- [    Test worker] o.s.t.c.support.AbstractContextLoader    : Could not detect default resource locations for test class [integration.NoteControllerIntegrationTest]: no resource found for suffixes {-context.xml, Context.groovy}.
2021-08-10 15:33:27.517  INFO 13476 --- [    Test worker] .b.t.c.SpringBootTestContextBootstrapper : Loaded default TestExecutionListener class names from location [META-INF/spring.factories]: [org.springframework.boot.test.autoconfigure.restdocs.RestDocsTestExecutionListener, org.springframework.boot.test.autoconfigure.web.client.MockRestServiceServerResetTestExecutionListener, org.springframework.boot.test.autoconfigure.web.servlet.MockMvcPrintOnlyOnFailureTestExecutionListener, org.springframework.boot.test.autoconfigure.web.servlet.WebDriverTestExecutionListener, org.springframework.boot.test.autoconfigure.webservices.client.MockWebServiceServerTestExecutionListener, org.springframework.boot.test.mock.mockito.MockitoTestExecutionListener, org.springframework.boot.test.mock.mockito.ResetMocksTestExecutionListener, org.springframework.test.context.web.ServletTestExecutionListener, org.springframework.test.context.support.DirtiesContextBeforeModesTestExecutionListener, org.springframework.test.context.support.DependencyInjectionTestExecutionListener, org.springframework.test.context.support.DirtiesContextTestExecutionListener, org.springframework.test.context.transaction.TransactionalTestExecutionListener, org.springframework.test.context.jdbc.SqlScriptsTestExecutionListener, org.springframework.test.context.event.EventPublishingTestExecutionListener]
2021-08-10 15:33:27.519  INFO 13476 --- [    Test worker] .b.t.c.SpringBootTestContextBootstrapper : Using TestExecutionListeners: [org.springframework.test.context.web.ServletTestExecutionListener@f42d290, org.springframework.test.context.support.DirtiesContextBeforeModesTestExecutionListener@547a129e, org.springframework.boot.test.mock.mockito.MockitoTestExecutionListener@5fdfe979, org.springframework.boot.test.autoconfigure.SpringBootDependencyInjectionTestExecutionListener@5ee3b4f4, org.springframework.test.context.support.DirtiesContextTestExecutionListener@47ac3bea, org.springframework.test.context.event.EventPublishingTestExecutionListener@43462f63, org.springframework.boot.test.autoconfigure.restdocs.RestDocsTestExecutionListener@63728253, org.springframework.boot.test.autoconfigure.web.client.MockRestServiceServerResetTestExecutionListener@2075dedd, org.springframework.boot.test.autoconfigure.web.servlet.MockMvcPrintOnlyOnFailureTestExecutionListener@6a0c252, org.springframework.boot.test.autoconfigure.web.servlet.WebDriverTestExecutionListener@746fd8d2, org.springframework.boot.test.autoconfigure.webservices.client.MockWebServiceServerTestExecutionListener@3f8ac16, org.springframework.boot.test.mock.mockito.ResetMocksTestExecutionListener@df50982]
2021-08-10 15:33:27.526  INFO 13476 --- [    Test worker] o.s.b.t.m.w.SpringBootMockServletContext : Initializing Spring TestDispatcherServlet ''
2021-08-10 15:33:27.526  INFO 13476 --- [    Test worker] o.s.t.web.servlet.TestDispatcherServlet  : Initializing Servlet ''
2021-08-10 15:33:27.531  INFO 13476 --- [    Test worker] o.s.t.web.servlet.TestDispatcherServlet  : Completed initialization in 4 ms
2021-08-10 15:33:27.538  INFO 13476 --- [    Test worker] NoteController                           : add(999999999,userInterface.model.Note@7e04dbe3,{note=userInterface.model.Note@7e04dbe3, org.springframework.validation.BindingResult.note=org.springframework.validation.BeanPropertyBindingResult: 0 errors})
2021-08-10 15:33:27.574  INFO 13476 --- [    Test worker] o.s.b.t.m.w.SpringBootMockServletContext : Initializing Spring TestDispatcherServlet ''
2021-08-10 15:33:27.574  INFO 13476 --- [    Test worker] o.s.t.web.servlet.TestDispatcherServlet  : Initializing Servlet ''
2021-08-10 15:33:27.577  INFO 13476 --- [    Test worker] o.s.t.web.servlet.TestDispatcherServlet  : Completed initialization in 2 ms
2021-08-10 15:33:27.664  INFO 13476 --- [    Test worker] NoteController                           : insert(userInterface.model.Note@5c1a389e,org.springframework.validation.BeanPropertyBindingResult: 0 errors,{},{note=userInterface.model.Note@5c1a389e, org.springframework.validation.BindingResult.note=org.springframework.validation.BeanPropertyBindingResult: 0 errors})
2021-08-10 15:33:27.665  INFO 13476 --- [    Test worker] NoteService                              : insert(userInterface.model.Note@5c1a389e)
2021-08-10 15:33:28.775  INFO 13476 --- [    Test worker] o.s.b.t.m.w.SpringBootMockServletContext : Initializing Spring TestDispatcherServlet ''
2021-08-10 15:33:28.776  INFO 13476 --- [    Test worker] o.s.t.web.servlet.TestDispatcherServlet  : Initializing Servlet ''
2021-08-10 15:33:28.779  INFO 13476 --- [    Test worker] o.s.t.web.servlet.TestDispatcherServlet  : Completed initialization in 3 ms
2021-08-10 15:33:28.795  INFO 13476 --- [    Test worker] NoteController                           : editNote(999999999,61128027a56a7d1a190153a1,{})
2021-08-10 15:33:28.796  INFO 13476 --- [    Test worker] NoteService                              : select(61128027a56a7d1a190153a1)
2021-08-10 15:33:28.910  INFO 13476 --- [    Test worker] o.s.b.t.m.w.SpringBootMockServletContext : Initializing Spring TestDispatcherServlet ''
2021-08-10 15:33:28.910  INFO 13476 --- [    Test worker] o.s.t.web.servlet.TestDispatcherServlet  : Initializing Servlet ''
2021-08-10 15:33:28.914  INFO 13476 --- [    Test worker] o.s.t.web.servlet.TestDispatcherServlet  : Completed initialization in 3 ms
2021-08-10 15:33:28.930  INFO 13476 --- [    Test worker] NoteController                           : update(61128027a56a7d1a190153a1,userInterface.model.Note@107d799,org.springframework.validation.BeanPropertyBindingResult: 0 errors,{note=userInterface.model.Note@107d799, org.springframework.validation.BindingResult.note=org.springframework.validation.BeanPropertyBindingResult: 0 errors})
2021-08-10 15:33:28.930  INFO 13476 --- [    Test worker] NoteService                              : update(61128027a56a7d1a190153a1,userInterface.model.Note@107d799)
2021-08-10 15:33:28.971  INFO 13476 --- [    Test worker] o.s.b.t.m.w.SpringBootMockServletContext : Initializing Spring TestDispatcherServlet ''
2021-08-10 15:33:28.971  INFO 13476 --- [    Test worker] o.s.t.web.servlet.TestDispatcherServlet  : Initializing Servlet ''
2021-08-10 15:33:28.973  INFO 13476 --- [    Test worker] o.s.t.web.servlet.TestDispatcherServlet  : Completed initialization in 2 ms
2021-08-10 15:33:28.989  INFO 13476 --- [    Test worker] NoteController                           : delete(999999999,61128027a56a7d1a190153a1,{})
2021-08-10 15:33:28.989  INFO 13476 --- [    Test worker] NoteService                              : delete(61128027a56a7d1a190153a1)
]]></system-out>
  <system-err><![CDATA[]]></system-err>
</testsuite>
