<?xml version="1.0" encoding="UTF-8"?>
<testsuite name="unit.service.NoteServiceUnitTest" tests="5" skipped="0" failures="0" errors="0" timestamp="2021-07-29T17:53:07" hostname="PC-ANTOINE" time="0.1">
  <properties/>
  <testcase name="delete()" classname="unit.service.NoteServiceUnitTest" time="0.002"/>
  <testcase name="insert()" classname="unit.service.NoteServiceUnitTest" time="0.003"/>
  <testcase name="select()" classname="unit.service.NoteServiceUnitTest" time="0.002"/>
  <testcase name="update()" classname="unit.service.NoteServiceUnitTest" time="0.002"/>
  <testcase name="list()" classname="unit.service.NoteServiceUnitTest" time="0.091"/>
  <system-out><![CDATA[2021-07-29 19:53:07.590  INFO 2100 --- [    Test worker] NoteService                              : PatientNoteService(Mock for NoteProxy, hashCode: 849673337)
2021-07-29 19:53:07.590  INFO 2100 --- [    Test worker] NoteService                              : delete(noteId)
2021-07-29 19:53:07.592  INFO 2100 --- [    Test worker] NoteService                              : PatientNoteService(Mock for NoteProxy, hashCode: 1210212297)
2021-07-29 19:53:07.593  INFO 2100 --- [    Test worker] NoteService                              : insert(Mock for Note, hashCode: 1785955745)
2021-07-29 19:53:07.595  INFO 2100 --- [    Test worker] NoteService                              : PatientNoteService(Mock for NoteProxy, hashCode: 587160737)
2021-07-29 19:53:07.596  INFO 2100 --- [    Test worker] NoteService                              : select(noteId)
2021-07-29 19:53:07.597  INFO 2100 --- [    Test worker] NoteService                              : PatientNoteService(Mock for NoteProxy, hashCode: 934099891)
2021-07-29 19:53:07.597  INFO 2100 --- [    Test worker] NoteService                              : update(noteId,Mock for Note, hashCode: 1839982232)
2021-07-29 19:53:07.599  INFO 2100 --- [    Test worker] NoteService                              : PatientNoteService(Mock for NoteProxy, hashCode: 453195777)
2021-07-29 19:53:07.688  INFO 2100 --- [    Test worker] NoteService                              : list(1)
]]></system-out>
  <system-err><![CDATA[]]></system-err>
</testsuite>
