<?xml version="1.0" encoding="UTF-8"?>
<testsuite name="integration.NoteControllerIntegrationTest" tests="5" skipped="0" failures="0" errors="0" timestamp="2021-08-05T15:02:52" hostname="PC-ANTOINE" time="0.962">
  <properties/>
  <testcase name="add()" classname="integration.NoteControllerIntegrationTest" time="0.052"/>
  <testcase name="insert()" classname="integration.NoteControllerIntegrationTest" time="0.677"/>
  <testcase name="edit()" classname="integration.NoteControllerIntegrationTest" time="0.106"/>
  <testcase name="update()" classname="integration.NoteControllerIntegrationTest" time="0.055"/>
  <testcase name="delete()" classname="integration.NoteControllerIntegrationTest" time="0.064"/>
  <system-out><![CDATA[2021-08-05 17:02:52.768  INFO 12380 --- [    Test worker] .b.t.c.SpringBootTestContextBootstrapper : Neither @ContextConfiguration nor @ContextHierarchy found for test class [integration.NoteControllerIntegrationTest], using SpringBootContextLoader
2021-08-05 17:02:52.770  INFO 12380 --- [    Test worker] o.s.t.c.support.AbstractContextLoader    : Could not detect default resource locations for test class [integration.NoteControllerIntegrationTest]: no resource found for suffixes {-context.xml, Context.groovy}.
2021-08-05 17:02:52.778  INFO 12380 --- [    Test worker] .b.t.c.SpringBootTestContextBootstrapper : Loaded default TestExecutionListener class names from location [META-INF/spring.factories]: [org.springframework.boot.test.autoconfigure.restdocs.RestDocsTestExecutionListener, org.springframework.boot.test.autoconfigure.web.client.MockRestServiceServerResetTestExecutionListener, org.springframework.boot.test.autoconfigure.web.servlet.MockMvcPrintOnlyOnFailureTestExecutionListener, org.springframework.boot.test.autoconfigure.web.servlet.WebDriverTestExecutionListener, org.springframework.boot.test.autoconfigure.webservices.client.MockWebServiceServerTestExecutionListener, org.springframework.boot.test.mock.mockito.MockitoTestExecutionListener, org.springframework.boot.test.mock.mockito.ResetMocksTestExecutionListener, org.springframework.test.context.web.ServletTestExecutionListener, org.springframework.test.context.support.DirtiesContextBeforeModesTestExecutionListener, org.springframework.test.context.support.DependencyInjectionTestExecutionListener, org.springframework.test.context.support.DirtiesContextTestExecutionListener, org.springframework.test.context.transaction.TransactionalTestExecutionListener, org.springframework.test.context.jdbc.SqlScriptsTestExecutionListener, org.springframework.test.context.event.EventPublishingTestExecutionListener]
2021-08-05 17:02:52.781  INFO 12380 --- [    Test worker] .b.t.c.SpringBootTestContextBootstrapper : Using TestExecutionListeners: [org.springframework.test.context.web.ServletTestExecutionListener@2b6944b8, org.springframework.test.context.support.DirtiesContextBeforeModesTestExecutionListener@11cd10b, org.springframework.boot.test.mock.mockito.MockitoTestExecutionListener@6d28ca3b, org.springframework.boot.test.autoconfigure.SpringBootDependencyInjectionTestExecutionListener@2e268630, org.springframework.test.context.support.DirtiesContextTestExecutionListener@4f0b4bc8, org.springframework.test.context.event.EventPublishingTestExecutionListener@28785fab, org.springframework.boot.test.autoconfigure.restdocs.RestDocsTestExecutionListener@32a218d, org.springframework.boot.test.autoconfigure.web.client.MockRestServiceServerResetTestExecutionListener@192720de, org.springframework.boot.test.autoconfigure.web.servlet.MockMvcPrintOnlyOnFailureTestExecutionListener@c676d39, org.springframework.boot.test.autoconfigure.web.servlet.WebDriverTestExecutionListener@6688fe19, org.springframework.boot.test.autoconfigure.webservices.client.MockWebServiceServerTestExecutionListener@347c8d0c, org.springframework.boot.test.mock.mockito.ResetMocksTestExecutionListener@14fd7a8d]
2021-08-05 17:02:52.791  INFO 12380 --- [    Test worker] o.s.b.t.m.w.SpringBootMockServletContext : Initializing Spring TestDispatcherServlet ''
2021-08-05 17:02:52.792  INFO 12380 --- [    Test worker] o.s.t.web.servlet.TestDispatcherServlet  : Initializing Servlet ''
2021-08-05 17:02:52.796  INFO 12380 --- [    Test worker] o.s.t.web.servlet.TestDispatcherServlet  : Completed initialization in 4 ms
2021-08-05 17:02:52.807  INFO 12380 --- [    Test worker] NoteController                           : add(999999999,userInterface.model.Note@17a912bf,{note=userInterface.model.Note@17a912bf, org.springframework.validation.BindingResult.note=org.springframework.validation.BeanPropertyBindingResult: 0 errors})
2021-08-05 17:02:52.846  INFO 12380 --- [    Test worker] o.s.b.t.m.w.SpringBootMockServletContext : Initializing Spring TestDispatcherServlet ''
2021-08-05 17:02:52.847  INFO 12380 --- [    Test worker] o.s.t.web.servlet.TestDispatcherServlet  : Initializing Servlet ''
2021-08-05 17:02:52.851  INFO 12380 --- [    Test worker] o.s.t.web.servlet.TestDispatcherServlet  : Completed initialization in 4 ms
2021-08-05 17:02:52.968  INFO 12380 --- [    Test worker] NoteController                           : insert(userInterface.model.Note@2fbb4a91,org.springframework.validation.BeanPropertyBindingResult: 0 errors,{},{note=userInterface.model.Note@2fbb4a91, org.springframework.validation.BindingResult.note=org.springframework.validation.BeanPropertyBindingResult: 0 errors})
2021-08-05 17:02:52.969  INFO 12380 --- [    Test worker] NoteService                              : insert(userInterface.model.Note@2fbb4a91)
2021-08-05 17:02:53.524  INFO 12380 --- [    Test worker] o.s.b.t.m.w.SpringBootMockServletContext : Initializing Spring TestDispatcherServlet ''
2021-08-05 17:02:53.524  INFO 12380 --- [    Test worker] o.s.t.web.servlet.TestDispatcherServlet  : Initializing Servlet ''
2021-08-05 17:02:53.527  INFO 12380 --- [    Test worker] o.s.t.web.servlet.TestDispatcherServlet  : Completed initialization in 3 ms
2021-08-05 17:02:53.554  INFO 12380 --- [    Test worker] NoteController                           : editNote(999999999,610bfd9b67a58b13768a9b83,{})
2021-08-05 17:02:53.554  INFO 12380 --- [    Test worker] NoteService                              : select(610bfd9b67a58b13768a9b83)
2021-08-05 17:02:53.631  INFO 12380 --- [    Test worker] o.s.b.t.m.w.SpringBootMockServletContext : Initializing Spring TestDispatcherServlet ''
2021-08-05 17:02:53.631  INFO 12380 --- [    Test worker] o.s.t.web.servlet.TestDispatcherServlet  : Initializing Servlet ''
2021-08-05 17:02:53.633  INFO 12380 --- [    Test worker] o.s.t.web.servlet.TestDispatcherServlet  : Completed initialization in 2 ms
2021-08-05 17:02:53.652  INFO 12380 --- [    Test worker] NoteController                           : update(610bfd9b67a58b13768a9b83,userInterface.model.Note@69f29169,org.springframework.validation.BeanPropertyBindingResult: 0 errors,{note=userInterface.model.Note@69f29169, org.springframework.validation.BindingResult.note=org.springframework.validation.BeanPropertyBindingResult: 0 errors})
2021-08-05 17:02:53.652  INFO 12380 --- [    Test worker] NoteService                              : update(610bfd9b67a58b13768a9b83,userInterface.model.Note@69f29169)
2021-08-05 17:02:53.688  INFO 12380 --- [    Test worker] o.s.b.t.m.w.SpringBootMockServletContext : Initializing Spring TestDispatcherServlet ''
2021-08-05 17:02:53.689  INFO 12380 --- [    Test worker] o.s.t.web.servlet.TestDispatcherServlet  : Initializing Servlet ''
2021-08-05 17:02:53.693  INFO 12380 --- [    Test worker] o.s.t.web.servlet.TestDispatcherServlet  : Completed initialization in 4 ms
2021-08-05 17:02:53.715  INFO 12380 --- [    Test worker] NoteController                           : delete(999999999,610bfd9b67a58b13768a9b83,{})
2021-08-05 17:02:53.715  INFO 12380 --- [    Test worker] NoteService                              : delete(610bfd9b67a58b13768a9b83)
]]></system-out>
  <system-err><![CDATA[]]></system-err>
</testsuite>
