<?xml version="1.0" encoding="UTF-8"?>
<testsuite name="unit.controller.NoteControllerUnitTest" tests="5" skipped="0" failures="0" errors="0" timestamp="2021-08-05T15:02:55" hostname="PC-ANTOINE" time="0.204">
  <properties/>
  <testcase name="delete()" classname="unit.controller.NoteControllerUnitTest" time="0.044"/>
  <testcase name="insert()" classname="unit.controller.NoteControllerUnitTest" time="0.148"/>
  <testcase name="update()" classname="unit.controller.NoteControllerUnitTest" time="0.004"/>
  <testcase name="add()" classname="unit.controller.NoteControllerUnitTest" time="0.002"/>
  <testcase name="editNote()" classname="unit.controller.NoteControllerUnitTest" time="0.002"/>
  <system-out><![CDATA[2021-08-05 17:02:55.116  INFO 12380 --- [    Test worker] NoteController                           : NoteController(Mock for NoteServiceInterface, hashCode: 765961055)
2021-08-05 17:02:55.157  INFO 12380 --- [    Test worker] NoteController                           : delete(1,noteId,Mock for Model, hashCode: 1978197245)
2021-08-05 17:02:55.161  INFO 12380 --- [    Test worker] NoteController                           : NoteController(Mock for NoteServiceInterface, hashCode: 775979332)
2021-08-05 17:02:55.305  INFO 12380 --- [    Test worker] NoteController                           : insert(Mock for Note, hashCode: 683620341,Mock for BindingResult, hashCode: 1311276967,Mock for RedirectAttributes, hashCode: 478354605,Mock for Model, hashCode: 897066911)
2021-08-05 17:02:55.310  INFO 12380 --- [    Test worker] NoteController                           : NoteController(Mock for NoteServiceInterface, hashCode: 942173740)
2021-08-05 17:02:55.312  INFO 12380 --- [    Test worker] NoteController                           : update(noteId,Mock for Note, hashCode: 2142736217,Mock for BindingResult, hashCode: 502281382,Mock for Model, hashCode: 1455288320)
2021-08-05 17:02:55.315  INFO 12380 --- [    Test worker] NoteController                           : NoteController(Mock for NoteServiceInterface, hashCode: 757054965)
2021-08-05 17:02:55.316  INFO 12380 --- [    Test worker] NoteController                           : add(1,Mock for Note, hashCode: 1855009352,Mock for Model, hashCode: 1926786616)
2021-08-05 17:02:55.318  INFO 12380 --- [    Test worker] NoteController                           : NoteController(Mock for NoteServiceInterface, hashCode: 1272753555)
2021-08-05 17:02:55.318  INFO 12380 --- [    Test worker] NoteController                           : editNote(1,noteId,Mock for Model, hashCode: 469516552)
]]></system-out>
  <system-err><![CDATA[]]></system-err>
</testsuite>
