<?xml version="1.0" encoding="UTF-8"?>
<testsuite name="integration.NoteControllerIntegrationTest" tests="5" skipped="0" failures="0" errors="0" timestamp="2021-08-10T10:34:12" hostname="PC-ANTOINE" time="0.29">
  <properties/>
  <testcase name="add()" classname="integration.NoteControllerIntegrationTest" time="0.042"/>
  <testcase name="insert()" classname="integration.NoteControllerIntegrationTest" time="0.134"/>
  <testcase name="edit()" classname="integration.NoteControllerIntegrationTest" time="0.046"/>
  <testcase name="update()" classname="integration.NoteControllerIntegrationTest" time="0.034"/>
  <testcase name="delete()" classname="integration.NoteControllerIntegrationTest" time="0.026"/>
  <system-out><![CDATA[2021-08-10 12:34:12.168  INFO 3088 --- [    Test worker] .b.t.c.SpringBootTestContextBootstrapper : Neither @ContextConfiguration nor @ContextHierarchy found for test class [integration.NoteControllerIntegrationTest], using SpringBootContextLoader
2021-08-10 12:34:12.169  INFO 3088 --- [    Test worker] o.s.t.c.support.AbstractContextLoader    : Could not detect default resource locations for test class [integration.NoteControllerIntegrationTest]: no resource found for suffixes {-context.xml, Context.groovy}.
2021-08-10 12:34:12.175  INFO 3088 --- [    Test worker] .b.t.c.SpringBootTestContextBootstrapper : Loaded default TestExecutionListener class names from location [META-INF/spring.factories]: [org.springframework.boot.test.autoconfigure.restdocs.RestDocsTestExecutionListener, org.springframework.boot.test.autoconfigure.web.client.MockRestServiceServerResetTestExecutionListener, org.springframework.boot.test.autoconfigure.web.servlet.MockMvcPrintOnlyOnFailureTestExecutionListener, org.springframework.boot.test.autoconfigure.web.servlet.WebDriverTestExecutionListener, org.springframework.boot.test.autoconfigure.webservices.client.MockWebServiceServerTestExecutionListener, org.springframework.boot.test.mock.mockito.MockitoTestExecutionListener, org.springframework.boot.test.mock.mockito.ResetMocksTestExecutionListener, org.springframework.test.context.web.ServletTestExecutionListener, org.springframework.test.context.support.DirtiesContextBeforeModesTestExecutionListener, org.springframework.test.context.support.DependencyInjectionTestExecutionListener, org.springframework.test.context.support.DirtiesContextTestExecutionListener, org.springframework.test.context.transaction.TransactionalTestExecutionListener, org.springframework.test.context.jdbc.SqlScriptsTestExecutionListener, org.springframework.test.context.event.EventPublishingTestExecutionListener]
2021-08-10 12:34:12.177  INFO 3088 --- [    Test worker] .b.t.c.SpringBootTestContextBootstrapper : Using TestExecutionListeners: [org.springframework.test.context.web.ServletTestExecutionListener@59d359d5, org.springframework.test.context.support.DirtiesContextBeforeModesTestExecutionListener@2db1895c, org.springframework.boot.test.mock.mockito.MockitoTestExecutionListener@69c396d8, org.springframework.boot.test.autoconfigure.SpringBootDependencyInjectionTestExecutionListener@47b27ef2, org.springframework.test.context.support.DirtiesContextTestExecutionListener@46c9a20, org.springframework.test.context.event.EventPublishingTestExecutionListener@25361898, org.springframework.boot.test.autoconfigure.restdocs.RestDocsTestExecutionListener@50b63fb0, org.springframework.boot.test.autoconfigure.web.client.MockRestServiceServerResetTestExecutionListener@4278eba, org.springframework.boot.test.autoconfigure.web.servlet.MockMvcPrintOnlyOnFailureTestExecutionListener@647aa984, org.springframework.boot.test.autoconfigure.web.servlet.WebDriverTestExecutionListener@711d9f4b, org.springframework.boot.test.autoconfigure.webservices.client.MockWebServiceServerTestExecutionListener@10376567, org.springframework.boot.test.mock.mockito.ResetMocksTestExecutionListener@285d6b85]
2021-08-10 12:34:12.183  INFO 3088 --- [    Test worker] o.s.b.t.m.w.SpringBootMockServletContext : Initializing Spring TestDispatcherServlet ''
2021-08-10 12:34:12.184  INFO 3088 --- [    Test worker] o.s.t.web.servlet.TestDispatcherServlet  : Initializing Servlet ''
2021-08-10 12:34:12.187  INFO 3088 --- [    Test worker] o.s.t.web.servlet.TestDispatcherServlet  : Completed initialization in 3 ms
2021-08-10 12:34:12.193  INFO 3088 --- [    Test worker] NoteController                           : add(999999999,userInterface.model.Note@243ffe09,{note=userInterface.model.Note@243ffe09, org.springframework.validation.BindingResult.note=org.springframework.validation.BeanPropertyBindingResult: 0 errors})
2021-08-10 12:34:12.227  INFO 3088 --- [    Test worker] o.s.b.t.m.w.SpringBootMockServletContext : Initializing Spring TestDispatcherServlet ''
2021-08-10 12:34:12.228  INFO 3088 --- [    Test worker] o.s.t.web.servlet.TestDispatcherServlet  : Initializing Servlet ''
2021-08-10 12:34:12.230  INFO 3088 --- [    Test worker] o.s.t.web.servlet.TestDispatcherServlet  : Completed initialization in 2 ms
2021-08-10 12:34:12.329  INFO 3088 --- [    Test worker] NoteController                           : insert(userInterface.model.Note@62c8d873,org.springframework.validation.BeanPropertyBindingResult: 0 errors,{},{note=userInterface.model.Note@62c8d873, org.springframework.validation.BindingResult.note=org.springframework.validation.BeanPropertyBindingResult: 0 errors})
2021-08-10 12:34:12.330  INFO 3088 --- [    Test worker] NoteService                              : insert(userInterface.model.Note@62c8d873)
2021-08-10 12:34:12.363  INFO 3088 --- [    Test worker] o.s.b.t.m.w.SpringBootMockServletContext : Initializing Spring TestDispatcherServlet ''
2021-08-10 12:34:12.364  INFO 3088 --- [    Test worker] o.s.t.web.servlet.TestDispatcherServlet  : Initializing Servlet ''
2021-08-10 12:34:12.367  INFO 3088 --- [    Test worker] o.s.t.web.servlet.TestDispatcherServlet  : Completed initialization in 3 ms
2021-08-10 12:34:12.376  INFO 3088 --- [    Test worker] NoteController                           : editNote(999999999,6112562455657755d1207f06,{})
2021-08-10 12:34:12.377  INFO 3088 --- [    Test worker] NoteService                              : select(6112562455657755d1207f06)
2021-08-10 12:34:12.412  INFO 3088 --- [    Test worker] o.s.b.t.m.w.SpringBootMockServletContext : Initializing Spring TestDispatcherServlet ''
2021-08-10 12:34:12.412  INFO 3088 --- [    Test worker] o.s.t.web.servlet.TestDispatcherServlet  : Initializing Servlet ''
2021-08-10 12:34:12.417  INFO 3088 --- [    Test worker] o.s.t.web.servlet.TestDispatcherServlet  : Completed initialization in 4 ms
2021-08-10 12:34:12.427  INFO 3088 --- [    Test worker] NoteController                           : update(6112562455657755d1207f06,userInterface.model.Note@15c4d1df,org.springframework.validation.BeanPropertyBindingResult: 0 errors,{note=userInterface.model.Note@15c4d1df, org.springframework.validation.BindingResult.note=org.springframework.validation.BeanPropertyBindingResult: 0 errors})
2021-08-10 12:34:12.427  INFO 3088 --- [    Test worker] NoteService                              : update(6112562455657755d1207f06,userInterface.model.Note@15c4d1df)
2021-08-10 12:34:12.448  INFO 3088 --- [    Test worker] o.s.b.t.m.w.SpringBootMockServletContext : Initializing Spring TestDispatcherServlet ''
2021-08-10 12:34:12.448  INFO 3088 --- [    Test worker] o.s.t.web.servlet.TestDispatcherServlet  : Initializing Servlet ''
2021-08-10 12:34:12.451  INFO 3088 --- [    Test worker] o.s.t.web.servlet.TestDispatcherServlet  : Completed initialization in 3 ms
2021-08-10 12:34:12.461  INFO 3088 --- [    Test worker] NoteController                           : delete(999999999,6112562455657755d1207f06,{})
2021-08-10 12:34:12.461  INFO 3088 --- [    Test worker] NoteService                              : delete(6112562455657755d1207f06)
]]></system-out>
  <system-err><![CDATA[]]></system-err>
</testsuite>
