<?xml version="1.0" encoding="UTF-8"?>
<testsuite name="integration.CommonControllerIntegrationTest" tests="2" skipped="0" failures="0" errors="0" timestamp="2021-08-05T15:02:38" hostname="PC-ANTOINE" time="14.427">
  <properties/>
  <testcase name="list()" classname="integration.CommonControllerIntegrationTest" time="6.633"/>
  <testcase name="open()" classname="integration.CommonControllerIntegrationTest" time="7.792"/>
  <system-out><![CDATA[17:02:25.028 [Test worker] DEBUG org.springframework.test.context.BootstrapUtils - Instantiating CacheAwareContextLoaderDelegate from class [org.springframework.test.context.cache.DefaultCacheAwareContextLoaderDelegate]
17:02:25.074 [Test worker] DEBUG org.springframework.test.context.BootstrapUtils - Instantiating BootstrapContext using constructor [public org.springframework.test.context.support.DefaultBootstrapContext(java.lang.Class,org.springframework.test.context.CacheAwareContextLoaderDelegate)]
17:02:25.153 [Test worker] DEBUG org.springframework.test.context.BootstrapUtils - Instantiating TestContextBootstrapper for test class [integration.CommonControllerIntegrationTest] from class [org.springframework.boot.test.context.SpringBootTestContextBootstrapper]
17:02:25.191 [Test worker] INFO org.springframework.boot.test.context.SpringBootTestContextBootstrapper - Neither @ContextConfiguration nor @ContextHierarchy found for test class [integration.CommonControllerIntegrationTest], using SpringBootContextLoader
17:02:25.198 [Test worker] DEBUG org.springframework.test.context.support.AbstractContextLoader - Did not detect default resource location for test class [integration.CommonControllerIntegrationTest]: class path resource [integration/CommonControllerIntegrationTest-context.xml] does not exist
17:02:25.199 [Test worker] DEBUG org.springframework.test.context.support.AbstractContextLoader - Did not detect default resource location for test class [integration.CommonControllerIntegrationTest]: class path resource [integration/CommonControllerIntegrationTestContext.groovy] does not exist
17:02:25.199 [Test worker] INFO org.springframework.test.context.support.AbstractContextLoader - Could not detect default resource locations for test class [integration.CommonControllerIntegrationTest]: no resource found for suffixes {-context.xml, Context.groovy}.
17:02:25.289 [Test worker] DEBUG org.springframework.test.context.support.ActiveProfilesUtils - Could not find an 'annotation declaring class' for annotation type [org.springframework.test.context.ActiveProfiles] and class [integration.CommonControllerIntegrationTest]
17:02:25.571 [Test worker] DEBUG org.springframework.boot.test.context.SpringBootTestContextBootstrapper - @TestExecutionListeners is not present for class [integration.CommonControllerIntegrationTest]: using defaults.
17:02:25.572 [Test worker] INFO org.springframework.boot.test.context.SpringBootTestContextBootstrapper - Loaded default TestExecutionListener class names from location [META-INF/spring.factories]: [org.springframework.boot.test.autoconfigure.restdocs.RestDocsTestExecutionListener, org.springframework.boot.test.autoconfigure.web.client.MockRestServiceServerResetTestExecutionListener, org.springframework.boot.test.autoconfigure.web.servlet.MockMvcPrintOnlyOnFailureTestExecutionListener, org.springframework.boot.test.autoconfigure.web.servlet.WebDriverTestExecutionListener, org.springframework.boot.test.autoconfigure.webservices.client.MockWebServiceServerTestExecutionListener, org.springframework.boot.test.mock.mockito.MockitoTestExecutionListener, org.springframework.boot.test.mock.mockito.ResetMocksTestExecutionListener, org.springframework.test.context.web.ServletTestExecutionListener, org.springframework.test.context.support.DirtiesContextBeforeModesTestExecutionListener, org.springframework.test.context.support.DependencyInjectionTestExecutionListener, org.springframework.test.context.support.DirtiesContextTestExecutionListener, org.springframework.test.context.transaction.TransactionalTestExecutionListener, org.springframework.test.context.jdbc.SqlScriptsTestExecutionListener, org.springframework.test.context.event.EventPublishingTestExecutionListener]
17:02:25.603 [Test worker] DEBUG org.springframework.boot.test.context.SpringBootTestContextBootstrapper - Skipping candidate TestExecutionListener [org.springframework.test.context.transaction.TransactionalTestExecutionListener] due to a missing dependency. Specify custom listener classes or make the default listener classes and their required dependencies available. Offending class: [org/springframework/transaction/interceptor/TransactionAttributeSource]
17:02:25.604 [Test worker] DEBUG org.springframework.boot.test.context.SpringBootTestContextBootstrapper - Skipping candidate TestExecutionListener [org.springframework.test.context.jdbc.SqlScriptsTestExecutionListener] due to a missing dependency. Specify custom listener classes or make the default listener classes and their required dependencies available. Offending class: [org/springframework/transaction/interceptor/TransactionAttribute]
17:02:25.605 [Test worker] INFO org.springframework.boot.test.context.SpringBootTestContextBootstrapper - Using TestExecutionListeners: [org.springframework.test.context.web.ServletTestExecutionListener@654ae373, org.springframework.test.context.support.DirtiesContextBeforeModesTestExecutionListener@2c2beafe, org.springframework.boot.test.mock.mockito.MockitoTestExecutionListener@bd37cbf, org.springframework.boot.test.autoconfigure.SpringBootDependencyInjectionTestExecutionListener@27d7a94, org.springframework.test.context.support.DirtiesContextTestExecutionListener@309e50d3, org.springframework.test.context.event.EventPublishingTestExecutionListener@43912024, org.springframework.boot.test.autoconfigure.restdocs.RestDocsTestExecutionListener@53378a6d, org.springframework.boot.test.autoconfigure.web.client.MockRestServiceServerResetTestExecutionListener@3a77f345, org.springframework.boot.test.autoconfigure.web.servlet.MockMvcPrintOnlyOnFailureTestExecutionListener@782d3410, org.springframework.boot.test.autoconfigure.web.servlet.WebDriverTestExecutionListener@32f7bb31, org.springframework.boot.test.autoconfigure.webservices.client.MockWebServiceServerTestExecutionListener@5d7c2be0, org.springframework.boot.test.mock.mockito.ResetMocksTestExecutionListener@589416d1]
17:02:25.612 [Test worker] DEBUG org.springframework.test.context.support.AbstractDirtiesContextTestExecutionListener - Before test class: context [DefaultTestContext@64079ff0 testClass = CommonControllerIntegrationTest, testInstance = [null], testMethod = [null], testException = [null], mergedContextConfiguration = [WebMergedContextConfiguration@644df27b testClass = CommonControllerIntegrationTest, locations = '{}', classes = '{class userInterface.Application}', contextInitializerClasses = '[]', activeProfiles = '{}', propertySourceLocations = '{}', propertySourceProperties = '{org.springframework.boot.test.context.SpringBootTestContextBootstrapper=true}', contextCustomizers = set[org.springframework.boot.test.autoconfigure.properties.PropertyMappingContextCustomizer@0, org.springframework.boot.test.autoconfigure.web.servlet.WebDriverContextCustomizerFactory$Customizer@48fc354d, org.springframework.boot.test.context.filter.ExcludeFilterContextCustomizer@420a6c5f, org.springframework.boot.test.json.DuplicateJsonObjectContextCustomizerFactory$DuplicateJsonObjectContextCustomizer@6b6fc16d, org.springframework.boot.test.mock.mockito.MockitoContextCustomizer@0, org.springframework.boot.test.web.client.TestRestTemplateContextCustomizer@3bbe4cae, org.springframework.boot.test.context.SpringBootTestArgs@1, org.springframework.boot.test.context.SpringBootTestWebEnvironment@79252693], resourceBasePath = 'src/main/webapp', contextLoader = 'org.springframework.boot.test.context.SpringBootContextLoader', parent = [null]], attributes = map['org.springframework.test.context.web.ServletTestExecutionListener.activateListener' -> true]], class annotated with @DirtiesContext [false] with mode [null].
17:02:25.705 [Test worker] DEBUG org.springframework.test.context.support.TestPropertySourceUtils - Adding inlined properties to environment: {spring.jmx.enabled=false, org.springframework.boot.test.context.SpringBootTestContextBootstrapper=true}

  .   ____          _            __ _ _
 /\\ / ___'_ __ _ _(_)_ __  __ _ \ \ \ \
( ( )\___ | '_ | '_| | '_ \/ _` | \ \ \ \
 \\/  ___)| |_)| | | | | || (_| |  ) ) ) )
  '  |____| .__|_| |_|_| |_\__, | / / / /
 =========|_|==============|___/=/_/_/_/
 :: Spring Boot ::        (v2.3.9.RELEASE)

2021-08-05 17:02:29.016  INFO 12380 --- [    Test worker] i.CommonControllerIntegrationTest        : No active profile set, falling back to default profiles: default
2021-08-05 17:02:32.035  INFO 12380 --- [    Test worker] o.s.cloud.context.scope.GenericScope     : BeanFactory id=19fe32c3-f8bb-33c7-a406-e705eddea437
2021-08-05 17:02:32.164  INFO 12380 --- [    Test worker] trationDelegate$BeanPostProcessorChecker : Bean 'userInterface.proxy.NoteProxy' of type [org.springframework.cloud.openfeign.FeignClientFactoryBean] is not eligible for getting processed by all BeanPostProcessors (for example: not eligible for auto-proxying)
2021-08-05 17:02:32.167  INFO 12380 --- [    Test worker] trationDelegate$BeanPostProcessorChecker : Bean 'userInterface.proxy.PatientProxy' of type [org.springframework.cloud.openfeign.FeignClientFactoryBean] is not eligible for getting processed by all BeanPostProcessors (for example: not eligible for auto-proxying)
2021-08-05 17:02:32.170  INFO 12380 --- [    Test worker] trationDelegate$BeanPostProcessorChecker : Bean 'userInterface.proxy.ReportProxy' of type [org.springframework.cloud.openfeign.FeignClientFactoryBean] is not eligible for getting processed by all BeanPostProcessors (for example: not eligible for auto-proxying)
2021-08-05 17:02:32.494  INFO 12380 --- [    Test worker] CommonController                         : CommonController()
2021-08-05 17:02:32.496  INFO 12380 --- [    Test worker] PatientService                           : PatientInformationService()
2021-08-05 17:02:32.508  INFO 12380 --- [    Test worker] PatientService                           : PatientInformationService()
2021-08-05 17:02:33.985  INFO 12380 --- [    Test worker] NoteService                              : PatientNoteService()
2021-08-05 17:02:34.079  INFO 12380 --- [    Test worker] ReportService                            : ReportService()
2021-08-05 17:02:34.166  INFO 12380 --- [    Test worker] NoteController                           : NoteController()
2021-08-05 17:02:34.166  INFO 12380 --- [    Test worker] NoteService                              : PatientNoteService()
2021-08-05 17:02:34.201  INFO 12380 --- [    Test worker] PatientController                        : PatientController()
2021-08-05 17:02:34.203  INFO 12380 --- [    Test worker] PatientService                           : PatientInformationService()
2021-08-05 17:02:34.730  WARN 12380 --- [    Test worker] c.n.c.sources.URLConfigurationSource     : No URLs will be polled as dynamic configuration sources.
2021-08-05 17:02:34.730  INFO 12380 --- [    Test worker] c.n.c.sources.URLConfigurationSource     : To enable URLs as dynamic configuration sources, define System property archaius.configurationSource.additionalUrls or make config.properties available on classpath.
2021-08-05 17:02:34.759  WARN 12380 --- [    Test worker] c.n.c.sources.URLConfigurationSource     : No URLs will be polled as dynamic configuration sources.
2021-08-05 17:02:34.759  INFO 12380 --- [    Test worker] c.n.c.sources.URLConfigurationSource     : To enable URLs as dynamic configuration sources, define System property archaius.configurationSource.additionalUrls or make config.properties available on classpath.
2021-08-05 17:02:35.582  INFO 12380 --- [    Test worker] o.s.s.concurrent.ThreadPoolTaskExecutor  : Initializing ExecutorService 'applicationTaskExecutor'
2021-08-05 17:02:38.024  INFO 12380 --- [    Test worker] o.s.b.a.e.web.EndpointLinksResolver      : Exposing 2 endpoint(s) beneath base path '/actuator'
2021-08-05 17:02:38.172  INFO 12380 --- [    Test worker] i.CommonControllerIntegrationTest        : Started CommonControllerIntegrationTest in 12.432 seconds (JVM running for 15.247)
2021-08-05 17:02:39.259  INFO 12380 --- [    Test worker] o.s.b.t.m.w.SpringBootMockServletContext : Initializing Spring TestDispatcherServlet ''
2021-08-05 17:02:39.259  INFO 12380 --- [    Test worker] o.s.t.web.servlet.TestDispatcherServlet  : Initializing Servlet ''
2021-08-05 17:02:39.284  INFO 12380 --- [    Test worker] o.s.t.web.servlet.TestDispatcherServlet  : Completed initialization in 24 ms
2021-08-05 17:02:39.405  INFO 12380 --- [    Test worker] CommonController                         : listPatient({})
2021-08-05 17:02:39.405  INFO 12380 --- [    Test worker] PatientService                           : list()
2021-08-05 17:02:44.971  INFO 12380 --- [    Test worker] o.s.b.t.m.w.SpringBootMockServletContext : Initializing Spring TestDispatcherServlet ''
2021-08-05 17:02:44.971  INFO 12380 --- [    Test worker] o.s.t.web.servlet.TestDispatcherServlet  : Initializing Servlet ''
2021-08-05 17:02:44.975  INFO 12380 --- [    Test worker] o.s.t.web.servlet.TestDispatcherServlet  : Completed initialization in 4 ms
2021-08-05 17:02:45.179  INFO 12380 --- [    Test worker] CommonController                         : openPatient(37,{})
2021-08-05 17:02:45.179  INFO 12380 --- [    Test worker] PatientService                           : select(37)
2021-08-05 17:02:45.325  INFO 12380 --- [    Test worker] NoteService                              : list(37)
2021-08-05 17:02:49.135  INFO 12380 --- [    Test worker] ReportService                            : getDiabetesReport(userInterface.model.Patient@52beb093,[userInterface.model.Note@1172c0cd, userInterface.model.Note@2a55bc95, userInterface.model.Note@4e109c80])
]]></system-out>
  <system-err><![CDATA[]]></system-err>
</testsuite>
