<?xml version="1.0" encoding="UTF-8"?>
<testsuite name="integration.CommonControllerIntegrationTest" tests="2" skipped="0" failures="0" errors="0" timestamp="2021-07-29T17:53:04" hostname="PC-ANTOINE" time="1.912">
  <properties/>
  <testcase name="list()" classname="integration.CommonControllerIntegrationTest" time="1.844"/>
  <testcase name="open()" classname="integration.CommonControllerIntegrationTest" time="0.066"/>
  <system-out><![CDATA[19:52:53.871 [Test worker] DEBUG org.springframework.test.context.BootstrapUtils - Instantiating CacheAwareContextLoaderDelegate from class [org.springframework.test.context.cache.DefaultCacheAwareContextLoaderDelegate]
19:52:53.906 [Test worker] DEBUG org.springframework.test.context.BootstrapUtils - Instantiating BootstrapContext using constructor [public org.springframework.test.context.support.DefaultBootstrapContext(java.lang.Class,org.springframework.test.context.CacheAwareContextLoaderDelegate)]
19:52:53.987 [Test worker] DEBUG org.springframework.test.context.BootstrapUtils - Instantiating TestContextBootstrapper for test class [integration.CommonControllerIntegrationTest] from class [org.springframework.boot.test.context.SpringBootTestContextBootstrapper]
19:52:54.032 [Test worker] INFO org.springframework.boot.test.context.SpringBootTestContextBootstrapper - Neither @ContextConfiguration nor @ContextHierarchy found for test class [integration.CommonControllerIntegrationTest], using SpringBootContextLoader
19:52:54.045 [Test worker] DEBUG org.springframework.test.context.support.AbstractContextLoader - Did not detect default resource location for test class [integration.CommonControllerIntegrationTest]: class path resource [integration/CommonControllerIntegrationTest-context.xml] does not exist
19:52:54.048 [Test worker] DEBUG org.springframework.test.context.support.AbstractContextLoader - Did not detect default resource location for test class [integration.CommonControllerIntegrationTest]: class path resource [integration/CommonControllerIntegrationTestContext.groovy] does not exist
19:52:54.049 [Test worker] INFO org.springframework.test.context.support.AbstractContextLoader - Could not detect default resource locations for test class [integration.CommonControllerIntegrationTest]: no resource found for suffixes {-context.xml, Context.groovy}.
19:52:54.187 [Test worker] DEBUG org.springframework.test.context.support.ActiveProfilesUtils - Could not find an 'annotation declaring class' for annotation type [org.springframework.test.context.ActiveProfiles] and class [integration.CommonControllerIntegrationTest]
19:52:54.487 [Test worker] DEBUG org.springframework.boot.test.context.SpringBootTestContextBootstrapper - @TestExecutionListeners is not present for class [integration.CommonControllerIntegrationTest]: using defaults.
19:52:54.488 [Test worker] INFO org.springframework.boot.test.context.SpringBootTestContextBootstrapper - Loaded default TestExecutionListener class names from location [META-INF/spring.factories]: [org.springframework.boot.test.autoconfigure.restdocs.RestDocsTestExecutionListener, org.springframework.boot.test.autoconfigure.web.client.MockRestServiceServerResetTestExecutionListener, org.springframework.boot.test.autoconfigure.web.servlet.MockMvcPrintOnlyOnFailureTestExecutionListener, org.springframework.boot.test.autoconfigure.web.servlet.WebDriverTestExecutionListener, org.springframework.boot.test.autoconfigure.webservices.client.MockWebServiceServerTestExecutionListener, org.springframework.boot.test.mock.mockito.MockitoTestExecutionListener, org.springframework.boot.test.mock.mockito.ResetMocksTestExecutionListener, org.springframework.test.context.web.ServletTestExecutionListener, org.springframework.test.context.support.DirtiesContextBeforeModesTestExecutionListener, org.springframework.test.context.support.DependencyInjectionTestExecutionListener, org.springframework.test.context.support.DirtiesContextTestExecutionListener, org.springframework.test.context.transaction.TransactionalTestExecutionListener, org.springframework.test.context.jdbc.SqlScriptsTestExecutionListener, org.springframework.test.context.event.EventPublishingTestExecutionListener]
19:52:54.529 [Test worker] INFO org.springframework.boot.test.context.SpringBootTestContextBootstrapper - Using TestExecutionListeners: [org.springframework.test.context.web.ServletTestExecutionListener@2ac94e78, org.springframework.test.context.support.DirtiesContextBeforeModesTestExecutionListener@2257126a, org.springframework.boot.test.mock.mockito.MockitoTestExecutionListener@24897e, org.springframework.boot.test.autoconfigure.SpringBootDependencyInjectionTestExecutionListener@ea0b476, org.springframework.test.context.support.DirtiesContextTestExecutionListener@6efa9154, org.springframework.test.context.transaction.TransactionalTestExecutionListener@74a41aa3, org.springframework.test.context.jdbc.SqlScriptsTestExecutionListener@50ef1230, org.springframework.test.context.event.EventPublishingTestExecutionListener@5b670f5f, org.springframework.boot.test.autoconfigure.restdocs.RestDocsTestExecutionListener@61ad4556, org.springframework.boot.test.autoconfigure.web.client.MockRestServiceServerResetTestExecutionListener@35082ac2, org.springframework.boot.test.autoconfigure.web.servlet.MockMvcPrintOnlyOnFailureTestExecutionListener@1ddec0c1, org.springframework.boot.test.autoconfigure.web.servlet.WebDriverTestExecutionListener@7ea039d2, org.springframework.boot.test.autoconfigure.webservices.client.MockWebServiceServerTestExecutionListener@75ac54a5, org.springframework.boot.test.mock.mockito.ResetMocksTestExecutionListener@1863ee8]
19:52:54.538 [Test worker] DEBUG org.springframework.test.context.support.AbstractDirtiesContextTestExecutionListener - Before test class: context [DefaultTestContext@72ea1199 testClass = CommonControllerIntegrationTest, testInstance = [null], testMethod = [null], testException = [null], mergedContextConfiguration = [WebMergedContextConfiguration@1e242386 testClass = CommonControllerIntegrationTest, locations = '{}', classes = '{class userInterface.Application}', contextInitializerClasses = '[]', activeProfiles = '{}', propertySourceLocations = '{}', propertySourceProperties = '{org.springframework.boot.test.context.SpringBootTestContextBootstrapper=true}', contextCustomizers = set[org.springframework.boot.test.autoconfigure.properties.PropertyMappingContextCustomizer@0, org.springframework.boot.test.autoconfigure.web.servlet.WebDriverContextCustomizerFactory$Customizer@26dcdfaf, org.springframework.boot.test.context.filter.ExcludeFilterContextCustomizer@202e16d7, org.springframework.boot.test.json.DuplicateJsonObjectContextCustomizerFactory$DuplicateJsonObjectContextCustomizer@6002468d, org.springframework.boot.test.mock.mockito.MockitoContextCustomizer@0, org.springframework.boot.test.web.client.TestRestTemplateContextCustomizer@3e0efa20, org.springframework.boot.test.context.SpringBootTestArgs@1, org.springframework.boot.test.context.SpringBootTestWebEnvironment@66756b6d], resourceBasePath = 'src/main/webapp', contextLoader = 'org.springframework.boot.test.context.SpringBootContextLoader', parent = [null]], attributes = map['org.springframework.test.context.web.ServletTestExecutionListener.activateListener' -> true]], class annotated with @DirtiesContext [false] with mode [null].
19:52:54.631 [Test worker] DEBUG org.springframework.test.context.support.TestPropertySourceUtils - Adding inlined properties to environment: {spring.jmx.enabled=false, org.springframework.boot.test.context.SpringBootTestContextBootstrapper=true}

  .   ____          _            __ _ _
 /\\ / ___'_ __ _ _(_)_ __  __ _ \ \ \ \
( ( )\___ | '_ | '_| | '_ \/ _` | \ \ \ \
 \\/  ___)| |_)| | | | | || (_| |  ) ) ) )
  '  |____| .__|_| |_|_| |_\__, | / / / /
 =========|_|==============|___/=/_/_/_/
 :: Spring Boot ::        (v2.3.9.RELEASE)

2021-07-29 19:52:58.008  INFO 2100 --- [    Test worker] i.CommonControllerIntegrationTest        : No active profile set, falling back to default profiles: default
2021-07-29 19:52:59.756  INFO 2100 --- [    Test worker] .s.d.r.c.RepositoryConfigurationDelegate : Bootstrapping Spring Data MongoDB repositories in DEFAULT mode.
2021-07-29 19:52:59.791  INFO 2100 --- [    Test worker] .s.d.r.c.RepositoryConfigurationDelegate : Finished Spring Data repository scanning in 24ms. Found 0 MongoDB repository interfaces.
2021-07-29 19:53:00.148  INFO 2100 --- [    Test worker] o.s.cloud.context.scope.GenericScope     : BeanFactory id=dd6dc6c3-4c40-332e-8b4e-e66e3f0e2d61
2021-07-29 19:53:00.250  INFO 2100 --- [    Test worker] trationDelegate$BeanPostProcessorChecker : Bean 'userInterface.proxy.NoteProxy' of type [org.springframework.cloud.openfeign.FeignClientFactoryBean] is not eligible for getting processed by all BeanPostProcessors (for example: not eligible for auto-proxying)
2021-07-29 19:53:00.251  INFO 2100 --- [    Test worker] trationDelegate$BeanPostProcessorChecker : Bean 'userInterface.proxy.PatientProxy' of type [org.springframework.cloud.openfeign.FeignClientFactoryBean] is not eligible for getting processed by all BeanPostProcessors (for example: not eligible for auto-proxying)
2021-07-29 19:53:00.473  INFO 2100 --- [    Test worker] CommonController                         : CommonController()
2021-07-29 19:53:00.475  INFO 2100 --- [    Test worker] PatientService                           : PatientInformationService()
2021-07-29 19:53:00.481  INFO 2100 --- [    Test worker] PatientService                           : PatientInformationService()
2021-07-29 19:53:01.226  INFO 2100 --- [    Test worker] NoteService                              : PatientNoteService()
2021-07-29 19:53:01.283  INFO 2100 --- [    Test worker] NoteController                           : NoteController()
2021-07-29 19:53:01.284  INFO 2100 --- [    Test worker] NoteService                              : PatientNoteService()
2021-07-29 19:53:01.289  INFO 2100 --- [    Test worker] PatientController                        : PatientController()
2021-07-29 19:53:01.290  INFO 2100 --- [    Test worker] PatientService                           : PatientInformationService()
2021-07-29 19:53:01.533  WARN 2100 --- [    Test worker] c.n.c.sources.URLConfigurationSource     : No URLs will be polled as dynamic configuration sources.
2021-07-29 19:53:01.533  INFO 2100 --- [    Test worker] c.n.c.sources.URLConfigurationSource     : To enable URLs as dynamic configuration sources, define System property archaius.configurationSource.additionalUrls or make config.properties available on classpath.
2021-07-29 19:53:01.549  WARN 2100 --- [    Test worker] c.n.c.sources.URLConfigurationSource     : No URLs will be polled as dynamic configuration sources.
2021-07-29 19:53:01.549  INFO 2100 --- [    Test worker] c.n.c.sources.URLConfigurationSource     : To enable URLs as dynamic configuration sources, define System property archaius.configurationSource.additionalUrls or make config.properties available on classpath.
2021-07-29 19:53:02.076  INFO 2100 --- [    Test worker] o.s.s.concurrent.ThreadPoolTaskExecutor  : Initializing ExecutorService 'applicationTaskExecutor'
2021-07-29 19:53:02.913  INFO 2100 --- [    Test worker] org.mongodb.driver.cluster               : Cluster created with settings {hosts=[localhost:27017], mode=SINGLE, requiredClusterType=UNKNOWN, serverSelectionTimeout='30000 ms'}
2021-07-29 19:53:03.029  INFO 2100 --- [localhost:27017] org.mongodb.driver.connection            : Opened connection [connectionId{localValue:1, serverValue:294}] to localhost:27017
2021-07-29 19:53:03.037  INFO 2100 --- [localhost:27017] org.mongodb.driver.cluster               : Monitor thread successfully connected to server with description ServerDescription{address=localhost:27017, type=STANDALONE, state=CONNECTED, ok=true, minWireVersion=0, maxWireVersion=13, maxDocumentSize=16777216, logicalSessionTimeoutMinutes=30, roundTripTimeNanos=4772900}
2021-07-29 19:53:04.204  INFO 2100 --- [    Test worker] o.s.b.a.e.web.EndpointLinksResolver      : Exposing 2 endpoint(s) beneath base path '/actuator'
2021-07-29 19:53:04.317  INFO 2100 --- [    Test worker] i.CommonControllerIntegrationTest        : Started CommonControllerIntegrationTest in 9.645 seconds (JVM running for 12.225)
2021-07-29 19:53:05.138  INFO 2100 --- [    Test worker] o.s.b.t.m.w.SpringBootMockServletContext : Initializing Spring TestDispatcherServlet ''
2021-07-29 19:53:05.143  INFO 2100 --- [    Test worker] o.s.t.web.servlet.TestDispatcherServlet  : Initializing Servlet ''
2021-07-29 19:53:05.170  INFO 2100 --- [    Test worker] o.s.t.web.servlet.TestDispatcherServlet  : Completed initialization in 27 ms
2021-07-29 19:53:05.262  INFO 2100 --- [    Test worker] CommonController                         : listPatient({})
2021-07-29 19:53:05.263  INFO 2100 --- [    Test worker] PatientService                           : list()
2021-07-29 19:53:06.251  INFO 2100 --- [    Test worker] o.s.b.t.m.w.SpringBootMockServletContext : Initializing Spring TestDispatcherServlet ''
2021-07-29 19:53:06.251  INFO 2100 --- [    Test worker] o.s.t.web.servlet.TestDispatcherServlet  : Initializing Servlet ''
2021-07-29 19:53:06.255  INFO 2100 --- [    Test worker] o.s.t.web.servlet.TestDispatcherServlet  : Completed initialization in 4 ms
2021-07-29 19:53:06.266  INFO 2100 --- [    Test worker] CommonController                         : openPatient(1,{})
2021-07-29 19:53:06.266  INFO 2100 --- [    Test worker] PatientService                           : select(1)
2021-07-29 19:53:06.277  INFO 2100 --- [    Test worker] NoteService                              : list(1)
]]></system-out>
  <system-err><![CDATA[]]></system-err>
</testsuite>
