<?xml version="1.0" encoding="UTF-8"?>
<testsuite name="integration.PatientControllerIntegrationTest" tests="5" skipped="0" failures="0" errors="0" timestamp="2021-08-10T13:33:29" hostname="PC-ANTOINE" time="0.747">
  <properties/>
  <testcase name="add()" classname="integration.PatientControllerIntegrationTest" time="0.039"/>
  <testcase name="insert()" classname="integration.PatientControllerIntegrationTest" time="0.4"/>
  <testcase name="edit()" classname="integration.PatientControllerIntegrationTest" time="0.088"/>
  <testcase name="update()" classname="integration.PatientControllerIntegrationTest" time="0.111"/>
  <testcase name="delete()" classname="integration.PatientControllerIntegrationTest" time="0.103"/>
  <system-out><![CDATA[2021-08-10 15:33:29.044  INFO 13476 --- [    Test worker] .b.t.c.SpringBootTestContextBootstrapper : Neither @ContextConfiguration nor @ContextHierarchy found for test class [integration.PatientControllerIntegrationTest], using SpringBootContextLoader
2021-08-10 15:33:29.046  INFO 13476 --- [    Test worker] o.s.t.c.support.AbstractContextLoader    : Could not detect default resource locations for test class [integration.PatientControllerIntegrationTest]: no resource found for suffixes {-context.xml, Context.groovy}.
2021-08-10 15:33:29.050  INFO 13476 --- [    Test worker] .b.t.c.SpringBootTestContextBootstrapper : Loaded default TestExecutionListener class names from location [META-INF/spring.factories]: [org.springframework.boot.test.autoconfigure.restdocs.RestDocsTestExecutionListener, org.springframework.boot.test.autoconfigure.web.client.MockRestServiceServerResetTestExecutionListener, org.springframework.boot.test.autoconfigure.web.servlet.MockMvcPrintOnlyOnFailureTestExecutionListener, org.springframework.boot.test.autoconfigure.web.servlet.WebDriverTestExecutionListener, org.springframework.boot.test.autoconfigure.webservices.client.MockWebServiceServerTestExecutionListener, org.springframework.boot.test.mock.mockito.MockitoTestExecutionListener, org.springframework.boot.test.mock.mockito.ResetMocksTestExecutionListener, org.springframework.test.context.web.ServletTestExecutionListener, org.springframework.test.context.support.DirtiesContextBeforeModesTestExecutionListener, org.springframework.test.context.support.DependencyInjectionTestExecutionListener, org.springframework.test.context.support.DirtiesContextTestExecutionListener, org.springframework.test.context.transaction.TransactionalTestExecutionListener, org.springframework.test.context.jdbc.SqlScriptsTestExecutionListener, org.springframework.test.context.event.EventPublishingTestExecutionListener]
2021-08-10 15:33:29.052  INFO 13476 --- [    Test worker] .b.t.c.SpringBootTestContextBootstrapper : Using TestExecutionListeners: [org.springframework.test.context.web.ServletTestExecutionListener@338bae33, org.springframework.test.context.support.DirtiesContextBeforeModesTestExecutionListener@52b4a3d6, org.springframework.boot.test.mock.mockito.MockitoTestExecutionListener@29727dc8, org.springframework.boot.test.autoconfigure.SpringBootDependencyInjectionTestExecutionListener@2b781345, org.springframework.test.context.support.DirtiesContextTestExecutionListener@456cda2f, org.springframework.test.context.event.EventPublishingTestExecutionListener@32317b47, org.springframework.boot.test.autoconfigure.restdocs.RestDocsTestExecutionListener@897dcf4, org.springframework.boot.test.autoconfigure.web.client.MockRestServiceServerResetTestExecutionListener@639e0498, org.springframework.boot.test.autoconfigure.web.servlet.MockMvcPrintOnlyOnFailureTestExecutionListener@40800766, org.springframework.boot.test.autoconfigure.web.servlet.WebDriverTestExecutionListener@79d2a772, org.springframework.boot.test.autoconfigure.webservices.client.MockWebServiceServerTestExecutionListener@4f14b4c0, org.springframework.boot.test.mock.mockito.ResetMocksTestExecutionListener@5cbdc37e]
2021-08-10 15:33:29.060  INFO 13476 --- [    Test worker] o.s.b.t.m.w.SpringBootMockServletContext : Initializing Spring TestDispatcherServlet ''
2021-08-10 15:33:29.060  INFO 13476 --- [    Test worker] o.s.t.web.servlet.TestDispatcherServlet  : Initializing Servlet ''
2021-08-10 15:33:29.063  INFO 13476 --- [    Test worker] o.s.t.web.servlet.TestDispatcherServlet  : Completed initialization in 3 ms
2021-08-10 15:33:29.067  INFO 13476 --- [    Test worker] PatientController                        : addPatient(userInterface.model.Patient@1a9b9119,{patient=userInterface.model.Patient@1a9b9119, org.springframework.validation.BindingResult.patient=org.springframework.validation.BeanPropertyBindingResult: 0 errors})
2021-08-10 15:33:29.098  INFO 13476 --- [    Test worker] o.s.b.t.m.w.SpringBootMockServletContext : Initializing Spring TestDispatcherServlet ''
2021-08-10 15:33:29.099  INFO 13476 --- [    Test worker] o.s.t.web.servlet.TestDispatcherServlet  : Initializing Servlet ''
2021-08-10 15:33:29.102  INFO 13476 --- [    Test worker] o.s.t.web.servlet.TestDispatcherServlet  : Completed initialization in 3 ms
2021-08-10 15:33:29.116  INFO 13476 --- [    Test worker] PatientController                        : insert(userInterface.model.Patient@6f59dfe0,org.springframework.validation.BeanPropertyBindingResult: 0 errors,{patient=userInterface.model.Patient@6f59dfe0, org.springframework.validation.BindingResult.patient=org.springframework.validation.BeanPropertyBindingResult: 0 errors})
2021-08-10 15:33:29.116  INFO 13476 --- [    Test worker] PatientService                           : insert(userInterface.model.Patient@6f59dfe0)
2021-08-10 15:33:29.500  INFO 13476 --- [    Test worker] o.s.b.t.m.w.SpringBootMockServletContext : Initializing Spring TestDispatcherServlet ''
2021-08-10 15:33:29.501  INFO 13476 --- [    Test worker] o.s.t.web.servlet.TestDispatcherServlet  : Initializing Servlet ''
2021-08-10 15:33:29.504  INFO 13476 --- [    Test worker] o.s.t.web.servlet.TestDispatcherServlet  : Completed initialization in 3 ms
2021-08-10 15:33:29.534  INFO 13476 --- [    Test worker] PatientController                        : editPatient(12,{})
2021-08-10 15:33:29.535  INFO 13476 --- [    Test worker] PatientService                           : select(12)
2021-08-10 15:33:29.589  INFO 13476 --- [    Test worker] o.s.b.t.m.w.SpringBootMockServletContext : Initializing Spring TestDispatcherServlet ''
2021-08-10 15:33:29.590  INFO 13476 --- [    Test worker] o.s.t.web.servlet.TestDispatcherServlet  : Initializing Servlet ''
2021-08-10 15:33:29.593  INFO 13476 --- [    Test worker] o.s.t.web.servlet.TestDispatcherServlet  : Completed initialization in 3 ms
2021-08-10 15:33:29.624  INFO 13476 --- [    Test worker] PatientController                        : update(12,userInterface.model.Patient@12f176a3,org.springframework.validation.BeanPropertyBindingResult: 0 errors,{patient=userInterface.model.Patient@12f176a3, org.springframework.validation.BindingResult.patient=org.springframework.validation.BeanPropertyBindingResult: 0 errors})
2021-08-10 15:33:29.625  INFO 13476 --- [    Test worker] PatientService                           : update(12,userInterface.model.Patient@12f176a3)
2021-08-10 15:33:29.703  INFO 13476 --- [    Test worker] o.s.b.t.m.w.SpringBootMockServletContext : Initializing Spring TestDispatcherServlet ''
2021-08-10 15:33:29.703  INFO 13476 --- [    Test worker] o.s.t.web.servlet.TestDispatcherServlet  : Initializing Servlet ''
2021-08-10 15:33:29.706  INFO 13476 --- [    Test worker] o.s.t.web.servlet.TestDispatcherServlet  : Completed initialization in 2 ms
2021-08-10 15:33:29.735  INFO 13476 --- [    Test worker] PatientController                        : delete(12,{})
2021-08-10 15:33:29.735  INFO 13476 --- [    Test worker] PatientService                           : delete(12)
]]></system-out>
  <system-err><![CDATA[]]></system-err>
</testsuite>
