<?xml version="1.0" encoding="UTF-8"?>
<testsuite name="unit.service.PatientServiceUnitTest" tests="5" skipped="0" failures="0" errors="0" timestamp="2021-08-10T10:34:13" hostname="PC-ANTOINE" time="0.014">
  <properties/>
  <testcase name="delete()" classname="unit.service.PatientServiceUnitTest" time="0.002"/>
  <testcase name="insert()" classname="unit.service.PatientServiceUnitTest" time="0.003"/>
  <testcase name="select()" classname="unit.service.PatientServiceUnitTest" time="0.003"/>
  <testcase name="update()" classname="unit.service.PatientServiceUnitTest" time="0.002"/>
  <testcase name="list()" classname="unit.service.PatientServiceUnitTest" time="0.002"/>
  <system-out><![CDATA[2021-08-10 12:34:13.425  INFO 3088 --- [    Test worker] PatientService                           : PatientInformationService(Mock for PatientProxy, hashCode: 749673416)
2021-08-10 12:34:13.426  INFO 3088 --- [    Test worker] PatientService                           : delete(1)
2021-08-10 12:34:13.428  INFO 3088 --- [    Test worker] PatientService                           : PatientInformationService(Mock for PatientProxy, hashCode: 1006477519)
2021-08-10 12:34:13.429  INFO 3088 --- [    Test worker] PatientService                           : insert(Mock for Patient, hashCode: 1401935243)
2021-08-10 12:34:13.431  INFO 3088 --- [    Test worker] PatientService                           : PatientInformationService(Mock for PatientProxy, hashCode: 1104580983)
2021-08-10 12:34:13.433  INFO 3088 --- [    Test worker] PatientService                           : select(1)
2021-08-10 12:34:13.435  INFO 3088 --- [    Test worker] PatientService                           : PatientInformationService(Mock for PatientProxy, hashCode: 368288734)
2021-08-10 12:34:13.435  INFO 3088 --- [    Test worker] PatientService                           : update(1,Mock for Patient, hashCode: 1138659959)
2021-08-10 12:34:13.437  INFO 3088 --- [    Test worker] PatientService                           : PatientInformationService(Mock for PatientProxy, hashCode: 1850749962)
2021-08-10 12:34:13.438  INFO 3088 --- [    Test worker] PatientService                           : list()
]]></system-out>
  <system-err><![CDATA[]]></system-err>
</testsuite>
