<?xml version="1.0" encoding="UTF-8"?>
<testsuite name="unit.controller.PatientControllerIUnitTest" tests="5" skipped="0" failures="0" errors="0" timestamp="2021-08-10T10:34:13" hostname="PC-ANTOINE" time="0.066">
  <properties/>
  <testcase name="delete()" classname="unit.controller.PatientControllerIUnitTest" time="0.001"/>
  <testcase name="insert()" classname="unit.controller.PatientControllerIUnitTest" time="0.052"/>
  <testcase name="update()" classname="unit.controller.PatientControllerIUnitTest" time="0.004"/>
  <testcase name="editPatient()" classname="unit.controller.PatientControllerIUnitTest" time="0.003"/>
  <testcase name="addPatient()" classname="unit.controller.PatientControllerIUnitTest" time="0.002"/>
  <system-out><![CDATA[2021-08-10 12:34:13.203  INFO 3088 --- [    Test worker] PatientController                        : PatientController(Mock for PatientServiceInterface, hashCode: 254288383)
2021-08-10 12:34:13.203  INFO 3088 --- [    Test worker] PatientController                        : delete(1,Mock for Model, hashCode: 63315439)
2021-08-10 12:34:13.205  INFO 3088 --- [    Test worker] PatientController                        : PatientController(Mock for PatientServiceInterface, hashCode: 829845783)
2021-08-10 12:34:13.255  INFO 3088 --- [    Test worker] PatientController                        : insert(Mock for Patient, hashCode: 1162447707,Mock for BindingResult, hashCode: 173571827,Mock for Model, hashCode: 1336213140)
2021-08-10 12:34:13.258  INFO 3088 --- [    Test worker] PatientController                        : PatientController(Mock for PatientServiceInterface, hashCode: 426657424)
2021-08-10 12:34:13.260  INFO 3088 --- [    Test worker] PatientController                        : update(1,Mock for Patient, hashCode: 276039093,Mock for BindingResult, hashCode: 1494372014,Mock for Model, hashCode: 833248070)
2021-08-10 12:34:13.263  INFO 3088 --- [    Test worker] PatientController                        : PatientController(Mock for PatientServiceInterface, hashCode: 1520156965)
2021-08-10 12:34:13.264  INFO 3088 --- [    Test worker] PatientController                        : editPatient(1,Mock for Model, hashCode: 1785871982)
2021-08-10 12:34:13.266  INFO 3088 --- [    Test worker] PatientController                        : PatientController(Mock for PatientServiceInterface, hashCode: 559839920)
2021-08-10 12:34:13.267  INFO 3088 --- [    Test worker] PatientController                        : addPatient(Mock for Patient, hashCode: 1112372662,Mock for Model, hashCode: 1180374579)
]]></system-out>
  <system-err><![CDATA[]]></system-err>
</testsuite>
