<?xml version="1.0" encoding="UTF-8"?>
<testsuite name="integration.NoteControllerIntegrationTest" tests="5" skipped="0" failures="0" errors="0" timestamp="2021-08-14T15:14:56" hostname="PC-ANTOINE" time="0.283">
  <properties/>
  <testcase name="add()" classname="integration.NoteControllerIntegrationTest" time="0.038"/>
  <testcase name="insert()" classname="integration.NoteControllerIntegrationTest" time="0.124"/>
  <testcase name="edit()" classname="integration.NoteControllerIntegrationTest" time="0.04"/>
  <testcase name="update()" classname="integration.NoteControllerIntegrationTest" time="0.036"/>
  <testcase name="delete()" classname="integration.NoteControllerIntegrationTest" time="0.038"/>
  <system-out><![CDATA[2021-08-14 17:14:56.728  INFO 16032 --- [    Test worker] .b.t.c.SpringBootTestContextBootstrapper : Neither @ContextConfiguration nor @ContextHierarchy found for test class [integration.NoteControllerIntegrationTest], using SpringBootContextLoader
2021-08-14 17:14:56.729  INFO 16032 --- [    Test worker] o.s.t.c.support.AbstractContextLoader    : Could not detect default resource locations for test class [integration.NoteControllerIntegrationTest]: no resource found for suffixes {-context.xml, Context.groovy}.
2021-08-14 17:14:56.734  INFO 16032 --- [    Test worker] .b.t.c.SpringBootTestContextBootstrapper : Loaded default TestExecutionListener class names from location [META-INF/spring.factories]: [org.springframework.boot.test.autoconfigure.restdocs.RestDocsTestExecutionListener, org.springframework.boot.test.autoconfigure.web.client.MockRestServiceServerResetTestExecutionListener, org.springframework.boot.test.autoconfigure.web.servlet.MockMvcPrintOnlyOnFailureTestExecutionListener, org.springframework.boot.test.autoconfigure.web.servlet.WebDriverTestExecutionListener, org.springframework.boot.test.autoconfigure.webservices.client.MockWebServiceServerTestExecutionListener, org.springframework.boot.test.mock.mockito.MockitoTestExecutionListener, org.springframework.boot.test.mock.mockito.ResetMocksTestExecutionListener, org.springframework.test.context.web.ServletTestExecutionListener, org.springframework.test.context.support.DirtiesContextBeforeModesTestExecutionListener, org.springframework.test.context.support.DependencyInjectionTestExecutionListener, org.springframework.test.context.support.DirtiesContextTestExecutionListener, org.springframework.test.context.transaction.TransactionalTestExecutionListener, org.springframework.test.context.jdbc.SqlScriptsTestExecutionListener, org.springframework.test.context.event.EventPublishingTestExecutionListener]
2021-08-14 17:14:56.736  INFO 16032 --- [    Test worker] .b.t.c.SpringBootTestContextBootstrapper : Using TestExecutionListeners: [org.springframework.test.context.web.ServletTestExecutionListener@77f2d446, org.springframework.test.context.support.DirtiesContextBeforeModesTestExecutionListener@47271cec, org.springframework.boot.test.mock.mockito.MockitoTestExecutionListener@38ffe4e5, org.springframework.boot.test.autoconfigure.SpringBootDependencyInjectionTestExecutionListener@2195f055, org.springframework.test.context.support.DirtiesContextTestExecutionListener@402440c5, org.springframework.test.context.event.EventPublishingTestExecutionListener@3f9be451, org.springframework.boot.test.autoconfigure.restdocs.RestDocsTestExecutionListener@7884e78b, org.springframework.boot.test.autoconfigure.web.client.MockRestServiceServerResetTestExecutionListener@761da796, org.springframework.boot.test.autoconfigure.web.servlet.MockMvcPrintOnlyOnFailureTestExecutionListener@14ddf3f8, org.springframework.boot.test.autoconfigure.web.servlet.WebDriverTestExecutionListener@7404245e, org.springframework.boot.test.autoconfigure.webservices.client.MockWebServiceServerTestExecutionListener@2be32dea, org.springframework.boot.test.mock.mockito.ResetMocksTestExecutionListener@30d91e17]
2021-08-14 17:14:56.744  INFO 16032 --- [    Test worker] o.s.b.t.m.w.SpringBootMockServletContext : Initializing Spring TestDispatcherServlet ''
2021-08-14 17:14:56.744  INFO 16032 --- [    Test worker] o.s.t.web.servlet.TestDispatcherServlet  : Initializing Servlet ''
2021-08-14 17:14:56.746  INFO 16032 --- [    Test worker] o.s.t.web.servlet.TestDispatcherServlet  : Completed initialization in 2 ms
2021-08-14 17:14:56.752  INFO 16032 --- [    Test worker] NoteController                           : add(999999999,userInterface.model.Note@e60367f,{note=userInterface.model.Note@e60367f, org.springframework.validation.BindingResult.note=org.springframework.validation.BeanPropertyBindingResult: 0 errors})
2021-08-14 17:14:56.783  INFO 16032 --- [    Test worker] o.s.b.t.m.w.SpringBootMockServletContext : Initializing Spring TestDispatcherServlet ''
2021-08-14 17:14:56.783  INFO 16032 --- [    Test worker] o.s.t.web.servlet.TestDispatcherServlet  : Initializing Servlet ''
2021-08-14 17:14:56.785  INFO 16032 --- [    Test worker] o.s.t.web.servlet.TestDispatcherServlet  : Completed initialization in 2 ms
2021-08-14 17:14:56.880  INFO 16032 --- [    Test worker] NoteController                           : insert(userInterface.model.Note@76a3f775,org.springframework.validation.BeanPropertyBindingResult: 0 errors,{},{note=userInterface.model.Note@76a3f775, org.springframework.validation.BindingResult.note=org.springframework.validation.BeanPropertyBindingResult: 0 errors})
2021-08-14 17:14:56.880  INFO 16032 --- [    Test worker] NoteService                              : insert(userInterface.model.Note@76a3f775)
2021-08-14 17:14:56.908  INFO 16032 --- [    Test worker] o.s.b.t.m.w.SpringBootMockServletContext : Initializing Spring TestDispatcherServlet ''
2021-08-14 17:14:56.908  INFO 16032 --- [    Test worker] o.s.t.web.servlet.TestDispatcherServlet  : Initializing Servlet ''
2021-08-14 17:14:56.910  INFO 16032 --- [    Test worker] o.s.t.web.servlet.TestDispatcherServlet  : Completed initialization in 2 ms
2021-08-14 17:14:56.922  INFO 16032 --- [    Test worker] NoteController                           : editNote(999999999,6117ddf091ce725e666b7af9,{})
2021-08-14 17:14:56.922  INFO 16032 --- [    Test worker] NoteService                              : select(6117ddf091ce725e666b7af9)
2021-08-14 17:14:56.951  INFO 16032 --- [    Test worker] o.s.b.t.m.w.SpringBootMockServletContext : Initializing Spring TestDispatcherServlet ''
2021-08-14 17:14:56.951  INFO 16032 --- [    Test worker] o.s.t.web.servlet.TestDispatcherServlet  : Initializing Servlet ''
2021-08-14 17:14:56.954  INFO 16032 --- [    Test worker] o.s.t.web.servlet.TestDispatcherServlet  : Completed initialization in 3 ms
2021-08-14 17:14:56.968  INFO 16032 --- [    Test worker] NoteController                           : update(6117ddf091ce725e666b7af9,userInterface.model.Note@1b0d1bb6,org.springframework.validation.BeanPropertyBindingResult: 0 errors,{note=userInterface.model.Note@1b0d1bb6, org.springframework.validation.BindingResult.note=org.springframework.validation.BeanPropertyBindingResult: 0 errors})
2021-08-14 17:14:56.968  INFO 16032 --- [    Test worker] NoteService                              : update(6117ddf091ce725e666b7af9,userInterface.model.Note@1b0d1bb6)
2021-08-14 17:14:56.988  INFO 16032 --- [    Test worker] o.s.b.t.m.w.SpringBootMockServletContext : Initializing Spring TestDispatcherServlet ''
2021-08-14 17:14:56.989  INFO 16032 --- [    Test worker] o.s.t.web.servlet.TestDispatcherServlet  : Initializing Servlet ''
2021-08-14 17:14:56.990  INFO 16032 --- [    Test worker] o.s.t.web.servlet.TestDispatcherServlet  : Completed initialization in 1 ms
2021-08-14 17:14:57.008  INFO 16032 --- [    Test worker] NoteController                           : delete(999999999,6117ddf091ce725e666b7af9,{})
2021-08-14 17:14:57.008  INFO 16032 --- [    Test worker] NoteService                              : delete(6117ddf091ce725e666b7af9)
]]></system-out>
  <system-err><![CDATA[]]></system-err>
</testsuite>
